Removed Pin From Net: NetName=NetC3_2 Pin=C3-2
Removed Pin From Net: NetName=NetC4_1 Pin=C4-1
Removed Pin From Net: NetName=NetC7_1 Pin=C7-1
Removed Pin From Net: NetName=NetC1_2 Pin=C7-2
Removed Pin From Net: NetName=NetAXP1_LDO1 Pin=C18-1
Removed Pin From Net: NetName=NetAllwinner A1_VDD6_CPU Pin=C18-2
Removed Pin From Net: NetName=NetAXP1_LDO1 Pin=C27-1
Removed Pin From Net: NetName=NetAllwinner A1_VCC1 Pin=C27-2
Removed Pin From Net: NetName=NetAXP1_LDO1 Pin=C28-2
Removed Pin From Net: NetName=NetAllwinner A1_X24MIN Pin=C30-1
Removed Pin From Net: NetName=NetAllwinner A1_X24OUT Pin=C31-2
Removed Pin From Net: NetName=NetAllwinner A1_VCC1 Pin=C33-2
Removed Pin From Net: NetName=NetC37_1 Pin=C37-1
Removed Pin From Net: NetName=NetAXP1_LDO1 Pin=C40-1
Removed Pin From Net: NetName=NetC37_1 Pin=L1-2
Removed Pin From Net: NetName=NetC4_1 Pin=R1-2
Removed Pin From Net: NetName=NetR2_1 Pin=R2-1
Removed Pin From Net: NetName=NetC11_1 Pin=R2-2
Removed Pin From Net: NetName=NetD1_A Pin=R7-2
Removed Pin From Net: NetName=NetAllwinner A1_VCC1 Pin=U2-1
Removed Pin From Net: NetName=NetAllwinner A1_DDR3_DQS0 Pin=U2-5
Removed Pin From Net: NetName=NetAllwinner A1_DDR3_DQS1 Pin=U2-11
Removed Pin From Net: NetName=NetAllwinner A1_VCC1 Pin=U2-14
Removed Pin From Net: NetName=NetAllwinner A1_DDR3_CAS Pin=U2-17
Removed Pin From Net: NetName=NetAllwinner A1_DDR3_BA0 Pin=U2-20
Removed Pin From Net: NetName=NetAllwinner A1_DDR3_A10 Pin=U2-22
Removed Pin From Net: NetName=NetAllwinner A1_DDR3_A0 Pin=U2-23
Removed Pin From Net: NetName=NetAllwinner A1_DDR3_A1 Pin=U2-24
Removed Pin From Net: NetName=NetAllwinner A1_DDR3_A2 Pin=U2-25
Removed Pin From Net: NetName=NetAllwinner A1_DDR3_A3 Pin=U2-26
Removed Pin From Net: NetName=NetAllwinner A1_VCC1 Pin=U2-27
Removed Pin From Net: NetName=NetAllwinner A1_DDR3_A4 Pin=U2-29
Removed Pin From Net: NetName=NetAllwinner A1_DDR3_A5 Pin=U2-30
Removed Pin From Net: NetName=NetAllwinner A1_DDR3_A6 Pin=U2-31
Removed Pin From Net: NetName=NetAllwinner A1_DDR3_A7 Pin=U2-32
Removed Pin From Net: NetName=NetAllwinner A1_DDR3_A8 Pin=U2-33
Removed Pin From Net: NetName=NetAllwinner A1_DDR3_A9 Pin=U2-34
Removed Pin From Net: NetName=NetAllwinner A1_DDR3_A11 Pin=U2-35
Removed Pin From Net: NetName=NetAllwinner A1_DDR3_A12 Pin=U2-36
Removed Pin From Net: NetName=NetAllwinner A1_DDR3_CKE Pin=U2-37
Change Component Footprint: Designator=U2 Old Footprint=54_TSOP2_400AF_N New Footprint=MAX247
Change Component Footprint: Designator=R2 Old Footprint=AXIAL-0.4 New Footprint=AXIAL-0.3
Change Component Comment : Designator=U2 Old Comment=K4S510432B-TC75 New Comment=3.3V positive regulator
Change Component Comment : Designator=R2 Old Comment=Res2 New Comment=Res1
Change Component Designator: OldDesignator=C1 NewDesignator=C16
Change Component Designator: OldDesignator=C2 NewDesignator=C19
Change Component Designator: OldDesignator=C4 NewDesignator=C1
Change Component Designator: OldDesignator=C5 NewDesignator=C12
Change Component Designator: OldDesignator=C6 NewDesignator=C11
Change Component Designator: OldDesignator=C8 NewDesignator=C14
Change Component Designator: OldDesignator=C9 NewDesignator=C10
Change Component Designator: OldDesignator=C10 NewDesignator=C24
Change Component Designator: OldDesignator=C11 NewDesignator=C21
Change Component Designator: OldDesignator=C12 NewDesignator=C5
Change Component Designator: OldDesignator=C13 NewDesignator=C22
Change Component Designator: OldDesignator=C14 NewDesignator=C26
Change Component Designator: OldDesignator=C16 NewDesignator=C31
Change Component Designator: OldDesignator=C17 NewDesignator=C32
Change Component Designator: OldDesignator=C19 NewDesignator=C34
Change Component Designator: OldDesignator=C20 NewDesignator=C35
Change Component Designator: OldDesignator=C21 NewDesignator=C17
Change Component Designator: OldDesignator=C22 NewDesignator=C36
Change Component Designator: OldDesignator=C23 NewDesignator=C37
Change Component Designator: OldDesignator=C24 NewDesignator=C30
Change Component Designator: OldDesignator=C25 NewDesignator=C38
Change Component Designator: OldDesignator=C26 NewDesignator=C6
Change Component Designator: OldDesignator=C29 NewDesignator=C2
Change Component Designator: OldDesignator=C30 NewDesignator=C25
Change Component Designator: OldDesignator=C31 NewDesignator=C23
Change Component Designator: OldDesignator=C32 NewDesignator=C3
Change Component Designator: OldDesignator=C34 NewDesignator=C42
Change Component Designator: OldDesignator=C35 NewDesignator=C13
Change Component Designator: OldDesignator=C36 NewDesignator=C43
Change Component Designator: OldDesignator=C37 NewDesignator=C9
Change Component Designator: OldDesignator=C38 NewDesignator=C8
Change Component Designator: OldDesignator=C39 NewDesignator=C44
Change Component Designator: OldDesignator=C41 NewDesignator=C46
Change Component Designator: OldDesignator=C42 NewDesignator=C47
Change Component Designator: OldDesignator=C43 NewDesignator=C48
Change Component Designator: OldDesignator=C44 NewDesignator=C49
Change Component Designator: OldDesignator=C45 NewDesignator=C50
Change Component Designator: OldDesignator=PCMBlue NewDesignator=PCMBlue1
Change Component Designator: OldDesignator=PCMGreen NewDesignator=PCMGreen1
Change Component Designator: OldDesignator=PCMRed NewDesignator=PCMRed1
Change Component Designator: OldDesignator=R3 NewDesignator=R4
Change Component Designator: OldDesignator=R4 NewDesignator=R6
Change Component Designator: OldDesignator=R5 NewDesignator=R3
Change Component Designator: OldDesignator=R6 NewDesignator=R1
Change Component Designator: OldDesignator=R8 NewDesignator=R9
Change Component Designator: OldDesignator=R9 NewDesignator=R7
Added Component: Designator=C4(RAD-0.3)
Added Component: Designator=C20(RAD-0.3)
Added Component: Designator=C29(RAD-0.3)
Added Component: Designator=C39(RAD-0.3)
Added Component: Designator=C41(RAD-0.3)
Added Component: Designator=C45(RAD-0.3)
Added Component: Designator=R5(J1-0603)
Added Component: Designator=R8(AXIAL-0.4)
Added Component: Designator=U3(MAX247)
Added Component: Designator=U4(MAX247)
Added Component: Designator=U6(MAX247)
Added Component: Designator=U7(MAX247)
Added Component: Designator=U8(MAX247)
Added Component: Designator=U9(MAX247)
Added Pin To Net: NetName=NetC4_1 Pin=C4-1
Added Pin To Net: NetName=NetC3_2 Pin=C4-2
Added Pin To Net: NetName=NetAXP1_LDO1 Pin=C7-2
Added Pin To Net: NetName=NetAXP1_LDO1 Pin=C15-2
Added Pin To Net: NetName=NetAXP1_LDO2 Pin=C18-1
Added Pin To Net: NetName=NetAXP1_LDO1 Pin=C18-2
Added Pin To Net: NetName=NetC7_1 Pin=C20-1
Added Pin To Net: NetName=NetC1_2 Pin=C20-2
Added Pin To Net: NetName=NetC31_2 Pin=C23-2
Added Pin To Net: NetName=NetC30_1 Pin=C25-1
Added Pin To Net: NetName=NetAllwinner A1_X24MIN Pin=C27-1
Added Pin To Net: NetName=NetAllwinner A1_X24OUT Pin=C28-2
Added Pin To Net: NetName=NetAllwinner A1_VDD6_CPU Pin=C33-2
Added Pin To Net: NetName=NetC37_1 Pin=C37-1
Added Pin To Net: NetName=NetAXP1_LDO1 Pin=C39-1
Added Pin To Net: NetName=NetAllwinner A1_VCC1 Pin=C39-2
Added Pin To Net: NetName=NetAXP1_LDO1 Pin=C40-2
Added Pin To Net: NetName=NetAXP1_LDO1 Pin=C41-1
Added Pin To Net: NetName=NetAllwinner A1_VCC1 Pin=C41-2
Added Pin To Net: NetName=NetAXP1_LDO1 Pin=C45-1
Added Pin To Net: NetName=NetC4_1 Pin=R2-1
Added Pin To Net: NetName=NetC4_1 Pin=R4-2
Added Pin To Net: NetName=NetD1_A Pin=R5-2
Added Pin To Net: NetName=NetR2_1 Pin=R8-1
Added Pin To Net: NetName=NetC11_1 Pin=R8-2
Added Pin To Net: NetName=NetIC*1_7 Pin=U1-1
Added Pin To Net: NetName=NetAXP1_LDO1 Pin=U1-2
Added Pin To Net: NetName=NetAllwinner A1_VDD6_CPU Pin=U3-1
Added Pin To Net: NetName=NetAXP1_LDO1 Pin=U3-2
Added Pin To Net: NetName=NetAXP1_LDO1 Pin=U4-2
Added Pin To Net: NetName=NetC37_1 Pin=U4-3
Added Pin To Net: NetName=NetAllwinner A1_VCC1 Pin=U6-1
Added Pin To Net: NetName=NetAXP1_LDO1 Pin=U6-2
Added Pin To Net: NetName=NetAXP1_LDO1 Pin=U7-2
Added Pin To Net: NetName=NetAXP1_LDO1 Pin=U8-2
Added Pin To Net: NetName=NetAllwinner A1_VCC2_DRAM Pin=U9-1
Added Pin To Net: NetName=NetAXP1_LDO1 Pin=U9-2
Change Net Name : Old Net Name=NetC1_1 New Net Name=NetC16_1
Change Net Name : Old Net Name=NetC1_2 New Net Name=NetC16_2
Change Net Name : Old Net Name=NetC2_1 New Net Name=NetC19_1
Change Net Name : Old Net Name=NetC3_2 New Net Name=NetC1_2
Change Net Name : Old Net Name=NetC7_1 New Net Name=NetC20_1
Change Net Name : Old Net Name=NetC8_1 New Net Name=NetC14_1
Change Net Name : Old Net Name=NetC8_2 New Net Name=NetC14_2
Change Net Name : Old Net Name=NetC10_2 New Net Name=NetC24_2
Change Net Name : Old Net Name=NetC11_1 New Net Name=NetC21_1
Change Net Name : Old Net Name=NetC12_1 New Net Name=NetC5_1
Change Net Name : Old Net Name=NetC12_2 New Net Name=NetC5_2
Change Net Name : Old Net Name=NetC22_2 New Net Name=NetC36_2
Change Net Name : Old Net Name=NetC26_1 New Net Name=NetC6_1
Change Net Name : Old Net Name=NetC26_2 New Net Name=NetC6_2
Change Net Name : Old Net Name=NetC29_1 New Net Name=NetC2_1
Change Net Name : Old Net Name=NetC29_2 New Net Name=NetC2_2
Change Net Name : Old Net Name=NetC30_1 New Net Name=NetC25_1
Change Net Name : Old Net Name=NetC30_2 New Net Name=NetC23_1
Change Net Name : Old Net Name=NetC31_2 New Net Name=NetC23_2
Change Net Name : Old Net Name=NetC32_1 New Net Name=NetC3_1
Change Net Name : Old Net Name=NetC34_2 New Net Name=NetC42_2
Change Net Name : Old Net Name=NetPCMBlue_12 New Net Name=NetPCMBlue1_12
Change Net Name : Old Net Name=NetPCMBlue_16 New Net Name=NetPCMBlue1_16
Change Net Name : Old Net Name=NetPCMRed_16 New Net Name=NetPCMRed1_16
Change Net Name : Old Net Name=NetR2_1 New Net Name=NetR8_1
Change Net Name : Old Net Name=NetR6_1 New Net Name=NetR1_1
Change Net Name : Old Net Name=NetR6_2 New Net Name=NetR1_2
Added Pin To Net: NetName=NetC1_1 Pin=C1-1
Added Pin To Net: NetName=NetC1_1 Pin=R2-2
Added Net: Name=NetC1_1
Added Pin To Net: NetName=NetC3_2 Pin=C3-2
Added Pin To Net: NetName=NetC3_2 Pin=R5-1
Added Net: Name=NetC3_2
Added Pin To Net: NetName=NetC7_1 Pin=C7-1
Added Pin To Net: NetName=NetC7_1 Pin=C9-1
Added Pin To Net: NetName=NetC7_1 Pin=L1-2
Added Net: Name=NetC7_1
Added Pin To Net: NetName=NetC12_1 Pin=C12-1
Added Pin To Net: NetName=NetC12_1 Pin=C15-1
Added Pin To Net: NetName=NetC12_1 Pin=L2-2
Added Net: Name=NetC12_1
Added Pin To Net: NetName=NetC27_2 Pin=C27-2
Added Pin To Net: NetName=NetC27_2 Pin=C28-1
Added Net: Name=NetC27_2
Added Pin To Net: NetName=NetC29_1 Pin=C29-1
Added Pin To Net: NetName=NetC29_1 Pin=C31-1
Added Pin To Net: NetName=NetC29_1 Pin=C32-2
Added Pin To Net: NetName=NetC29_1 Pin=U2-2
Added Net: Name=NetC29_1
Added Pin To Net: NetName=NetC29_2 Pin=C29-2
Added Pin To Net: NetName=NetC29_2 Pin=C31-2
Added Pin To Net: NetName=NetC29_2 Pin=LAN1-25
Added Pin To Net: NetName=NetC29_2 Pin=LAN1-35
Added Pin To Net: NetName=NetC29_2 Pin=LAN1-51
Added Pin To Net: NetName=NetC29_2 Pin=LAN1-52
Added Pin To Net: NetName=NetC29_2 Pin=U2-1
Added Net: Name=NetC29_2
Added Pin To Net: NetName=NetC30_1 Pin=C30-1
Added Net: Name=NetC30_1
Added Pin To Net: NetName=NetC30_2 Pin=C30-2
Added Pin To Net: NetName=NetC30_2 Pin=C32-1
Added Pin To Net: NetName=NetC30_2 Pin=U2-3
Added Net: Name=NetC30_2
Added Pin To Net: NetName=NetC34_1 Pin=C34-1
Added Pin To Net: NetName=NetC34_1 Pin=U3-3
Added Net: Name=NetC34_1
Added Pin To Net: NetName=NetC40_1 Pin=C40-1
Added Pin To Net: NetName=NetC40_1 Pin=U6-3
Added Net: Name=NetC40_1
Added Pin To Net: NetName=NetC43_1 Pin=C43-1
Added Pin To Net: NetName=NetC43_1 Pin=U7-3
Added Net: Name=NetC43_1
Added Pin To Net: NetName=NetC45_2 Pin=C45-2
Added Pin To Net: NetName=NetC45_2 Pin=C47-2
Added Net: Name=NetC45_2
Added Pin To Net: NetName=NetC46_1 Pin=C46-1
Added Pin To Net: NetName=NetC46_1 Pin=U8-3
Added Net: Name=NetC46_1
Added Pin To Net: NetName=NetC49_1 Pin=C49-1
Added Pin To Net: NetName=NetC49_1 Pin=U9-3
Added Net: Name=NetC49_1
Added Net: Name=NetU5_3
Added Net: Name=NetU5_6
Added Net: Name=NetU5_28
