Removed Pin From Net: NetName=NetC?_1 Pin=D?-C
Removed Pin From Net: NetName=GND Pin=IC4-4
Removed Pin From Net: NetName=NetC?_2 Pin=R?-1
Removed Pin From Net: NetName=NetD?_A Pin=R?-2
Removed Pin From Net: NetName=NetC2_2 Pin=S1-1A
Removed Pin From Net: NetName=NetC2_1 Pin=S1-NC
Removed Pin From Net: NetName=NetC2_2 Pin=U$4-PWRON
Removed Pin From Net: NetName=NetC?_1 Pin=U$7-52
Removed Pin From Net: NetName=NetU$11_USBDP6 Pin=U$11-USBDP6
Removed Pin From Net: NetName=NetX2_1 Pin=X2-1
Removed Pin From Net: NetName=NetX2_1 Pin=X2-1
Removed Pin From Net: NetName=NetX2_1 Pin=X2-1
Removed Pin From Net: NetName=NetX2_1 Pin=X4-1
Removed Pin From Net: NetName=NetX2_1 Pin=X4-1
Removed Pin From Net: NetName=NetX2_1 Pin=X4-1
Removed Pin From Net: NetName=NetU$11_USBDP6 Pin=X4-2
Removed Pin From Net: NetName=NetX2_1 Pin=X5-1
Removed Pin From Net: NetName=NetX2_1 Pin=X5-1
Removed Pin From Net: NetName=NetX2_1 Pin=X5-1
Removed Pin From Net: NetName=NetC?_1 Pin=X7-1
Removed Pin From Net: NetName=NetC?_1 Pin=X7-1
Removed Pin From Net: NetName=NetC?_1 Pin=X7-1
Added Component: Designator=C?(RAD-0.3)
Added Component: Designator=U?(TO92)
Added Pin To Net: NetName=NetC?_1 Pin=C?-1
Added Pin To Net: NetName=NetC?_1 Pin=C?-1
Added Pin To Net: NetName=NetC?_1 Pin=C?-1
Added Pin To Net: NetName=NetC?_1 Pin=C?-1
Added Pin To Net: NetName=NetC?_1 Pin=C?-1
Added Pin To Net: NetName=NetC?_1 Pin=C?-1
Added Pin To Net: NetName=NetC?_1 Pin=C?-1
Added Pin To Net: NetName=NetC?_1 Pin=C?-1
Added Pin To Net: NetName=NetC?_1 Pin=C?-1
Added Pin To Net: NetName=NetC?_1 Pin=C?-1
Added Pin To Net: NetName=NetC?_1 Pin=C?-1
Added Pin To Net: NetName=NetC?_1 Pin=C?-1
Added Pin To Net: NetName=NetC?_1 Pin=C?-1
Added Pin To Net: NetName=NetC?_1 Pin=C?-1
Added Pin To Net: NetName=NetC?_1 Pin=C?-1
Added Pin To Net: NetName=NetC?_1 Pin=C?-1
Added Pin To Net: NetName=NetC?_1 Pin=C?-1
Added Pin To Net: NetName=NetC?_1 Pin=C?-1
Added Pin To Net: NetName=NetC?_1 Pin=C?-1
Added Pin To Net: NetName=NetC?_1 Pin=C?-1
Added Pin To Net: NetName=NetC?_1 Pin=C?-1
Added Pin To Net: NetName=NetC?_1 Pin=C?-1
Added Pin To Net: NetName=NetC?_1 Pin=C?-1
Added Pin To Net: NetName=NetC?_1 Pin=C?-1
Added Pin To Net: NetName=NetC?_1 Pin=C?-1
Added Pin To Net: NetName=NetC?_1 Pin=C?-1
Added Pin To Net: NetName=NetC?_1 Pin=C?-1
Added Pin To Net: NetName=NetC?_1 Pin=C?-1
Added Pin To Net: NetName=NetC?_1 Pin=C?-1
Added Pin To Net: NetName=NetC?_1 Pin=C?-1
Added Pin To Net: NetName=NetC?_1 Pin=C?-1
Added Pin To Net: NetName=NetC?_2 Pin=C?-1
Added Pin To Net: NetName=NetC?_2 Pin=C?-1
Added Pin To Net: NetName=NetC?_2 Pin=C?-1
Added Pin To Net: NetName=NetC?_2 Pin=C?-1
Added Pin To Net: NetName=NetC?_2 Pin=C?-1
Added Pin To Net: NetName=NetC?_2 Pin=C?-1
Added Pin To Net: NetName=N$232 Pin=C?-2
Added Pin To Net: NetName=NetC?_1 Pin=C?-2
Added Pin To Net: NetName=NetC?_1 Pin=C?-2
Added Pin To Net: NetName=NetC?_1 Pin=C?-2
Added Pin To Net: NetName=NetC?_1 Pin=C?-2
Added Pin To Net: NetName=NetC?_1 Pin=C?-2
Added Pin To Net: NetName=NetC?_1 Pin=C?-2
Added Pin To Net: NetName=NetC?_1 Pin=C?-2
Added Pin To Net: NetName=NetC?_1 Pin=C?-2
Added Pin To Net: NetName=NetC?_1 Pin=C?-2
Added Pin To Net: NetName=NetC?_1 Pin=C?-2
Added Pin To Net: NetName=NetC?_1 Pin=C?-2
Added Pin To Net: NetName=NetC?_1 Pin=C?-2
Added Pin To Net: NetName=NetC?_2 Pin=C?-2
Added Pin To Net: NetName=NetC?_2 Pin=C?-2
Added Pin To Net: NetName=NetC?_2 Pin=C?-2
Added Pin To Net: NetName=NetC?_2 Pin=C?-2
Added Pin To Net: NetName=NetC?_2 Pin=C?-2
Added Pin To Net: NetName=NetC?_2 Pin=C?-2
Added Pin To Net: NetName=NetC?_2 Pin=C?-2
Added Pin To Net: NetName=NetC?_2 Pin=C?-2
Added Pin To Net: NetName=NetC?_2 Pin=C?-2
Added Pin To Net: NetName=NetC?_2 Pin=C?-2
Added Pin To Net: NetName=NetC?_2 Pin=C?-2
Added Pin To Net: NetName=NetC?_2 Pin=C?-2
Added Pin To Net: NetName=NetC?_2 Pin=C?-2
Added Pin To Net: NetName=NetC?_2 Pin=C?-2
Added Pin To Net: NetName=NetC?_2 Pin=C?-2
Added Pin To Net: NetName=NetC?_2 Pin=C?-2
Added Pin To Net: NetName=NetC?_2 Pin=C?-2
Added Pin To Net: NetName=NetC?_2 Pin=C?-2
Added Pin To Net: NetName=NetC?_2 Pin=C?-2
Added Pin To Net: NetName=NetC?_2 Pin=C?-2
Added Pin To Net: NetName=NetC?_2 Pin=C?-2
Added Pin To Net: NetName=NetU$11_USBDP6 Pin=C?-2
Added Pin To Net: NetName=NetX2_1 Pin=C?-2
Added Pin To Net: NetName=NetD?_A Pin=D?-A
Added Pin To Net: NetName=NetC?_1 Pin=D?-C
Added Pin To Net: NetName=NetC?_1 Pin=D?-C
Added Pin To Net: NetName=NetC?_1 Pin=D?-C
Added Pin To Net: NetName=NetC?_1 Pin=IC4-4
Added Pin To Net: NetName=NetC?_2 Pin=J19-1
Added Pin To Net: NetName=NetC?_2 Pin=J19-2
Added Pin To Net: NetName=NetC?_2 Pin=J25-1
Added Pin To Net: NetName=NetC?_1 Pin=J25-2
Added Pin To Net: NetName=NetC?_1 Pin=L?-1
Added Pin To Net: NetName=NetC?_2 Pin=L?-1
Added Pin To Net: NetName=NetC?_1 Pin=L?-2
Added Pin To Net: NetName=NetC?_2 Pin=MK?-2
Added Pin To Net: NetName=NetC?_1 Pin=R?-1
Added Pin To Net: NetName=NetC?_1 Pin=R?-1
Added Pin To Net: NetName=NetC?_2 Pin=R?-1
Added Pin To Net: NetName=NetC?_2 Pin=R?-1
Added Pin To Net: NetName=NetC?_2 Pin=R?-1
Added Pin To Net: NetName=NetC?_1 Pin=R?-2
Added Pin To Net: NetName=NetC?_1 Pin=R?-2
Added Pin To Net: NetName=NetD?_A Pin=R?-2
Added Pin To Net: NetName=NetD?_A Pin=R?-2
Added Pin To Net: NetName=NetD?_A Pin=R?-2
Added Pin To Net: NetName=NetC2_2 Pin=S1-1A
Added Pin To Net: NetName=NetC?_1 Pin=S1-1A
Added Pin To Net: NetName=NetC2_1 Pin=S1-NC
Added Pin To Net: NetName=NetC?_1 Pin=S1-NC
Added Pin To Net: NetName=NetC?_1 Pin=U$1-HPCOM
Added Pin To Net: NetName=NetC?_1 Pin=U$1-HPOUTL
Added Pin To Net: NetName=NetC?_1 Pin=U$1-HPOUTR
Added Pin To Net: NetName=NetC?_1 Pin=U$1-VMIC
Added Pin To Net: NetName=NetC?_2 Pin=U$3-1
Added Pin To Net: NetName=NetC?_2 Pin=U$3-2
Added Pin To Net: NetName=NetC?_1 Pin=U$3-13
Added Pin To Net: NetName=NetC?_2 Pin=U$3-14
Added Pin To Net: NetName=NetC?_2 Pin=U$3-15
Added Pin To Net: NetName=NetC?_2 Pin=U$3-25
Added Pin To Net: NetName=NetC?_2 Pin=U$3-26
Added Pin To Net: NetName=NetC?_1 Pin=U$3-29
Added Pin To Net: NetName=NetC?_1 Pin=U$3-30
Added Pin To Net: NetName=NetC?_1 Pin=U$3-35
Added Pin To Net: NetName=NetC?_2 Pin=U$3-39
Added Pin To Net: NetName=NetC?_2 Pin=U$3-40
Added Pin To Net: NetName=NetC?_2 Pin=U$4-ACIN1
Added Pin To Net: NetName=NetC?_2 Pin=U$4-ACIN
Added Pin To Net: NetName=NetC?_2 Pin=U$4-AGND
Added Pin To Net: NetName=NetC?_2 Pin=U$4-APS
Added Pin To Net: NetName=NetC?_2 Pin=U$4-BATSENSE
Added Pin To Net: NetName=NetC?_2 Pin=U$4-CHSENSE
Added Pin To Net: NetName=NetU$11_USBDP6 Pin=U$4-DC3SET
Added Pin To Net: NetName=NetC?_2 Pin=U$4-GPIO0
Added Pin To Net: NetName=NetC?_2 Pin=U$4-IPSOUT1
Added Pin To Net: NetName=NetC?_1 Pin=U$4-LDO1
Added Pin To Net: NetName=NetC?_2 Pin=U$4-LDO3
Added Pin To Net: NetName=NetC?_1 Pin=U$4-LDO4
Added Pin To Net: NetName=NetC?_1 Pin=U$4-LDO24IN
Added Pin To Net: NetName=NetC?_2 Pin=U$4-N_OE
Added Pin To Net: NetName=NetC?_2 Pin=U$4-PGND2
Added Pin To Net: NetName=NetC?_2 Pin=U$4-PGND3
Added Pin To Net: NetName=NetC?_1 Pin=U$4-PWROK
Added Pin To Net: NetName=NetC?_1 Pin=U$4-PWRON
Added Pin To Net: NetName=NetC?_2 Pin=U$4-SCK
Added Pin To Net: NetName=NetX2_1 Pin=U$4-VBUS
Added Pin To Net: NetName=NetC?_2 Pin=U$4-VIN2
Added Pin To Net: NetName=NetC?_1 Pin=U$4-VIN3
Added Pin To Net: NetName=NetC?_2 Pin=U$4-VINT
Added Pin To Net: NetName=NetC?_2 Pin=U$4-VREF
Added Pin To Net: NetName=NetC?_1 Pin=U$6-GND1
Added Pin To Net: NetName=NetC?_1 Pin=U$6-GND
Added Pin To Net: NetName=NetC?_2 Pin=U$7-9
Added Pin To Net: NetName=NetC?_2 Pin=U$7-18
Added Pin To Net: NetName=NetC?_2 Pin=U$7-19
Added Pin To Net: NetName=NetC?_2 Pin=U$7-21
Added Pin To Net: NetName=NetC?_2 Pin=U$7-25
Added Pin To Net: NetName=NetC?_2 Pin=U$7-48
Added Pin To Net: NetName=NetC?_1 Pin=U$7-51
Added Pin To Net: NetName=NetC?_1 Pin=U$7-52
Added Pin To Net: NetName=NetC?_1 Pin=U$10-LEFT2
Added Pin To Net: NetName=NetC?_1 Pin=U$10-RIGHT1
Added Pin To Net: NetName=NetC?_1 Pin=U$10-RIGHT2
Added Pin To Net: NetName=NetC?_2 Pin=U$11-XTAL1/CLKIN
Added Pin To Net: NetName=NetC?_1 Pin=U$11-XTAL2
Added Pin To Net: NetName=NetC?_1 Pin=U?-2
Added Pin To Net: NetName=NetC?_1 Pin=X2-4
Added Pin To Net: NetName=NetC?_1 Pin=X3-4
Added Pin To Net: NetName=NetC?_2 Pin=X4-4
Added Pin To Net: NetName=NetC?_2 Pin=X5-4
Added Pin To Net: NetName=NetC?_1 Pin=X7-4
Change Net Name : Old Net Name=NetC?_1 New Net Name=NetC2_1
Change Net Name : Old Net Name=NetC?_1 New Net Name=NetC2_2
Change Net Name : Old Net Name=NetC?_2 New Net Name=NetC?_1
Change Net Name : Old Net Name=NetC?_2 New Net Name=NetC?_1
Change Net Name : Old Net Name=NetU$11_USBDP6 New Net Name=NetC?_2
Change Net Name : Old Net Name=NetX2_1 New Net Name=NetC?_2
Added Pin To Net: NetName=NetIC*_1 Pin=U$11-PRTPWR4
Added Net: Name=NetIC*_1
Added Pin To Net: NetName=NetIC*_2 Pin=U$11-OCS4_N
Added Net: Name=NetIC*_2
Added Pin To Net: NetName=NetIC*_3 Pin=U$11-OCS6_N
Added Net: Name=NetIC*_3
Added Pin To Net: NetName=NetIC*_4 Pin=U$11-VDD18.2
Added Net: Name=NetIC*_4
Added Pin To Net: NetName=NetIC*_5 Pin=X3-1
Added Pin To Net: NetName=NetIC*_5 Pin=X3-1
Added Pin To Net: NetName=NetIC*_5 Pin=X3-1
Added Net: Name=NetIC*_5
Added Pin To Net: NetName=NetIC*_7 Pin=U?-1
Added Net: Name=NetIC*_7
Added Pin To Net: NetName=NetIC*_8 Pin=X7-1
Added Pin To Net: NetName=NetIC*_8 Pin=X7-1
Added Pin To Net: NetName=NetIC*_8 Pin=X7-1
Added Net: Name=NetIC*_8
Added Pin To Net: NetName=NetU$6_+ Pin=U$6-+
Added Pin To Net: NetName=NetU$6_+ Pin=U?-3
Added Net: Name=NetU$6_+
Added Pin To Net: NetName=NetU$11_USBDN5 Pin=U$11-USBDN5
Added Pin To Net: NetName=NetU$11_USBDN5 Pin=U$11-VSS1
Added Pin To Net: NetName=NetU$11_USBDN5 Pin=X5-2
Added Net: Name=NetU$11_USBDN5
