Removed Pin From Net: NetName=NetAllwinner A1_HPCOM Pin=Allwinner A1-HPCOM
Removed Pin From Net: NetName=NetAllwinner A1_HPCOM Pin=Allwinner A1-HPOUTL
Removed Pin From Net: NetName=NetAllwinner A1_HPOUTR Pin=Allwinner A1-HPOUTR
Removed Pin From Net: NetName=NetC8_1 Pin=C8-1
Removed Pin From Net: NetName=NetC8_2 Pin=C8-2
Removed Pin From Net: NetName=NetAXP1_LDO2 Pin=C21-1
Removed Pin From Net: NetName=NetC30_2 Pin=C30-2
Removed Pin From Net: NetName=NetC30_1 Pin=C31-1
Removed Pin From Net: NetName=NetC3_2 Pin=C38-2
Removed Pin From Net: NetName=NetAllwinner A1_SDC0_D3/PF4 Pin=IC1-1
Removed Pin From Net: NetName=NetAllwinner A1_SDCO_D2/PF5 Pin=IC1-2
Removed Pin From Net: NetName=NetAllwinner A1_SDC0_CMD/PF3 Pin=IC1-6
Removed Pin From Net: NetName=NetC31_2 Pin=J2-1
Removed Pin From Net: NetName=NetC30_2 Pin=J2-2
Removed Pin From Net: NetName=NetC30_2 Pin=LAN1-19
Removed Pin From Net: NetName=NetAllwinner A1_LCD_D3/PD3 Pin=PCMBlue-1
Removed Pin From Net: NetName=NetAllwinner A1_LCD_D4/PD4 Pin=PCMBlue-2
Removed Pin From Net: NetName=NetAllwinner A1_LCD_D5/PD5 Pin=PCMBlue-3
Removed Pin From Net: NetName=NetAllwinner A1_VCC3 Pin=PCMBlue-6
Removed Pin From Net: NetName=NetAllwinner A1_LCD_D10/PD10 Pin=PCMGreen-1
Removed Pin From Net: NetName=NetAllwinner A1_LCD_D11/PD11 Pin=PCMGreen-2
Removed Pin From Net: NetName=NetAllwinner A1_LCD_D12/PD12 Pin=PCMGreen-3
Removed Pin From Net: NetName=NetAllwinner A1_LCD_D13/PD13 Pin=PCMGreen-4
Removed Pin From Net: NetName=NetAllwinner A1_LCD_D14/PD14 Pin=PCMGreen-5
Removed Pin From Net: NetName=NetAllwinner A1_LCD_D15/PD15 Pin=PCMGreen-6
Removed Pin From Net: NetName=NetAllwinner A1_LCD_D18/PD18 Pin=PCMRed-1
Removed Pin From Net: NetName=NetAllwinner A1_LCD_D19/PD19 Pin=PCMRed-2
Removed Pin From Net: NetName=NetAllwinner A1_LCD_HSYNC/PD26 Pin=X7-13
Removed Pin From Net: NetName=NetC30_2 Pin=Y?-1
Change Component Designator: OldDesignator=C? NewDesignator=C1
Change Component Designator: OldDesignator=C? NewDesignator=C2
Change Component Designator: OldDesignator=C? NewDesignator=C7
Change Component Designator: OldDesignator=C? NewDesignator=C11
Change Component Designator: OldDesignator=C? NewDesignator=C13
Change Component Designator: OldDesignator=C? NewDesignator=C14
Change Component Designator: OldDesignator=D? NewDesignator=D4
Change Component Designator: OldDesignator=L? NewDesignator=L1
Change Component Designator: OldDesignator=L? NewDesignator=L2
Change Component Designator: OldDesignator=R? NewDesignator=R2
Change Component Designator: OldDesignator=R? NewDesignator=R8
Change Component Designator: OldDesignator=R? NewDesignator=R10
Change Component Designator: OldDesignator=R? NewDesignator=R11
Change Component Designator: OldDesignator=R? NewDesignator=R15
Change Component Designator: OldDesignator=S? NewDesignator=S1
Change Component Designator: OldDesignator=Y? NewDesignator=Y1
Change Component Designator: OldDesignator=Y? NewDesignator=Y2
Added Component: Designator=C15(RAD-0.3)
Added Component: Designator=C16(RAD-0.3)
Added Component: Designator=C17(RAD-0.3)
Added Component: Designator=C19(RAD-0.3)
Added Component: Designator=C20(RAD-0.3)
Added Component: Designator=C22(RAD-0.3)
Added Component: Designator=C23(RAD-0.3)
Added Component: Designator=C25(RAD-0.3)
Added Component: Designator=C27(RAD-0.3)
Added Component: Designator=C33(RAD-0.3)
Added Component: Designator=C34(RAD-0.3)
Added Component: Designator=C36(RAD-0.3)
Added Component: Designator=C39(RAD-0.3)
Added Component: Designator=C40(RAD-0.3)
Added Component: Designator=C41(RAD-0.3)
Added Component: Designator=C42(RAD-0.3)
Added Component: Designator=C43(RAD-0.3)
Added Component: Designator=C44(RAD-0.3)
Added Component: Designator=C45(RAD-0.3)
Added Component: Designator=R12(AXIAL-0.4)
Added Component: Designator=R13(AXIAL-0.4)
Added Component: Designator=R14(AXIAL-0.4)
Added Component: Designator=R16(AXIAL-0.4)
Added Component: Designator=Y3(R38)
Added Pin To Net: NetName=NetAllwinner A1_VCC3 Pin=Allwinner A1-VCC4
Added Pin To Net: NetName=NetC5_1 Pin=C8-1
Added Pin To Net: NetName=NetC8_1 Pin=C8-1
Added Pin To Net: NetName=NetAXP1_LDO1 Pin=C8-2
Added Pin To Net: NetName=NetC8_2 Pin=C8-2
Added Pin To Net: NetName=NetAXP1_LDO1 Pin=C13-2
Added Pin To Net: NetName=NetAXP1_LDO1 Pin=C18-1
Added Pin To Net: NetName=NetAXP1_LDO1 Pin=C19-2
Added Pin To Net: NetName=NetAXP1_LDO1 Pin=C20-1
Added Pin To Net: NetName=NetAXP1_LDO2 Pin=C21-1
Added Pin To Net: NetName=NetAXP1_LDO4 Pin=C21-1
Added Pin To Net: NetName=NetAXP1_LDO1 Pin=C21-2
Added Pin To Net: NetName=NetAXP1_LDO1 Pin=C22-1
Added Pin To Net: NetName=NetAXP1_LDO1 Pin=C23-2
Added Pin To Net: NetName=NetAXP1_LDO1 Pin=C25-1
Added Pin To Net: NetName=NetAXP1_LDO1 Pin=C27-1
Added Pin To Net: NetName=NetAXP1_LDO1 Pin=C28-2
Added Pin To Net: NetName=NetC30_2 Pin=C30-2
Added Pin To Net: NetName=NetC30_2 Pin=C31-1
Added Pin To Net: NetName=NetAXP1_LDO1 Pin=C33-1
Added Pin To Net: NetName=NetAXP1_LDO1 Pin=C34-1
Added Pin To Net: NetName=NetAXP1_LDO1 Pin=C36-2
Added Pin To Net: NetName=NetAllwinner A1_VMIC Pin=C38-1
Added Pin To Net: NetName=NetAXP1_LDO1 Pin=C38-2
Added Pin To Net: NetName=NetC3_2 Pin=C38-2
Added Pin To Net: NetName=NetAXP1_LDO1 Pin=C39-1
Added Pin To Net: NetName=NetAXP1_LDO1 Pin=C40-1
Added Pin To Net: NetName=NetAXP1_LDO1 Pin=C41-2
Added Pin To Net: NetName=NetAXP1_LDO1 Pin=C42-1
Added Pin To Net: NetName=NetAXP1_LDO1 Pin=C43-1
Added Pin To Net: NetName=NetAXP1_LDO1 Pin=C44-2
Added Pin To Net: NetName=NetAXP1_LDO1 Pin=C45-1
Added Pin To Net: NetName=NetAllwinner A1_SDC0_CMD/PF3 Pin=IC1-1
Added Pin To Net: NetName=NetAllwinner A1_SDC0_D3/PF4 Pin=IC1-2
Added Pin To Net: NetName=NetAllwinner A1_SDCO_D2/PF5 Pin=IC1-5
Added Pin To Net: NetName=NetAllwinner A1_UDP1 Pin=IC*1-4
Added Pin To Net: NetName=NetC30_1 Pin=LAN1-19
Added Pin To Net: NetName=NetAllwinner A1_LCD_D3/PD3 Pin=PCMBlue-2
Added Pin To Net: NetName=NetAllwinner A1_LCD_D4/PD4 Pin=PCMBlue-3
Added Pin To Net: NetName=NetAllwinner A1_LCD_D5/PD5 Pin=PCMBlue-4
Added Pin To Net: NetName=NetAllwinner A1_VCC3 Pin=PCMGreen-1
Added Pin To Net: NetName=NetAllwinner A1_LCD_D10/PD10 Pin=PCMGreen-2
Added Pin To Net: NetName=NetAllwinner A1_LCD_D11/PD11 Pin=PCMGreen-3
Added Pin To Net: NetName=NetAllwinner A1_LCD_D12/PD12 Pin=PCMGreen-4
Added Pin To Net: NetName=NetAllwinner A1_LCD_D13/PD13 Pin=PCMGreen-5
Added Pin To Net: NetName=NetAllwinner A1_LCD_D14/PD14 Pin=PCMGreen-6
Added Pin To Net: NetName=NetAllwinner A1_LCD_D15/PD15 Pin=PCMRed-1
Added Pin To Net: NetName=NetAllwinner A1_LCD_D18/PD18 Pin=PCMRed-2
Added Pin To Net: NetName=NetAllwinner A1_LCD_D19/PD19 Pin=PCMRed-3
Added Pin To Net: NetName=NetC30_1 Pin=R14-1
Added Pin To Net: NetName=NetC31_2 Pin=R14-2
Added Pin To Net: NetName=NetAXP1_LDO1 Pin=U1-2
Added Pin To Net: NetName=NetAXP1_LDO1 Pin=U1-2
Added Pin To Net: NetName=NetAXP1_LDO1 Pin=U1-2
Added Pin To Net: NetName=NetAXP1_LDO1 Pin=U1-2
Added Pin To Net: NetName=NetAXP1_LDO1 Pin=U1-2
Added Pin To Net: NetName=NetAXP1_LDO1 Pin=U1-2
Added Pin To Net: NetName=NetAllwinner A1_UDP1 Pin=U$2-PRTPWR3
Added Pin To Net: NetName=NetAXP1_LDO1 Pin=U$2-SELF_PWR
Added Pin To Net: NetName=NetAllwinner A1_LCD_HSYNC/PD26 Pin=X7-14
Added Pin To Net: NetName=NetC30_1 Pin=Y2-1
Added Pin To Net: NetName=NetC31_2 Pin=Y2-2
Change Net Name : Old Net Name=NetAllwinner A1_HPCOM New Net Name=NetC29_1
Change Net Name : Old Net Name=NetAllwinner A1_HPOUTR New Net Name=NetC32_1
Change Net Name : Old Net Name=NetC?_2 New Net Name=NetIC*1_6
Change Net Name : Old Net Name=NetR?_2 New Net Name=NetR15_2
Added Pin To Net: NetName=NetAllwinner A1_AVCC Pin=Allwinner A1-AVCC
Added Pin To Net: NetName=NetAllwinner A1_AVCC Pin=IC1-8
Added Net: Name=NetAllwinner A1_AVCC
Added Pin To Net: NetName=NetAllwinner A1_DDR3_CKE Pin=Allwinner A1-DDR3_CKE
Added Pin To Net: NetName=NetAllwinner A1_DDR3_CKE Pin=U2-37
Added Net: Name=NetAllwinner A1_DDR3_CKE
Added Pin To Net: NetName=NetAllwinner A1_LCD_D2/PD2 Pin=Allwinner A1-LCD_D2/PD2
Added Pin To Net: NetName=NetAllwinner A1_LCD_D2/PD2 Pin=PCMBlue-1
Added Net: Name=NetAllwinner A1_LCD_D2/PD2
Added Pin To Net: NetName=NetAllwinner A1_LCD_D21/PD21 Pin=Allwinner A1-LCD_D21/PD21
Added Pin To Net: NetName=NetAllwinner A1_LCD_D21/PD21 Pin=PCMRed-4
Added Net: Name=NetAllwinner A1_LCD_D21/PD21
Added Pin To Net: NetName=NetAllwinner A1_LCD_DE/PD25 Pin=Allwinner A1-LCD_DE/PD25
Added Pin To Net: NetName=NetAllwinner A1_LCD_DE/PD25 Pin=X7-13
Added Net: Name=NetAllwinner A1_LCD_DE/PD25
Added Pin To Net: NetName=NetAllwinner A1_SDC0_CLK/PF2 Pin=Allwinner A1-SDC0_CLK/PF2
Added Pin To Net: NetName=NetAllwinner A1_SDC0_CLK/PF2 Pin=IC1-6
Added Net: Name=NetAllwinner A1_SDC0_CLK/PF2
Added Pin To Net: NetName=NetAllwinner A1_VCC1 Pin=Allwinner A1-VCC1
Added Pin To Net: NetName=NetAllwinner A1_VCC1 Pin=Allwinner A1-VCC4_DRAM
Added Pin To Net: NetName=NetAllwinner A1_VCC1 Pin=Allwinner A1-VCC5_DRAM
Added Pin To Net: NetName=NetAllwinner A1_VCC1 Pin=Allwinner A1-VDD3-INT
Added Pin To Net: NetName=NetAllwinner A1_VCC1 Pin=Allwinner A1-VDD4_INT
Added Pin To Net: NetName=NetAllwinner A1_VCC1 Pin=Allwinner A1-VDD5_INT
Added Pin To Net: NetName=NetAllwinner A1_VCC1 Pin=Allwinner A1-VDD7_CPU
Added Pin To Net: NetName=NetAllwinner A1_VCC1 Pin=Allwinner A1-VDD8_CPU
Added Pin To Net: NetName=NetAllwinner A1_VCC1 Pin=C27-2
Added Pin To Net: NetName=NetAllwinner A1_VCC1 Pin=C33-2
Added Pin To Net: NetName=NetAllwinner A1_VCC1 Pin=U1-1
Added Pin To Net: NetName=NetAllwinner A1_VCC1 Pin=U2-1
Added Pin To Net: NetName=NetAllwinner A1_VCC1 Pin=U2-14
Added Pin To Net: NetName=NetAllwinner A1_VCC1 Pin=U2-27
Added Net: Name=NetAllwinner A1_VCC1
Added Pin To Net: NetName=NetAllwinner A1_VCC2_DRAM Pin=Allwinner A1-VCC2_DRAM
Added Pin To Net: NetName=NetAllwinner A1_VCC2_DRAM Pin=Allwinner A1-VCC3_DRAM
Added Pin To Net: NetName=NetAllwinner A1_VCC2_DRAM Pin=C43-2
Added Pin To Net: NetName=NetAllwinner A1_VCC2_DRAM Pin=C45-2
Added Pin To Net: NetName=NetAllwinner A1_VCC2_DRAM Pin=U1-1
Added Net: Name=NetAllwinner A1_VCC2_DRAM
Added Pin To Net: NetName=NetAllwinner A1_VDD6_CPU Pin=Allwinner A1-VDD6_CPU
Added Pin To Net: NetName=NetAllwinner A1_VDD6_CPU Pin=C18-2
Added Pin To Net: NetName=NetAllwinner A1_VDD6_CPU Pin=C20-2
Added Pin To Net: NetName=NetAllwinner A1_VDD6_CPU Pin=PCMBlue-11
Added Pin To Net: NetName=NetAllwinner A1_VDD6_CPU Pin=PCMGreen-11
Added Pin To Net: NetName=NetAllwinner A1_VDD6_CPU Pin=PCMRed-11
Added Pin To Net: NetName=NetAllwinner A1_VDD6_CPU Pin=U1-1
Added Pin To Net: NetName=NetAllwinner A1_VDD6_CPU Pin=U$2-VDD33
Added Pin To Net: NetName=NetAllwinner A1_VDD6_CPU Pin=U$2-VDD33.3
Added Pin To Net: NetName=NetAllwinner A1_VDD6_CPU Pin=U$2-VDDA33.4
Added Net: Name=NetAllwinner A1_VDD6_CPU
Added Pin To Net: NetName=NetAllwinner A1_X24MIN Pin=Allwinner A1-X24MIN
Added Pin To Net: NetName=NetAllwinner A1_X24MIN Pin=C30-1
Added Pin To Net: NetName=NetAllwinner A1_X24MIN Pin=R16-1
Added Pin To Net: NetName=NetAllwinner A1_X24MIN Pin=Y3-1
Added Net: Name=NetAllwinner A1_X24MIN
Added Pin To Net: NetName=NetAllwinner A1_X24OUT Pin=Allwinner A1-X24OUT
Added Pin To Net: NetName=NetAllwinner A1_X24OUT Pin=C31-2
Added Pin To Net: NetName=NetAllwinner A1_X24OUT Pin=R16-2
Added Pin To Net: NetName=NetAllwinner A1_X24OUT Pin=Y3-2
Added Net: Name=NetAllwinner A1_X24OUT
Added Pin To Net: NetName=NetC1_1 Pin=C1-1
Added Pin To Net: NetName=NetC1_1 Pin=LAN1-2
Added Pin To Net: NetName=NetC1_1 Pin=R11-2
Added Pin To Net: NetName=NetC1_1 Pin=T1-14
Added Net: Name=NetC1_1
Added Pin To Net: NetName=NetC1_2 Pin=C1-2
Added Pin To Net: NetName=NetC1_2 Pin=C2-2
Added Pin To Net: NetName=NetC1_2 Pin=C7-2
Added Pin To Net: NetName=NetC1_2 Pin=C11-2
Added Net: Name=NetC1_2
Added Pin To Net: NetName=NetC2_1 Pin=C2-1
Added Pin To Net: NetName=NetC2_1 Pin=LAN1-3
Added Pin To Net: NetName=NetC2_1 Pin=R10-2
Added Pin To Net: NetName=NetC2_1 Pin=T1-16
Added Net: Name=NetC2_1
Added Pin To Net: NetName=NetC7_1 Pin=C7-1
Added Pin To Net: NetName=NetC7_1 Pin=LAN1-5
Added Pin To Net: NetName=NetC7_1 Pin=R8-2
Added Pin To Net: NetName=NetC7_1 Pin=T1-9
Added Net: Name=NetC7_1
Added Pin To Net: NetName=NetC11_1 Pin=C11-1
Added Pin To Net: NetName=NetC11_1 Pin=LAN1-6
Added Pin To Net: NetName=NetC11_1 Pin=R2-2
Added Pin To Net: NetName=NetC11_1 Pin=T1-11
Added Net: Name=NetC11_1
Added Pin To Net: NetName=NetC15_1 Pin=C15-1
Added Pin To Net: NetName=NetC15_1 Pin=C16-1
Added Pin To Net: NetName=NetC15_1 Pin=C17-2
Added Pin To Net: NetName=NetC15_1 Pin=U1-2
Added Net: Name=NetC15_1
Added Pin To Net: NetName=NetC15_2 Pin=C15-2
Added Pin To Net: NetName=NetC15_2 Pin=C16-2
Added Pin To Net: NetName=NetC15_2 Pin=LAN1-25
Added Pin To Net: NetName=NetC15_2 Pin=LAN1-35
Added Pin To Net: NetName=NetC15_2 Pin=LAN1-51
Added Pin To Net: NetName=NetC15_2 Pin=LAN1-52
Added Pin To Net: NetName=NetC15_2 Pin=U1-1
Added Net: Name=NetC15_2
Added Pin To Net: NetName=NetC17_1 Pin=C17-1
Added Pin To Net: NetName=NetC17_1 Pin=C24-2
Added Pin To Net: NetName=NetC17_1 Pin=U1-3
Added Net: Name=NetC17_1
Added Pin To Net: NetName=NetC19_1 Pin=C19-1
Added Pin To Net: NetName=NetC19_1 Pin=U1-3
Added Net: Name=NetC19_1
Added Pin To Net: NetName=NetC22_2 Pin=C22-2
Added Pin To Net: NetName=NetC22_2 Pin=C25-2
Added Net: Name=NetC22_2
Added Pin To Net: NetName=NetC23_1 Pin=C23-1
Added Pin To Net: NetName=NetC23_1 Pin=U1-3
Added Net: Name=NetC23_1
Added Pin To Net: NetName=NetC28_1 Pin=C28-1
Added Pin To Net: NetName=NetC28_1 Pin=U1-3
Added Net: Name=NetC28_1
Added Pin To Net: NetName=NetC34_2 Pin=C34-2
Added Pin To Net: NetName=NetC34_2 Pin=C39-2
Added Net: Name=NetC34_2
Added Pin To Net: NetName=NetC36_1 Pin=C36-1
Added Pin To Net: NetName=NetC36_1 Pin=U1-3
Added Net: Name=NetC36_1
Added Pin To Net: NetName=NetC40_2 Pin=C40-2
Added Pin To Net: NetName=NetC40_2 Pin=C42-2
Added Net: Name=NetC40_2
Added Pin To Net: NetName=NetC41_1 Pin=C41-1
Added Pin To Net: NetName=NetC41_1 Pin=U1-3
Added Net: Name=NetC41_1
Added Pin To Net: NetName=NetC44_1 Pin=C44-1
Added Pin To Net: NetName=NetC44_1 Pin=U1-3
Added Net: Name=NetC44_1
Added Pin To Net: NetName=NetLAN1_7 Pin=LAN1-7
Added Pin To Net: NetName=NetLAN1_7 Pin=LAN1-9
Added Pin To Net: NetName=NetLAN1_7 Pin=LAN1-15
Added Net: Name=NetLAN1_7
Added Pin To Net: NetName=NetLAN1_8 Pin=LAN1-8
Added Pin To Net: NetName=NetLAN1_8 Pin=R12-2
Added Net: Name=NetLAN1_8
Added Pin To Net: NetName=NetLAN1_16 Pin=LAN1-16
Added Pin To Net: NetName=NetLAN1_16 Pin=R13-1
Added Net: Name=NetLAN1_16
Added Pin To Net: NetName=NetLAN1_20 Pin=LAN1-20
Added Pin To Net: NetName=NetLAN1_20 Pin=LAN1-24
Added Net: Name=NetLAN1_20
Added Pin To Net: NetName=NetR2_1 Pin=R2-1
Added Pin To Net: NetName=NetR2_1 Pin=R8-1
Added Pin To Net: NetName=NetR2_1 Pin=R10-1
Added Pin To Net: NetName=NetR2_1 Pin=R11-1
Added Net: Name=NetR2_1
Added Pin To Net: NetName=NetR12_1 Pin=R12-1
Added Pin To Net: NetName=NetR12_1 Pin=R13-2
Added Net: Name=NetR12_1
