Removed Pin From Net: NetName=NetC?_1 Pin=C?-1
Removed Pin From Net: NetName=NetC?_2 Pin=C?-2
Removed Pin From Net: NetName=NetC?_1 Pin=D?-C
Removed Pin From Net: NetName=NetIC4_4 Pin=IC4-4
Removed Pin From Net: NetName=NetC?_2 Pin=J19-1
Removed Pin From Net: NetName=NetC?_2 Pin=J19-2
Removed Pin From Net: NetName=NetC?_2 Pin=J25-1
Removed Pin From Net: NetName=NetC?_1 Pin=J25-2
Removed Pin From Net: NetName=NetC?_2 Pin=MK?-2
Removed Pin From Net: NetName=NetC?_2 Pin=R?-1
Removed Pin From Net: NetName=NetD?_A Pin=R?-2
Removed Pin From Net: NetName=NetC?_1 Pin=U$1-HPCOM
Removed Pin From Net: NetName=NetC?_1 Pin=U$1-HPOUTL
Removed Pin From Net: NetName=NetC?_1 Pin=U$1-HPOUTR
Removed Pin From Net: NetName=NetC?_1 Pin=U$1-VMIC
Removed Pin From Net: NetName=NetU$3_34 Pin=U$3-34
Removed Pin From Net: NetName=NetC?_1 Pin=U$3-40
Removed Pin From Net: NetName=NetC?_2 Pin=U$4-ACIN1
Removed Pin From Net: NetName=NetC?_2 Pin=U$4-ACIN
Removed Pin From Net: NetName=NetC?_1 Pin=U$4-AGND
Removed Pin From Net: NetName=NetC?_2 Pin=U$4-APS
Removed Pin From Net: NetName=NetC?_1 Pin=U$4-BATSENSE
Removed Pin From Net: NetName=NetC?_1 Pin=U$4-CHSENSE
Removed Pin From Net: NetName=NetC?_2 Pin=U$4-DC3SET
Removed Pin From Net: NetName=NetC?_2 Pin=U$4-GPIO0
Removed Pin From Net: NetName=NetC?_2 Pin=U$4-IPSOUT1
Removed Pin From Net: NetName=NetC?_1 Pin=U$4-LDO3
Removed Pin From Net: NetName=NetC?_1 Pin=U$4-LDO4
Removed Pin From Net: NetName=NetC?_1 Pin=U$4-LDO24IN
Removed Pin From Net: NetName=NetC?_1 Pin=U$4-N_OE
Removed Pin From Net: NetName=NetC?_1 Pin=U$4-PGND1
Removed Pin From Net: NetName=NetC?_1 Pin=U$4-PGND2
Removed Pin From Net: NetName=NetC?_1 Pin=U$4-PGND3
Removed Pin From Net: NetName=NetC?_1 Pin=U$4-SCK
Removed Pin From Net: NetName=NetC?_2 Pin=U$4-VBUS
Removed Pin From Net: NetName=NetC?_1 Pin=U$4-VIN2
Removed Pin From Net: NetName=NetC?_1 Pin=U$4-VIN3
Removed Pin From Net: NetName=NetC?_2 Pin=U$4-VINT
Removed Pin From Net: NetName=NetC?_1 Pin=U$4-VREF
Removed Pin From Net: NetName=NetC?_1 Pin=U$6-GND
Removed Pin From Net: NetName=NetIC4_4 Pin=U$7-2
Removed Pin From Net: NetName=NetC?_2 Pin=U$7-9
Removed Pin From Net: NetName=NetC?_2 Pin=U$7-18
Removed Pin From Net: NetName=NetC?_2 Pin=U$7-19
Removed Pin From Net: NetName=NetC?_2 Pin=U$7-25
Removed Pin From Net: NetName=NetC?_2 Pin=U$7-48
Removed Pin From Net: NetName=NetC?_1 Pin=U$7-51
Removed Pin From Net: NetName=NetC?_1 Pin=U$10-LEFT2
Removed Pin From Net: NetName=NetC?_1 Pin=U$10-RIGHT1
Removed Pin From Net: NetName=NetC?_1 Pin=U$10-RIGHT2
Removed Pin From Net: NetName=GND Pin=U$11-TEST1
Removed Pin From Net: NetName=NetU$11_USBDN5 Pin=U$11-USBDN5
Removed Pin From Net: NetName=NetC?_2 Pin=U$11-XTAL1/CLKIN
Removed Pin From Net: NetName=NetC?_1 Pin=U$11-XTAL2
Removed Pin From Net: NetName=NetU$3_34 Pin=X1-1
Removed Pin From Net: NetName=NetU$3_34 Pin=X1-1
Removed Pin From Net: NetName=NetU$3_34 Pin=X1-1
Removed Pin From Net: NetName=NetC?_1 Pin=X2-1
Removed Pin From Net: NetName=NetC?_1 Pin=X2-1
Removed Pin From Net: NetName=NetC?_1 Pin=X2-1
Removed Pin From Net: NetName=NetX2_4 Pin=X2-4
Removed Pin From Net: NetName=NetC?_1 Pin=X3-1
Removed Pin From Net: NetName=NetC?_1 Pin=X3-1
Removed Pin From Net: NetName=NetC?_1 Pin=X3-1
Removed Pin From Net: NetName=NetX2_4 Pin=X3-4
Removed Pin From Net: NetName=NetC?_1 Pin=X4-1
Removed Pin From Net: NetName=NetC?_1 Pin=X4-1
Removed Pin From Net: NetName=NetC?_1 Pin=X4-1
Removed Pin From Net: NetName=NetC?_1 Pin=X4-4
Removed Pin From Net: NetName=NetC?_1 Pin=X5-1
Removed Pin From Net: NetName=NetC?_1 Pin=X5-1
Removed Pin From Net: NetName=NetC?_1 Pin=X5-1
Removed Pin From Net: NetName=NetU$11_USBDN5 Pin=X5-3
Removed Pin From Net: NetName=NetC?_1 Pin=X5-4
Removed Pin From Net: NetName=NetC?_1 Pin=X6-4
Removed Pin From Net: NetName=NetC?_1 Pin=X7-4
Added Component: Designator=C?(RAD-0.3)
Added Component: Designator=C?(RAD-0.3)
Added Component: Designator=C?(RAD-0.3)
Added Component: Designator=C?(RAD-0.3)
Added Component: Designator=C?(RAD-0.3)
Added Component: Designator=C?(RAD-0.3)
Added Component: Designator=L?(0402-A)
Added Component: Designator=L?(0402-A)
Added Component: Designator=R?(VR5)
Added Component: Designator=T?(749010012A)
Added Pin To Net: NetName=NetC2_1 Pin=C?-1
Added Pin To Net: NetName=NetC2_1 Pin=C?-1
Added Pin To Net: NetName=NetC2_1 Pin=C?-1
Added Pin To Net: NetName=NetC?_1 Pin=C?-1
Added Pin To Net: NetName=NetC?_1 Pin=C?-1
Added Pin To Net: NetName=NetC?_1 Pin=C?-1
Added Pin To Net: NetName=NetC?_1 Pin=C?-1
Added Pin To Net: NetName=NetC?_1 Pin=C?-1
Added Pin To Net: NetName=NetC?_1 Pin=C?-1
Added Pin To Net: NetName=NetC?_1 Pin=C?-1
Added Pin To Net: NetName=NetC?_1 Pin=C?-1
Added Pin To Net: NetName=NetC?_1 Pin=C?-1
Added Pin To Net: NetName=NetC?_1 Pin=C?-1
Added Pin To Net: NetName=NetC?_1 Pin=C?-1
Added Pin To Net: NetName=NetC?_1 Pin=C?-1
Added Pin To Net: NetName=NetC?_1 Pin=C?-1
Added Pin To Net: NetName=NetC?_1 Pin=C?-1
Added Pin To Net: NetName=NetC?_1 Pin=C?-1
Added Pin To Net: NetName=NetC?_1 Pin=C?-1
Added Pin To Net: NetName=NetC?_1 Pin=C?-1
Added Pin To Net: NetName=NetC?_1 Pin=C?-1
Added Pin To Net: NetName=NetC?_1 Pin=C?-1
Added Pin To Net: NetName=NetC?_1 Pin=C?-1
Added Pin To Net: NetName=NetC?_1 Pin=C?-1
Added Pin To Net: NetName=NetC?_1 Pin=C?-1
Added Pin To Net: NetName=NetC?_1 Pin=C?-1
Added Pin To Net: NetName=NetC?_1 Pin=C?-1
Added Pin To Net: NetName=NetC?_1 Pin=C?-1
Added Pin To Net: NetName=NetC?_1 Pin=C?-1
Added Pin To Net: NetName=NetC?_1 Pin=C?-1
Added Pin To Net: NetName=NetC?_2 Pin=C?-1
Added Pin To Net: NetName=NetC?_2 Pin=C?-1
Added Pin To Net: NetName=NetC?_2 Pin=C?-1
Added Pin To Net: NetName=NetC?_2 Pin=C?-1
Added Pin To Net: NetName=NetC?_2 Pin=C?-1
Added Pin To Net: NetName=NetC?_2 Pin=C?-1
Added Pin To Net: NetName=NetC?_2 Pin=C?-1
Added Pin To Net: NetName=N$232 Pin=C?-2
Added Pin To Net: NetName=NetC2_1 Pin=C?-2
Added Pin To Net: NetName=NetC2_1 Pin=C?-2
Added Pin To Net: NetName=NetC2_1 Pin=C?-2
Added Pin To Net: NetName=NetC2_1 Pin=C?-2
Added Pin To Net: NetName=NetC?_1 Pin=C?-2
Added Pin To Net: NetName=NetC?_2 Pin=C?-2
Added Pin To Net: NetName=NetC?_2 Pin=C?-2
Added Pin To Net: NetName=NetC?_2 Pin=C?-2
Added Pin To Net: NetName=NetC?_2 Pin=C?-2
Added Pin To Net: NetName=NetC?_2 Pin=C?-2
Added Pin To Net: NetName=NetC?_2 Pin=C?-2
Added Pin To Net: NetName=NetC?_2 Pin=C?-2
Added Pin To Net: NetName=NetC?_2 Pin=C?-2
Added Pin To Net: NetName=NetC?_2 Pin=C?-2
Added Pin To Net: NetName=NetC?_2 Pin=C?-2
Added Pin To Net: NetName=NetC?_2 Pin=C?-2
Added Pin To Net: NetName=NetC?_2 Pin=C?-2
Added Pin To Net: NetName=NetC?_2 Pin=C?-2
Added Pin To Net: NetName=NetC?_2 Pin=C?-2
Added Pin To Net: NetName=NetC?_2 Pin=C?-2
Added Pin To Net: NetName=NetC?_2 Pin=C?-2
Added Pin To Net: NetName=NetC?_2 Pin=C?-2
Added Pin To Net: NetName=NetC?_2 Pin=C?-2
Added Pin To Net: NetName=NetC?_2 Pin=C?-2
Added Pin To Net: NetName=NetC?_2 Pin=C?-2
Added Pin To Net: NetName=NetC?_2 Pin=C?-2
Added Pin To Net: NetName=NetC?_2 Pin=C?-2
Added Pin To Net: NetName=NetC?_2 Pin=C?-2
Added Pin To Net: NetName=NetC?_2 Pin=C?-2
Added Pin To Net: NetName=NetC?_2 Pin=C?-2
Added Pin To Net: NetName=NetC?_2 Pin=C?-2
Added Pin To Net: NetName=NetIC4_4 Pin=C?-2
Added Pin To Net: NetName=NetU$3_34 Pin=C?-2
Added Pin To Net: NetName=NetU$11_USBDN5 Pin=C?-2
Added Pin To Net: NetName=NetX2_4 Pin=C?-2
Added Pin To Net: NetName=NetD?_A Pin=D?-A
Added Pin To Net: NetName=NetC?_1 Pin=D?-C
Added Pin To Net: NetName=NetC?_1 Pin=D?-C
Added Pin To Net: NetName=NetC?_1 Pin=D?-C
Added Pin To Net: NetName=GND Pin=IC4-4
Added Pin To Net: NetName=NetC?_2 Pin=J19-1
Added Pin To Net: NetName=NetC?_2 Pin=J19-2
Added Pin To Net: NetName=NetC?_2 Pin=J25-1
Added Pin To Net: NetName=NetC?_1 Pin=J25-2
Added Pin To Net: NetName=NetC?_1 Pin=L?-1
Added Pin To Net: NetName=NetC?_2 Pin=L?-1
Added Pin To Net: NetName=NetC?_1 Pin=L?-2
Added Pin To Net: NetName=NetC?_2 Pin=MK?-2
Added Pin To Net: NetName=NetC?_1 Pin=R?-1
Added Pin To Net: NetName=NetC?_1 Pin=R?-1
Added Pin To Net: NetName=NetC?_2 Pin=R?-1
Added Pin To Net: NetName=NetC?_2 Pin=R?-1
Added Pin To Net: NetName=NetC?_2 Pin=R?-1
Added Pin To Net: NetName=NetC?_1 Pin=R?-2
Added Pin To Net: NetName=NetC?_1 Pin=R?-2
Added Pin To Net: NetName=NetD?_A Pin=R?-2
Added Pin To Net: NetName=NetD?_A Pin=R?-2
Added Pin To Net: NetName=NetC?_1 Pin=U$1-HPCOM
Added Pin To Net: NetName=NetC?_1 Pin=U$1-HPOUTL
Added Pin To Net: NetName=NetC?_1 Pin=U$1-HPOUTR
Added Pin To Net: NetName=NetC?_1 Pin=U$1-VMIC
Added Pin To Net: NetName=NetC?_2 Pin=U$3-1
Added Pin To Net: NetName=NetC?_2 Pin=U$3-2
Added Pin To Net: NetName=NetC?_1 Pin=U$3-13
Added Pin To Net: NetName=NetC?_2 Pin=U$3-14
Added Pin To Net: NetName=NetC?_2 Pin=U$3-15
Added Pin To Net: NetName=NetC?_2 Pin=U$3-25
Added Pin To Net: NetName=NetC?_2 Pin=U$3-26
Added Pin To Net: NetName=NetC?_1 Pin=U$3-29
Added Pin To Net: NetName=NetC?_1 Pin=U$3-30
Added Pin To Net: NetName=NetC?_1 Pin=U$3-35
Added Pin To Net: NetName=NetC?_2 Pin=U$3-39
Added Pin To Net: NetName=NetC?_2 Pin=U$3-40
Added Pin To Net: NetName=NetU$3_34 Pin=U$4-ACIN1
Added Pin To Net: NetName=NetU$3_34 Pin=U$4-ACIN
Added Pin To Net: NetName=NetC?_2 Pin=U$4-AGND
Added Pin To Net: NetName=NetC?_2 Pin=U$4-APS
Added Pin To Net: NetName=NetC?_2 Pin=U$4-BATSENSE
Added Pin To Net: NetName=NetC?_2 Pin=U$4-CHSENSE
Added Pin To Net: NetName=NetU$11_USBDN5 Pin=U$4-DC3SET
Added Pin To Net: NetName=NetC?_2 Pin=U$4-GPIO0
Added Pin To Net: NetName=NetIC4_4 Pin=U$4-IPSOUT1
Added Pin To Net: NetName=NetC?_2 Pin=U$4-LDO3
Added Pin To Net: NetName=NetC?_1 Pin=U$4-LDO4
Added Pin To Net: NetName=NetC?_1 Pin=U$4-LDO24IN
Added Pin To Net: NetName=NetC?_2 Pin=U$4-N_OE
Added Pin To Net: NetName=NetC?_1 Pin=U$4-PGND1
Added Pin To Net: NetName=NetC?_2 Pin=U$4-PGND2
Added Pin To Net: NetName=NetC?_2 Pin=U$4-PGND3
Added Pin To Net: NetName=NetC?_2 Pin=U$4-SCK
Added Pin To Net: NetName=NetX2_4 Pin=U$4-VBUS
Added Pin To Net: NetName=NetC?_2 Pin=U$4-VIN2
Added Pin To Net: NetName=NetC?_1 Pin=U$4-VIN3
Added Pin To Net: NetName=NetC?_2 Pin=U$4-VINT
Added Pin To Net: NetName=NetC?_2 Pin=U$4-VREF
Added Pin To Net: NetName=NetC?_2 Pin=U$6-GND1
Added Pin To Net: NetName=NetC?_2 Pin=U$6-GND
Added Pin To Net: NetName=NetC?_2 Pin=U$7-9
Added Pin To Net: NetName=NetC?_2 Pin=U$7-18
Added Pin To Net: NetName=NetC?_2 Pin=U$7-19
Added Pin To Net: NetName=NetC?_2 Pin=U$7-25
Added Pin To Net: NetName=NetC?_2 Pin=U$7-48
Added Pin To Net: NetName=NetC?_1 Pin=U$7-51
Added Pin To Net: NetName=NetC?_1 Pin=U$10-LEFT2
Added Pin To Net: NetName=NetC?_1 Pin=U$10-RIGHT1
Added Pin To Net: NetName=NetC?_1 Pin=U$10-RIGHT2
Added Pin To Net: NetName=NetC?_2 Pin=U$11-XTAL1/CLKIN
Added Pin To Net: NetName=NetC?_1 Pin=U$11-XTAL2
Added Pin To Net: NetName=NetC?_2 Pin=X2-4
Added Pin To Net: NetName=NetC?_2 Pin=X3-4
Added Pin To Net: NetName=NetC?_2 Pin=X4-4
Added Pin To Net: NetName=NetC?_2 Pin=X5-4
Added Pin To Net: NetName=NetC?_2 Pin=X6-4
Added Pin To Net: NetName=NetC?_2 Pin=X7-4
Change Net Name : Old Net Name=NetC?_2 New Net Name=NetC?_1
Change Net Name : Old Net Name=NetC?_2 New Net Name=NetC?_1
Change Net Name : Old Net Name=NetC?_2 New Net Name=NetC?_1
Change Net Name : Old Net Name=NetIC4_4 New Net Name=NetC?_2
Change Net Name : Old Net Name=NetU$3_34 New Net Name=NetC?_2
Change Net Name : Old Net Name=NetU$11_USBDN5 New Net Name=NetC?_2
Change Net Name : Old Net Name=NetX2_4 New Net Name=NetC?_2
Added Pin To Net: NetName=NetR?_1 Pin=R?-1
Added Pin To Net: NetName=NetR?_1 Pin=U$3-37
Added Net: Name=NetR?_1
Added Pin To Net: NetName=NetT?_9 Pin=T?-9
Added Pin To Net: NetName=NetT?_9 Pin=U$7-5
Added Net: Name=NetT?_9
Added Pin To Net: NetName=NetT?_11 Pin=T?-11
Added Pin To Net: NetName=NetT?_11 Pin=U$7-6
Added Net: Name=NetT?_11
Added Pin To Net: NetName=NetT?_14 Pin=T?-14
Added Pin To Net: NetName=NetT?_14 Pin=U$7-2
Added Net: Name=NetT?_14
Added Pin To Net: NetName=NetT?_16 Pin=T?-16
Added Pin To Net: NetName=NetT?_16 Pin=U$7-3
Added Net: Name=NetT?_16
Added Pin To Net: NetName=NetU$3_33 Pin=U$3-33
Added Pin To Net: NetName=NetU$3_33 Pin=X1-1
Added Pin To Net: NetName=NetU$3_33 Pin=X1-1
Added Pin To Net: NetName=NetU$3_33 Pin=X1-1
Added Net: Name=NetU$3_33
Added Pin To Net: NetName=NetU$11_TEST0 Pin=U$11-TEST0
Added Pin To Net: NetName=NetU$11_TEST0 Pin=U$11-TEST1
Added Net: Name=NetU$11_TEST0
Added Pin To Net: NetName=NetU$11_USBDP5 Pin=U$11-USBDP5
Added Pin To Net: NetName=NetU$11_USBDP5 Pin=X5-3
Added Net: Name=NetU$11_USBDP5
Added Pin To Net: NetName=NetX2_1 Pin=X2-1
Added Pin To Net: NetName=NetX2_1 Pin=X2-1
Added Pin To Net: NetName=NetX2_1 Pin=X2-1
Added Pin To Net: NetName=NetX2_1 Pin=X4-1
Added Pin To Net: NetName=NetX2_1 Pin=X4-1
Added Pin To Net: NetName=NetX2_1 Pin=X4-1
Added Pin To Net: NetName=NetX2_1 Pin=X5-1
Added Pin To Net: NetName=NetX2_1 Pin=X5-1
Added Pin To Net: NetName=NetX2_1 Pin=X5-1
Added Net: Name=NetX2_1
