Added Component: Designator=C?(RAD-0.3)
Added Component: Designator=C?(RAD-0.3)
Added Component: Designator=C?(RAD-0.3)
Added Component: Designator=C?(RAD-0.3)
Added Component: Designator=C?(RAD-0.3)
Added Component: Designator=C?(RAD-0.3)
Added Component: Designator=C?(RAD-0.3)
Added Component: Designator=C?(RAD-0.3)
Added Component: Designator=C?(RAD-0.3)
Added Component: Designator=C?(RAD-0.3)
Added Component: Designator=C?(RAD-0.3)
Added Component: Designator=C?(RAD-0.3)
Added Component: Designator=C?(RAD-0.3)
Added Component: Designator=C?(RAD-0.3)
Added Component: Designator=C?(RAD-0.3)
Added Component: Designator=C?(RAD-0.3)
Added Component: Designator=C?(RAD-0.3)
Added Component: Designator=C?(RAD-0.3)
Added Component: Designator=C?(RAD-0.3)
Added Component: Designator=C?(RAD-0.3)
Added Component: Designator=C?(RAD-0.3)
Added Component: Designator=C?(RAD-0.3)
Added Component: Designator=C?(RAD-0.3)
Added Component: Designator=C?(RAD-0.3)
Added Component: Designator=C?(RAD-0.3)
Added Component: Designator=C?(RAD-0.3)
Added Component: Designator=C?(RAD-0.3)
Added Component: Designator=IC1(FBGA-94-C)
Added Component: Designator=IC4(DIL08)
Added Component: Designator=J10(0R/10)
Added Component: Designator=J11(0R/10)
Added Component: Designator=J12(0R/10)
Added Component: Designator=J14(0R/10)
Added Component: Designator=J15(0R/10)
Added Component: Designator=J16(0R/10)
Added Component: Designator=J17(0R/10)
Added Component: Designator=J19(0R/10)
Added Component: Designator=J20(0R/10)
Added Component: Designator=J21(0R/10)
Added Component: Designator=J25(0R/10)
Added Component: Designator=J26(0R/10)
Added Component: Designator=J27(0R/10)
Added Component: Designator=J28(0R/10)
Added Component: Designator=J29(0R/10)
Added Component: Designator=J30(0R/10)
Added Component: Designator=J31(0R/10)
Added Component: Designator=J32(0R/10)
Added Component: Designator=J33(0R/10)
Added Component: Designator=J34(0R/10)
Added Component: Designator=J35(0R/10)
Added Component: Designator=J36(0R/10)
Added Component: Designator=J37(0R/10)
Added Component: Designator=J38(0R/10)
Added Component: Designator=J39(0R/10)
Added Component: Designator=J40(0R/10)
Added Component: Designator=J41(0R/10)
Added Component: Designator=J42(0R/10)
Added Component: Designator=J43(0R/10)
Added Component: Designator=J44(0R/10)
Added Component: Designator=J45(0R/10)
Added Component: Designator=J46(0R/10)
Added Component: Designator=J48(0R/10)
Added Component: Designator=J49(0R/10)
Added Component: Designator=J50(0R/10)
Added Component: Designator=J51(0R/10)
Added Component: Designator=J52(0R/10)
Added Component: Designator=J54(0R/10)
Added Component: Designator=J55(0R/10)
Added Component: Designator=J56(0R/10)
Added Component: Designator=J57(0R/10)
Added Component: Designator=J58(0R/10)
Added Component: Designator=J59(0R/10)
Added Component: Designator=J60(0R/10)
Added Component: Designator=J61(0R/10)
Added Component: Designator=J62(0R/10)
Added Component: Designator=J63(0R/10)
Added Component: Designator=J64(0R/10)
Added Component: Designator=J67(0R/10)
Added Component: Designator=J68(0R/10)
Added Component: Designator=J69(0R/10)
Added Component: Designator=J70(0R/10)
Added Component: Designator=J71(0R/10)
Added Component: Designator=J72(0R/10)
Added Component: Designator=J73(0R/10)
Added Component: Designator=J74(0R/10)
Added Component: Designator=J75(0R/10)
Added Component: Designator=J76(0R/10)
Added Component: Designator=J77(0R/10)
Added Component: Designator=J78(0R/10)
Added Component: Designator=J79(0R/10)
Added Component: Designator=J80(0R/10)
Added Component: Designator=J81(0R/10)
Added Component: Designator=J82(0R/10)
Added Component: Designator=J83(0R/10)
Added Component: Designator=J84(0R/10)
Added Component: Designator=J86(0R/10)
Added Component: Designator=J87(0R/10)
Added Component: Designator=J88(0R/10)
Added Component: Designator=J89(0R/10)
Added Component: Designator=J90(0R/10)
Added Component: Designator=J91(0R/10)
Added Component: Designator=J92(0R/10)
Added Component: Designator=J93(0R/10)
Added Component: Designator=J94(0R/10)
Added Component: Designator=J95(0R/10)
Added Component: Designator=J96(0R/10)
Added Component: Designator=J97(0R/10)
Added Component: Designator=J98(0R/10)
Added Component: Designator=J99(0R/10)
Added Component: Designator=J100(0R/10)
Added Component: Designator=J101(0R/10)
Added Component: Designator=J102(0R/10)
Added Component: Designator=J103(0R/10)
Added Component: Designator=J104(0R/10)
Added Component: Designator=J105(0R/10)
Added Component: Designator=J106(0R/10)
Added Component: Designator=J107(0R/10)
Added Component: Designator=J108(0R/10)
Added Component: Designator=J112(0R/10)
Added Component: Designator=J115(0R/10)
Added Component: Designator=J116(0R/10)
Added Component: Designator=J117(0R/10)
Added Component: Designator=J119(0R/10)
Added Component: Designator=J120(0R/10)
Added Component: Designator=J121(0R/10)
Added Component: Designator=J122(0R/10)
Added Component: Designator=J123(0R/10)
Added Component: Designator=J124(0R/10)
Added Component: Designator=J125(0R/10)
Added Component: Designator=J153(0R/10)
Added Component: Designator=J?(0R/10)
Added Component: Designator=J?(0R/10)
Added Component: Designator=J?(0R/10)
Added Component: Designator=S1(5501-2LED)
Added Component: Designator=U$1(PG-LQFP-176-2)
Added Component: Designator=U$2(0R/7TRACES)
Added Component: Designator=U$3(LFCSP48)
Added Component: Designator=U$4(QFN48)
Added Component: Designator=U$5(0R/7TRACES)
Added Component: Designator=U$6(SCD-014-A)
Added Component: Designator=U$7(QFN56)
Added Component: Designator=U$8(0R/7TRACES)
Added Component: Designator=U$9(PG203J)
Added Component: Designator=U$10(PG203J)
Added Component: Designator=U$11(TQFP80)
Added Component: Designator=U$12(0R/7TRACES)
Added Component: Designator=U$13(0R/7TRACES)
Added Component: Designator=U$14(0R/7TRACES)
Added Component: Designator=U$15(0R/7TRACES)
Added Component: Designator=U$16(0R/7TRACES)
Added Component: Designator=U$17(0R/7TRACES)
Added Component: Designator=U$18(0R/7TRACES)
Added Component: Designator=U$19(0R/7TRACES)
Added Component: Designator=U$20(0R/7TRACES)
Added Component: Designator=U$21(0R/7TRACES)
Added Component: Designator=U$22(0R/7TRACES)
Added Component: Designator=U$23(0R/7TRACES)
Added Component: Designator=U$24(0R/7TRACES)
Added Component: Designator=U$25(0R/7TRACES)
Added Component: Designator=U$26(0R/7TRACES)
Added Component: Designator=U$27(0R/7TRACES)
Added Component: Designator=X1(HDF15H)
Added Component: Designator=X2(USB-A003)
Added Component: Designator=X3(USB-A003)
Added Component: Designator=X4(USB-A003)
Added Component: Designator=X5(USB-A003)
Added Component: Designator=X6(USB-A003)
Added Component: Designator=X7(USB-A003)
Added Pin To Net: NetName=BATT Pin=U$4-BAT
Added Pin To Net: NetName=BATT Pin=U$4-BAT1
Added Net: Name=BATT
Added Pin To Net: NetName=GND Pin=C?-1
Added Pin To Net: NetName=GND Pin=C?-1
Added Pin To Net: NetName=GND Pin=C?-1
Added Pin To Net: NetName=GND Pin=C?-1
Added Pin To Net: NetName=GND Pin=C?-1
Added Pin To Net: NetName=GND Pin=C?-1
Added Pin To Net: NetName=GND Pin=C?-1
Added Pin To Net: NetName=GND Pin=C?-2
Added Pin To Net: NetName=GND Pin=J?-1
Added Pin To Net: NetName=GND Pin=U$4-AGND
Added Pin To Net: NetName=GND Pin=U$4-PGND3
Added Pin To Net: NetName=GND Pin=U$4-PWREN
Added Pin To Net: NetName=GND Pin=U$4-PWROK
Added Pin To Net: NetName=GND Pin=U$11-TEST0
Added Pin To Net: NetName=GND Pin=U$11-TEST1
Added Net: Name=GND
Added Pin To Net: NetName=N$232 Pin=C?-2
Added Net: Name=N$232
Added Pin To Net: NetName=NetC2_1 Pin=C?-1
Added Pin To Net: NetName=NetC2_1 Pin=C?-1
Added Pin To Net: NetName=NetC2_1 Pin=C?-1
Added Pin To Net: NetName=NetC2_1 Pin=C?-2
Added Pin To Net: NetName=NetC2_1 Pin=C?-2
Added Pin To Net: NetName=NetC2_1 Pin=C?-2
Added Pin To Net: NetName=NetC2_1 Pin=C?-2
Added Pin To Net: NetName=NetC2_1 Pin=S1-NC
Added Net: Name=NetC2_1
Added Pin To Net: NetName=NetC?_1 Pin=C?-1
Added Pin To Net: NetName=NetC?_1 Pin=U$7-52
Added Net: Name=NetC?_1
Added Pin To Net: NetName=NetC?_2 Pin=C?-2
Added Pin To Net: NetName=NetC?_2 Pin=U$4-ACIN
Added Pin To Net: NetName=NetC?_2 Pin=U$4-ACIN1
Added Net: Name=NetC?_2
Added Pin To Net: NetName=NetIC1_J4 Pin=IC1-J4
Added Pin To Net: NetName=NetIC1_J4 Pin=J100-2
Added Net: Name=NetIC1_J4
Added Pin To Net: NetName=NetIC1_J8 Pin=IC1-J8
Added Pin To Net: NetName=NetIC1_J8 Pin=J33-1
Added Net: Name=NetIC1_J8
Added Pin To Net: NetName=NetIC1_K2 Pin=IC1-K2
Added Pin To Net: NetName=NetIC1_K2 Pin=IC1-T3
Added Pin To Net: NetName=NetIC1_K2 Pin=J62-1
Added Pin To Net: NetName=NetIC1_K2 Pin=U$1-RESET_N
Added Net: Name=NetIC1_K2
Added Pin To Net: NetName=NetIC1_K4 Pin=IC1-K4
Added Pin To Net: NetName=NetIC1_K4 Pin=J101-2
Added Net: Name=NetIC1_K4
Added Pin To Net: NetName=NetIC1_K8 Pin=IC1-K8
Added Pin To Net: NetName=NetIC1_K8 Pin=J71-1
Added Net: Name=NetIC1_K8
Added Pin To Net: NetName=NetIC1_K10 Pin=IC1-K10
Added Pin To Net: NetName=NetIC1_K10 Pin=J59-2
Added Net: Name=NetIC1_K10
Added Pin To Net: NetName=NetIC1_L8 Pin=IC1-L8
Added Pin To Net: NetName=NetIC1_L8 Pin=J72-2
Added Net: Name=NetIC1_L8
Added Pin To Net: NetName=NetIC1_M3 Pin=IC1-M3
Added Pin To Net: NetName=NetIC1_M3 Pin=J80-2
Added Net: Name=NetIC1_M3
Added Pin To Net: NetName=NetIC1_M4 Pin=IC1-M4
Added Pin To Net: NetName=NetIC1_M4 Pin=J52-2
Added Net: Name=NetIC1_M4
Added Pin To Net: NetName=NetIC1_N3 Pin=IC1-N3
Added Pin To Net: NetName=NetIC1_N3 Pin=J89-2
Added Net: Name=NetIC1_N3
Added Pin To Net: NetName=NetIC1_N4 Pin=IC1-N4
Added Pin To Net: NetName=NetIC1_N4 Pin=J91-2
Added Net: Name=NetIC1_N4
Added Pin To Net: NetName=NetIC1_N8 Pin=IC1-N8
Added Pin To Net: NetName=NetIC1_N8 Pin=J83-2
Added Net: Name=NetIC1_N8
Added Pin To Net: NetName=NetIC1_N9 Pin=IC1-N9
Added Pin To Net: NetName=NetIC1_N9 Pin=J32-1
Added Net: Name=NetIC1_N9
Added Pin To Net: NetName=NetIC1_P3 Pin=IC1-P3
Added Pin To Net: NetName=NetIC1_P3 Pin=J67-2
Added Net: Name=NetIC1_P3
Added Pin To Net: NetName=NetIC1_P4 Pin=IC1-P4
Added Pin To Net: NetName=NetIC1_P4 Pin=J90-2
Added Net: Name=NetIC1_P4
Added Pin To Net: NetName=NetIC1_P8 Pin=IC1-P8
Added Pin To Net: NetName=NetIC1_P8 Pin=J57-2
Added Net: Name=NetIC1_P8
Added Pin To Net: NetName=NetIC1_P9 Pin=IC1-P9
Added Pin To Net: NetName=NetIC1_P9 Pin=J84-2
Added Net: Name=NetIC1_P9
Added Pin To Net: NetName=NetIC1_R3 Pin=IC1-R3
Added Pin To Net: NetName=NetIC1_R3 Pin=J96-2
Added Net: Name=NetIC1_R3
Added Pin To Net: NetName=NetIC1_R4 Pin=IC1-R4
Added Pin To Net: NetName=NetIC1_R4 Pin=J97-2
Added Net: Name=NetIC1_R4
Added Pin To Net: NetName=NetIC1_R8 Pin=IC1-R8
Added Pin To Net: NetName=NetIC1_R8 Pin=J34-2
Added Net: Name=NetIC1_R8
Added Pin To Net: NetName=NetIC1_R9 Pin=IC1-R9
Added Pin To Net: NetName=NetIC1_R9 Pin=J61-2
Added Net: Name=NetIC1_R9
Added Pin To Net: NetName=NetIC1_T9 Pin=IC1-T9
Added Pin To Net: NetName=NetIC1_T9 Pin=J41-2
Added Net: Name=NetIC1_T9
Added Pin To Net: NetName=NetIC4_6 Pin=IC4-6
Added Pin To Net: NetName=NetIC4_6 Pin=U$1-SDC0_CLK/PF2
Added Net: Name=NetIC4_6
Added Pin To Net: NetName=NetJ10_1 Pin=J10-1
Added Pin To Net: NetName=NetJ10_1 Pin=U$1-HPCOM
Added Net: Name=NetJ10_1
Added Pin To Net: NetName=NetJ10_2 Pin=J10-2
Added Pin To Net: NetName=NetJ10_2 Pin=J20-2
Added Net: Name=NetJ10_2
Added Pin To Net: NetName=NetJ11_1 Pin=J11-1
Added Pin To Net: NetName=NetJ11_1 Pin=J79-1
Added Net: Name=NetJ11_1
Added Pin To Net: NetName=NetJ11_2 Pin=J11-2
Added Pin To Net: NetName=NetJ11_2 Pin=U$1-DDR3_CK
Added Net: Name=NetJ11_2
Added Pin To Net: NetName=NetJ12_1 Pin=J12-1
Added Pin To Net: NetName=NetJ12_1 Pin=J14-1
Added Pin To Net: NetName=NetJ12_1 Pin=J15-1
Added Pin To Net: NetName=NetJ12_1 Pin=U$7-6
Added Net: Name=NetJ12_1
Added Pin To Net: NetName=NetJ12_2 Pin=J12-2
Added Pin To Net: NetName=NetJ12_2 Pin=U$7-5
Added Net: Name=NetJ12_2
Added Pin To Net: NetName=NetJ14_2 Pin=J14-2
Added Pin To Net: NetName=NetJ14_2 Pin=U$7-4
Added Pin To Net: NetName=NetJ14_2 Pin=U$7-7
Added Pin To Net: NetName=NetJ14_2 Pin=U$7-9
Added Net: Name=NetJ14_2
Added Pin To Net: NetName=NetJ15_2 Pin=J15-2
Added Pin To Net: NetName=NetJ15_2 Pin=U$7-2
Added Net: Name=NetJ15_2
Added Pin To Net: NetName=NetJ16_1 Pin=J16-1
Added Pin To Net: NetName=NetJ16_1 Pin=J17-1
Added Pin To Net: NetName=NetJ16_1 Pin=J44-1
Added Pin To Net: NetName=NetJ16_1 Pin=J?-1
Added Pin To Net: NetName=NetJ16_1 Pin=J?-2
Added Net: Name=NetJ16_1
Added Pin To Net: NetName=NetJ17_2 Pin=J17-2
Added Pin To Net: NetName=NetJ17_2 Pin=U$4-CHSENSE
Added Net: Name=NetJ17_2
Added Pin To Net: NetName=NetJ20_1 Pin=J20-1
Added Pin To Net: NetName=NetJ20_1 Pin=U$10-LEFT2
Added Pin To Net: NetName=NetJ20_1 Pin=U$10-RIGHT1
Added Net: Name=NetJ20_1
Added Pin To Net: NetName=NetJ21_2 Pin=J21-2
Added Pin To Net: NetName=NetJ21_2 Pin=J56-1
Added Net: Name=NetJ21_2
Added Pin To Net: NetName=NetJ26_2 Pin=J26-2
Added Pin To Net: NetName=NetJ26_2 Pin=U$11-XTAL2
Added Net: Name=NetJ26_2
Added Pin To Net: NetName=NetJ27_1 Pin=J27-1
Added Pin To Net: NetName=NetJ27_1 Pin=U$1-DDR3_CK_N
Added Net: Name=NetJ27_1
Added Pin To Net: NetName=NetJ27_2 Pin=J27-2
Added Pin To Net: NetName=NetJ27_2 Pin=J78-1
Added Net: Name=NetJ27_2
Added Pin To Net: NetName=NetJ28_1 Pin=J28-1
Added Pin To Net: NetName=NetJ28_1 Pin=U$1-DDR3_CKE
Added Net: Name=NetJ28_1
Added Pin To Net: NetName=NetJ28_2 Pin=J28-2
Added Pin To Net: NetName=NetJ28_2 Pin=J77-1
Added Net: Name=NetJ28_2
Added Pin To Net: NetName=NetJ29_1 Pin=J29-1
Added Pin To Net: NetName=NetJ29_1 Pin=U$1-DDR3_BA1
Added Net: Name=NetJ29_1
Added Pin To Net: NetName=NetJ29_2 Pin=J29-2
Added Pin To Net: NetName=NetJ29_2 Pin=J81-1
Added Net: Name=NetJ29_2
Added Pin To Net: NetName=NetJ30_1 Pin=J30-1
Added Pin To Net: NetName=NetJ30_1 Pin=U$1-DDR3_A1
Added Net: Name=NetJ30_1
Added Pin To Net: NetName=NetJ30_2 Pin=J30-2
Added Pin To Net: NetName=NetJ30_2 Pin=J57-1
Added Net: Name=NetJ30_2
Added Pin To Net: NetName=NetJ31_1 Pin=J31-1
Added Pin To Net: NetName=NetJ31_1 Pin=U$1-DDR3_A6
Added Net: Name=NetJ31_1
Added Pin To Net: NetName=NetJ31_2 Pin=J31-2
Added Pin To Net: NetName=NetJ31_2 Pin=J61-1
Added Net: Name=NetJ31_2
Added Pin To Net: NetName=NetJ32_2 Pin=J32-2
Added Pin To Net: NetName=NetJ32_2 Pin=J81-2
Added Net: Name=NetJ32_2
Added Pin To Net: NetName=NetJ33_2 Pin=J33-2
Added Pin To Net: NetName=NetJ33_2 Pin=J79-2
Added Net: Name=NetJ33_2
Added Pin To Net: NetName=NetJ34_1 Pin=J34-1
Added Pin To Net: NetName=NetJ34_1 Pin=J75-2
Added Net: Name=NetJ34_1
Added Pin To Net: NetName=NetJ35_1 Pin=J35-1
Added Pin To Net: NetName=NetJ35_1 Pin=U$1-DDR3_CAS
Added Net: Name=NetJ35_1
Added Pin To Net: NetName=NetJ35_2 Pin=J35-2
Added Pin To Net: NetName=NetJ35_2 Pin=J101-1
Added Net: Name=NetJ35_2
Added Pin To Net: NetName=NetJ36_2 Pin=J36-2
Added Pin To Net: NetName=NetJ36_2 Pin=U$11-RBIAS
Added Net: Name=NetJ36_2
Added Pin To Net: NetName=NetJ37_1 Pin=J37-1
Added Pin To Net: NetName=NetJ37_1 Pin=J38-2
Added Net: Name=NetJ37_1
Added Pin To Net: NetName=NetJ37_2 Pin=J37-2
Added Pin To Net: NetName=NetJ37_2 Pin=J?-1
Added Net: Name=NetJ37_2
Added Pin To Net: NetName=NetJ39_2 Pin=J39-2
Added Pin To Net: NetName=NetJ39_2 Pin=J40-1
Added Pin To Net: NetName=NetJ39_2 Pin=X3-4
Added Net: Name=NetJ39_2
Added Pin To Net: NetName=NetJ40_2 Pin=J40-2
Added Pin To Net: NetName=NetJ40_2 Pin=X2-4
Added Net: Name=NetJ40_2
Added Pin To Net: NetName=NetJ41_1 Pin=J41-1
Added Pin To Net: NetName=NetJ41_1 Pin=J76-2
Added Net: Name=NetJ41_1
Added Pin To Net: NetName=NetJ42_1 Pin=J42-1
Added Pin To Net: NetName=NetJ42_1 Pin=X6-1
Added Pin To Net: NetName=NetJ42_1 Pin=X6-1
Added Pin To Net: NetName=NetJ42_1 Pin=X6-1
Added Pin To Net: NetName=NetJ42_1 Pin=X7-1
Added Pin To Net: NetName=NetJ42_1 Pin=X7-1
Added Pin To Net: NetName=NetJ42_1 Pin=X7-1
Added Net: Name=NetJ42_1
Added Pin To Net: NetName=NetJ42_2 Pin=J42-2
Added Pin To Net: NetName=NetJ42_2 Pin=J54-2
Added Pin To Net: NetName=NetJ42_2 Pin=X2-1
Added Pin To Net: NetName=NetJ42_2 Pin=X2-1
Added Pin To Net: NetName=NetJ42_2 Pin=X2-1
Added Pin To Net: NetName=NetJ42_2 Pin=X3-1
Added Pin To Net: NetName=NetJ42_2 Pin=X3-1
Added Pin To Net: NetName=NetJ42_2 Pin=X3-1
Added Net: Name=NetJ42_2
Added Pin To Net: NetName=NetJ43_1 Pin=J43-1
Added Pin To Net: NetName=NetJ43_1 Pin=X6-4
Added Net: Name=NetJ43_1
Added Pin To Net: NetName=NetJ45_1 Pin=J45-1
Added Pin To Net: NetName=NetJ45_1 Pin=J46-1
Added Pin To Net: NetName=NetJ45_1 Pin=X5-4
Added Net: Name=NetJ45_1
Added Pin To Net: NetName=NetJ45_2 Pin=J45-2
Added Pin To Net: NetName=NetJ45_2 Pin=X4-4
Added Net: Name=NetJ45_2
Added Pin To Net: NetName=NetJ46_2 Pin=J46-2
Added Pin To Net: NetName=NetJ46_2 Pin=J?-2
Added Pin To Net: NetName=NetJ46_2 Pin=U$4-N_OE
Added Pin To Net: NetName=NetJ46_2 Pin=U$4-PGND2
Added Pin To Net: NetName=NetJ46_2 Pin=U$4-SCK
Added Pin To Net: NetName=NetJ46_2 Pin=U$4-SDA
Added Pin To Net: NetName=NetJ46_2 Pin=U$4-VIN2
Added Net: Name=NetJ46_2
Added Pin To Net: NetName=NetJ48_1 Pin=J48-1
Added Pin To Net: NetName=NetJ48_1 Pin=X5-1
Added Pin To Net: NetName=NetJ48_1 Pin=X5-1
Added Pin To Net: NetName=NetJ48_1 Pin=X5-1
Added Net: Name=NetJ48_1
Added Pin To Net: NetName=NetJ48_2 Pin=J48-2
Added Pin To Net: NetName=NetJ48_2 Pin=X4-1
Added Pin To Net: NetName=NetJ48_2 Pin=X4-1
Added Pin To Net: NetName=NetJ48_2 Pin=X4-1
Added Net: Name=NetJ48_2
Added Pin To Net: NetName=NetJ49_1 Pin=J49-1
Added Pin To Net: NetName=NetJ49_1 Pin=J98-1
Added Net: Name=NetJ49_1
Added Pin To Net: NetName=NetJ49_2 Pin=J49-2
Added Pin To Net: NetName=NetJ49_2 Pin=J108-2
Added Net: Name=NetJ49_2
Added Pin To Net: NetName=NetJ50_1 Pin=J50-1
Added Pin To Net: NetName=NetJ50_1 Pin=J68-2
Added Net: Name=NetJ50_1
Added Pin To Net: NetName=NetJ51_1 Pin=J51-1
Added Pin To Net: NetName=NetJ51_1 Pin=J80-1
Added Net: Name=NetJ51_1
Added Pin To Net: NetName=NetJ51_2 Pin=J51-2
Added Pin To Net: NetName=NetJ51_2 Pin=J88-2
Added Net: Name=NetJ51_2
Added Pin To Net: NetName=NetJ52_1 Pin=J52-1
Added Pin To Net: NetName=NetJ52_1 Pin=J82-2
Added Net: Name=NetJ52_1
Added Pin To Net: NetName=NetJ55_1 Pin=J55-1
Added Pin To Net: NetName=NetJ55_1 Pin=U$1-MICIN1
Added Net: Name=NetJ55_1
Added Pin To Net: NetName=NetJ55_2 Pin=J55-2
Added Pin To Net: NetName=NetJ55_2 Pin=J56-2
Added Net: Name=NetJ55_2
Added Pin To Net: NetName=NetJ56_1 Pin=J56-1
Added Pin To Net: NetName=NetJ56_1 Pin=U$9-GND
Added Pin To Net: NetName=NetJ56_1 Pin=U$9-LEFT1
Added Net: Name=NetJ56_1
Added Pin To Net: NetName=NetJ58_1 Pin=J58-1
Added Pin To Net: NetName=NetJ58_1 Pin=J69-2
Added Net: Name=NetJ58_1
Added Pin To Net: NetName=NetJ58_2 Pin=J58-2
Added Pin To Net: NetName=NetJ58_2 Pin=J90-1
Added Net: Name=NetJ58_2
Added Pin To Net: NetName=NetJ59_1 Pin=J59-1
Added Pin To Net: NetName=NetJ59_1 Pin=J77-2
Added Net: Name=NetJ59_1
Added Pin To Net: NetName=NetJ60_2 Pin=J60-2
Added Pin To Net: NetName=NetJ60_2 Pin=U$1-HPOUTR
Added Net: Name=NetJ60_2
Added Pin To Net: NetName=NetJ62_2 Pin=J62-2
Added Pin To Net: NetName=NetJ62_2 Pin=U$1-VDD2_INT
Added Net: Name=NetJ62_2
Added Pin To Net: NetName=NetJ63_1 Pin=J63-1
Added Pin To Net: NetName=NetJ63_1 Pin=U$11-USBDP1
Added Net: Name=NetJ63_1
Added Pin To Net: NetName=NetJ63_2 Pin=J63-2
Added Pin To Net: NetName=NetJ63_2 Pin=X2-3
Added Net: Name=NetJ63_2
Added Pin To Net: NetName=NetJ64_1 Pin=J64-1
Added Pin To Net: NetName=NetJ64_1 Pin=U$4-LX2
Added Net: Name=NetJ64_1
Added Pin To Net: NetName=NetJ64_2 Pin=J64-2
Added Net: Name=NetJ64_2
Added Pin To Net: NetName=NetJ67_1 Pin=J67-1
Added Pin To Net: NetName=NetJ67_1 Pin=J99-2
Added Net: Name=NetJ67_1
Added Pin To Net: NetName=NetJ68_1 Pin=J68-1
Added Pin To Net: NetName=NetJ68_1 Pin=U$1-DDR3_BA0
Added Net: Name=NetJ68_1
Added Pin To Net: NetName=NetJ69_1 Pin=J69-1
Added Pin To Net: NetName=NetJ69_1 Pin=J105-2
Added Net: Name=NetJ69_1
Added Pin To Net: NetName=NetJ70_1 Pin=J70-1
Added Pin To Net: NetName=NetJ70_1 Pin=J106-2
Added Net: Name=NetJ70_1
Added Pin To Net: NetName=NetJ70_2 Pin=J70-2
Added Pin To Net: NetName=NetJ70_2 Pin=J99-1
Added Net: Name=NetJ70_2
Added Pin To Net: NetName=NetJ71_2 Pin=J71-2
Added Pin To Net: NetName=NetJ71_2 Pin=J78-2
Added Net: Name=NetJ71_2
Added Pin To Net: NetName=NetJ72_1 Pin=J72-1
Added Pin To Net: NetName=NetJ72_1 Pin=U$1-DDR3_A10
Added Net: Name=NetJ72_1
Added Pin To Net: NetName=NetJ73_2 Pin=J73-2
Added Pin To Net: NetName=NetJ73_2 Pin=J100-1
Added Net: Name=NetJ73_2
Added Pin To Net: NetName=NetJ74_2 Pin=J74-2
Added Pin To Net: NetName=NetJ74_2 Pin=J93-1
Added Net: Name=NetJ74_2
Added Pin To Net: NetName=NetJ75_1 Pin=J75-1
Added Pin To Net: NetName=NetJ75_1 Pin=U$1-DDR3_A11
Added Net: Name=NetJ75_1
Added Pin To Net: NetName=NetJ76_1 Pin=J76-1
Added Pin To Net: NetName=NetJ76_1 Pin=U$1-DDR3_A8
Added Net: Name=NetJ76_1
Added Pin To Net: NetName=NetJ82_1 Pin=J82-1
Added Pin To Net: NetName=NetJ82_1 Pin=U$1-DDR3_BA2
Added Net: Name=NetJ82_1
Added Pin To Net: NetName=NetJ83_1 Pin=J83-1
Added Pin To Net: NetName=NetJ83_1 Pin=U$1-DDR3_A12
Added Net: Name=NetJ83_1
Added Pin To Net: NetName=NetJ84_1 Pin=J84-1
Added Pin To Net: NetName=NetJ84_1 Pin=J93-2
Added Net: Name=NetJ84_1
Added Pin To Net: NetName=NetJ86_1 Pin=J86-1
Added Pin To Net: NetName=NetJ86_1 Pin=J104-2
Added Net: Name=NetJ86_1
Added Pin To Net: NetName=NetJ86_2 Pin=J86-2
Added Pin To Net: NetName=NetJ86_2 Pin=J94-1
Added Net: Name=NetJ86_2
Added Pin To Net: NetName=NetJ87_1 Pin=J87-1
Added Pin To Net: NetName=NetJ87_1 Pin=J107-2
Added Net: Name=NetJ87_1
Added Pin To Net: NetName=NetJ87_2 Pin=J87-2
Added Pin To Net: NetName=NetJ87_2 Pin=J97-1
Added Net: Name=NetJ87_2
Added Pin To Net: NetName=NetJ88_1 Pin=J88-1
Added Pin To Net: NetName=NetJ88_1 Pin=U$1-DDR3_A14
Added Net: Name=NetJ88_1
Added Pin To Net: NetName=NetJ89_1 Pin=J89-1
Added Pin To Net: NetName=NetJ89_1 Pin=J94-2
Added Net: Name=NetJ89_1
Added Pin To Net: NetName=NetJ91_1 Pin=J91-1
Added Pin To Net: NetName=NetJ91_1 Pin=J95-2
Added Net: Name=NetJ91_1
Added Pin To Net: NetName=NetJ92_2 Pin=J92-2
Added Pin To Net: NetName=NetJ92_2 Pin=J102-1
Added Net: Name=NetJ92_2
Added Pin To Net: NetName=NetJ95_1 Pin=J95-1
Added Pin To Net: NetName=NetJ95_1 Pin=J102-2
Added Net: Name=NetJ95_1
Added Pin To Net: NetName=NetJ96_1 Pin=J96-1
Added Pin To Net: NetName=NetJ96_1 Pin=J98-2
Added Net: Name=NetJ96_1
Added Pin To Net: NetName=NetJ103_1 Pin=J103-1
Added Pin To Net: NetName=NetJ103_1 Pin=U$1-DDR3_A0
Added Net: Name=NetJ103_1
Added Pin To Net: NetName=NetJ104_1 Pin=J104-1
Added Pin To Net: NetName=NetJ104_1 Pin=U$1-DDR3_A3
Added Net: Name=NetJ104_1
Added Pin To Net: NetName=NetJ105_1 Pin=J105-1
Added Pin To Net: NetName=NetJ105_1 Pin=U$1-DDR3_A2
Added Net: Name=NetJ105_1
Added Pin To Net: NetName=NetJ106_1 Pin=J106-1
Added Pin To Net: NetName=NetJ106_1 Pin=U$1-DDR3_A5
Added Net: Name=NetJ106_1
Added Pin To Net: NetName=NetJ107_1 Pin=J107-1
Added Pin To Net: NetName=NetJ107_1 Pin=U$1-DDR3_A9
Added Net: Name=NetJ107_1
Added Pin To Net: NetName=NetJ108_1 Pin=J108-1
Added Pin To Net: NetName=NetJ108_1 Pin=U$1-DDR3_A7
Added Net: Name=NetJ108_1
Added Pin To Net: NetName=NetJ112_1 Pin=J112-1
Added Pin To Net: NetName=NetJ112_1 Pin=U$16-P$1
Added Net: Name=NetJ112_1
Added Pin To Net: NetName=NetJ112_2 Pin=J112-2
Added Pin To Net: NetName=NetJ112_2 Pin=U$3-5
Added Net: Name=NetJ112_2
Added Pin To Net: NetName=NetJ115_1 Pin=J115-1
Added Pin To Net: NetName=NetJ115_1 Pin=U$13-P$1
Added Net: Name=NetJ115_1
Added Pin To Net: NetName=NetJ115_2 Pin=J115-2
Added Pin To Net: NetName=NetJ115_2 Pin=U$3-8
Added Net: Name=NetJ115_2
Added Pin To Net: NetName=NetJ116_1 Pin=J116-1
Added Pin To Net: NetName=NetJ116_1 Pin=U$12-P$1
Added Net: Name=NetJ116_1
Added Pin To Net: NetName=NetJ116_2 Pin=J116-2
Added Pin To Net: NetName=NetJ116_2 Pin=U$3-9
Added Net: Name=NetJ116_2
Added Pin To Net: NetName=NetJ117_1 Pin=J117-1
Added Pin To Net: NetName=NetJ117_1 Pin=U$15-P$1
Added Net: Name=NetJ117_1
Added Pin To Net: NetName=NetJ117_2 Pin=J117-2
Added Pin To Net: NetName=NetJ117_2 Pin=U$3-6
Added Net: Name=NetJ117_2
Added Pin To Net: NetName=NetJ119_1 Pin=J119-1
Added Pin To Net: NetName=NetJ119_1 Pin=U$14-P$1
Added Net: Name=NetJ119_1
Added Pin To Net: NetName=NetJ119_2 Pin=J119-2
Added Pin To Net: NetName=NetJ119_2 Pin=U$3-7
Added Net: Name=NetJ119_2
Added Pin To Net: NetName=NetJ120_1 Pin=J120-1
Added Pin To Net: NetName=NetJ120_1 Pin=U$1-LCD_D21/PD21
Added Net: Name=NetJ120_1
Added Pin To Net: NetName=NetJ120_2 Pin=J120-2
Added Pin To Net: NetName=NetJ120_2 Pin=U$3-46
Added Net: Name=NetJ120_2
Added Pin To Net: NetName=NetJ121_1 Pin=J121-1
Added Pin To Net: NetName=NetJ121_1 Pin=U$1-LCD_D22/PD22
Added Net: Name=NetJ121_1
Added Pin To Net: NetName=NetJ121_2 Pin=J121-2
Added Pin To Net: NetName=NetJ121_2 Pin=U$3-47
Added Net: Name=NetJ121_2
Added Pin To Net: NetName=NetJ122_1 Pin=J122-1
Added Pin To Net: NetName=NetJ122_1 Pin=U$1-LCD_D23/PD23
Added Net: Name=NetJ122_1
Added Pin To Net: NetName=NetJ122_2 Pin=J122-2
Added Pin To Net: NetName=NetJ122_2 Pin=U$3-48
Added Net: Name=NetJ122_2
Added Pin To Net: NetName=NetJ123_1 Pin=J123-1
Added Pin To Net: NetName=NetJ123_1 Pin=U$3-33
Added Net: Name=NetJ123_1
Added Pin To Net: NetName=NetJ123_2 Pin=J123-2
Added Pin To Net: NetName=NetJ123_2 Pin=U$19-P$1
Added Net: Name=NetJ123_2
Added Pin To Net: NetName=NetJ124_1 Pin=J124-1
Added Pin To Net: NetName=NetJ124_1 Pin=U$3-27
Added Net: Name=NetJ124_1
Added Pin To Net: NetName=NetJ124_2 Pin=J124-2
Added Pin To Net: NetName=NetJ124_2 Pin=U$21-P$1
Added Net: Name=NetJ124_2
Added Pin To Net: NetName=NetJ125_1 Pin=J125-1
Added Pin To Net: NetName=NetJ125_1 Pin=U$3-31
Added Net: Name=NetJ125_1
Added Pin To Net: NetName=NetJ125_2 Pin=J125-2
Added Pin To Net: NetName=NetJ125_2 Pin=U$20-P$1
Added Net: Name=NetJ125_2
Added Pin To Net: NetName=NetJ153_1 Pin=J153-1
Added Pin To Net: NetName=NetJ153_1 Pin=X4-2
Added Net: Name=NetJ153_1
Added Pin To Net: NetName=NetJ153_2 Pin=J153-2
Added Pin To Net: NetName=NetJ153_2 Pin=U$11-USBDN6
Added Net: Name=NetJ153_2
Added Pin To Net: NetName=NetJ?_2 Pin=J?-2
Added Pin To Net: NetName=NetJ?_2 Pin=U$3-25
Added Pin To Net: NetName=NetJ?_2 Pin=U$3-40
Added Net: Name=NetJ?_2
Added Pin To Net: NetName=NetL12_2 Pin=U$4-LX1
Added Net: Name=NetL12_2
Added Pin To Net: NetName=NetL13_1 Pin=U$4-LX
Added Net: Name=NetL13_1
Added Pin To Net: NetName=NetS1_1A Pin=S1-1A
Added Pin To Net: NetName=NetS1_1A Pin=S1-1B
Added Pin To Net: NetName=NetS1_1A Pin=U$4-PWRON
Added Net: Name=NetS1_1A
Added Pin To Net: NetName=NetU$1_LCD_D2/PD2 Pin=U$1-LCD_D2/PD2
Added Pin To Net: NetName=NetU$1_LCD_D2/PD2 Pin=U$3-18
Added Net: Name=NetU$1_LCD_D2/PD2
Added Pin To Net: NetName=NetU$1_LCD_D3/PD3 Pin=U$1-LCD_D3/PD3
Added Pin To Net: NetName=NetU$1_LCD_D3/PD3 Pin=U$3-19
Added Net: Name=NetU$1_LCD_D3/PD3
Added Pin To Net: NetName=NetU$1_LCD_D4/PD4 Pin=U$1-LCD_D4/PD4
Added Pin To Net: NetName=NetU$1_LCD_D4/PD4 Pin=U$3-20
Added Net: Name=NetU$1_LCD_D4/PD4
Added Pin To Net: NetName=NetU$1_LCD_D5/PD5 Pin=U$1-LCD_D5/PD5
Added Pin To Net: NetName=NetU$1_LCD_D5/PD5 Pin=U$3-21
Added Net: Name=NetU$1_LCD_D5/PD5
Added Pin To Net: NetName=NetU$1_LCD_D6/PD6 Pin=U$1-LCD_D6/PD6
Added Pin To Net: NetName=NetU$1_LCD_D6/PD6 Pin=U$3-22
Added Net: Name=NetU$1_LCD_D6/PD6
Added Pin To Net: NetName=NetU$1_LCD_D7/PD7 Pin=U$1-LCD_D7/PD7
Added Pin To Net: NetName=NetU$1_LCD_D7/PD7 Pin=U$3-23
Added Net: Name=NetU$1_LCD_D7/PD7
Added Pin To Net: NetName=NetU$1_LCD_D10/PD10 Pin=U$1-LCD_D10/PD10
Added Pin To Net: NetName=NetU$1_LCD_D10/PD10 Pin=U$16-P$2
Added Net: Name=NetU$1_LCD_D10/PD10
Added Pin To Net: NetName=NetU$1_LCD_D11/PD11 Pin=U$1-LCD_D11/PD11
Added Pin To Net: NetName=NetU$1_LCD_D11/PD11 Pin=U$15-P$2
Added Net: Name=NetU$1_LCD_D11/PD11
Added Pin To Net: NetName=NetU$1_LCD_D12/PD12 Pin=U$1-LCD_D12/PD12
Added Pin To Net: NetName=NetU$1_LCD_D12/PD12 Pin=U$14-P$2
Added Net: Name=NetU$1_LCD_D12/PD12
Added Pin To Net: NetName=NetU$1_LCD_D13/PD13 Pin=U$1-LCD_D13/PD13
Added Pin To Net: NetName=NetU$1_LCD_D13/PD13 Pin=U$13-P$2
Added Net: Name=NetU$1_LCD_D13/PD13
Added Pin To Net: NetName=NetU$1_LCD_D14/PD14 Pin=U$1-LCD_D14/PD14
Added Pin To Net: NetName=NetU$1_LCD_D14/PD14 Pin=U$12-P$2
Added Net: Name=NetU$1_LCD_D14/PD14
Added Pin To Net: NetName=NetU$1_LCD_D18/PD18 Pin=U$1-LCD_D18/PD18
Added Pin To Net: NetName=NetU$1_LCD_D18/PD18 Pin=U$8-P$2
Added Net: Name=NetU$1_LCD_D18/PD18
Added Pin To Net: NetName=NetU$1_LCD_D19/PD19 Pin=U$1-LCD_D19/PD19
Added Pin To Net: NetName=NetU$1_LCD_D19/PD19 Pin=U$5-P$2
Added Net: Name=NetU$1_LCD_D19/PD19
Added Pin To Net: NetName=NetU$1_LCD_D20/PD20 Pin=U$1-LCD_D20/PD20
Added Pin To Net: NetName=NetU$1_LCD_D20/PD20 Pin=U$2-P$2
Added Net: Name=NetU$1_LCD_D20/PD20
Added Pin To Net: NetName=NetU$1_LCD_HSYNC/PD26 Pin=U$1-LCD_HSYNC/PD26
Added Pin To Net: NetName=NetU$1_LCD_HSYNC/PD26 Pin=U$23-P$1
Added Net: Name=NetU$1_LCD_HSYNC/PD26
Added Pin To Net: NetName=NetU$1_LCD_VSYNC/PD27 Pin=U$1-LCD_VSYNC/PD27
Added Pin To Net: NetName=NetU$1_LCD_VSYNC/PD27 Pin=U$22-P$1
Added Net: Name=NetU$1_LCD_VSYNC/PD27
Added Pin To Net: NetName=NetU$1_UDM1 Pin=U$1-UDM1
Added Pin To Net: NetName=NetU$1_UDM1 Pin=U$11-USBDN0
Added Net: Name=NetU$1_UDM1
Added Pin To Net: NetName=NetU$1_UDP1 Pin=U$1-UDP1
Added Pin To Net: NetName=NetU$1_UDP1 Pin=U$11-USBDP0
Added Net: Name=NetU$1_UDP1
Added Pin To Net: NetName=NetU$2_P$1 Pin=U$2-P$1
Added Pin To Net: NetName=NetU$2_P$1 Pin=U$3-45
Added Net: Name=NetU$2_P$1
Added Pin To Net: NetName=NetU$3_43 Pin=U$3-43
Added Pin To Net: NetName=NetU$3_43 Pin=U$8-P$1
Added Net: Name=NetU$3_43
Added Pin To Net: NetName=NetU$3_44 Pin=U$3-44
Added Pin To Net: NetName=NetU$3_44 Pin=U$5-P$1
Added Net: Name=NetU$3_44
Added Pin To Net: NetName=NetU$4_LDO3IN Pin=U$4-LDO3IN
Added Pin To Net: NetName=NetU$4_LDO3IN Pin=U$4-VIN1
Added Net: Name=NetU$4_LDO3IN
Added Pin To Net: NetName=NetU$7_11 Pin=U$7-11
Added Pin To Net: NetName=NetU$7_11 Pin=U$25-P$2
Added Net: Name=NetU$7_11
Added Pin To Net: NetName=NetU$7_12 Pin=U$7-12
Added Pin To Net: NetName=NetU$7_12 Pin=U$24-P$2
Added Net: Name=NetU$7_12
Added Pin To Net: NetName=NetU$9_LEFT2 Pin=U$9-LEFT2
Added Pin To Net: NetName=NetU$9_LEFT2 Pin=U$9-RIGHT1
Added Net: Name=NetU$9_LEFT2
Added Pin To Net: NetName=NetU$11_USBDN1 Pin=U$11-USBDN1
Added Pin To Net: NetName=NetU$11_USBDN1 Pin=X2-2
Added Net: Name=NetU$11_USBDN1
Added Pin To Net: NetName=NetU$11_USBDN2 Pin=U$11-USBDN2
Added Pin To Net: NetName=NetU$11_USBDN2 Pin=X3-2
Added Net: Name=NetU$11_USBDN2
Added Pin To Net: NetName=NetU$11_USBDN3 Pin=U$11-USBDN3
Added Pin To Net: NetName=NetU$11_USBDN3 Pin=X7-2
Added Net: Name=NetU$11_USBDN3
Added Pin To Net: NetName=NetU$11_USBDN4 Pin=U$11-USBDN4
Added Pin To Net: NetName=NetU$11_USBDN4 Pin=X6-3
Added Net: Name=NetU$11_USBDN4
Added Pin To Net: NetName=NetU$11_USBDN5 Pin=U$11-USBDN5
Added Pin To Net: NetName=NetU$11_USBDN5 Pin=X5-2
Added Net: Name=NetU$11_USBDN5
Added Pin To Net: NetName=NetU$11_USBDN7 Pin=U$11-USBDN7
Added Pin To Net: NetName=NetU$11_USBDN7 Pin=U$26-P$1
Added Net: Name=NetU$11_USBDN7
Added Pin To Net: NetName=NetU$11_USBDP2 Pin=U$11-USBDP2
Added Pin To Net: NetName=NetU$11_USBDP2 Pin=X3-3
Added Net: Name=NetU$11_USBDP2
Added Pin To Net: NetName=NetU$11_USBDP3 Pin=U$11-USBDP3
Added Pin To Net: NetName=NetU$11_USBDP3 Pin=X7-3
Added Net: Name=NetU$11_USBDP3
Added Pin To Net: NetName=NetU$11_USBDP4 Pin=U$11-USBDP4
Added Pin To Net: NetName=NetU$11_USBDP4 Pin=X6-2
Added Net: Name=NetU$11_USBDP4
Added Pin To Net: NetName=NetU$11_USBDP5 Pin=U$11-USBDP5
Added Pin To Net: NetName=NetU$11_USBDP5 Pin=X5-3
Added Net: Name=NetU$11_USBDP5
Added Pin To Net: NetName=NetU$11_USBDP6 Pin=U$11-USBDP6
Added Pin To Net: NetName=NetU$11_USBDP6 Pin=X4-3
Added Net: Name=NetU$11_USBDP6
Added Pin To Net: NetName=NetU$11_USBDP7 Pin=U$11-USBDP7
Added Pin To Net: NetName=NetU$11_USBDP7 Pin=U$27-P$1
Added Net: Name=NetU$11_USBDP7
Added Pin To Net: NetName=NetU$17_P$1 Pin=U$17-P$1
Added Pin To Net: NetName=NetU$17_P$1 Pin=U$23-P$2
Added Net: Name=NetU$17_P$1
Added Pin To Net: NetName=NetU$17_P$2 Pin=U$17-P$2
Added Pin To Net: NetName=NetU$17_P$2 Pin=X1-13
Added Net: Name=NetU$17_P$2
Added Pin To Net: NetName=NetU$18_P$1 Pin=U$18-P$1
Added Pin To Net: NetName=NetU$18_P$1 Pin=U$22-P$2
Added Net: Name=NetU$18_P$1
Added Pin To Net: NetName=NetU$18_P$2 Pin=U$18-P$2
Added Pin To Net: NetName=NetU$18_P$2 Pin=X1-14
Added Net: Name=NetU$18_P$2
Added Pin To Net: NetName=NetU$19_P$2 Pin=U$19-P$2
Added Pin To Net: NetName=NetU$19_P$2 Pin=X1-1
Added Pin To Net: NetName=NetU$19_P$2 Pin=X1-1
Added Pin To Net: NetName=NetU$19_P$2 Pin=X1-1
Added Net: Name=NetU$19_P$2
Added Pin To Net: NetName=NetU$20_P$2 Pin=U$20-P$2
Added Pin To Net: NetName=NetU$20_P$2 Pin=X1-2
Added Net: Name=NetU$20_P$2
Added Pin To Net: NetName=NetU$21_P$2 Pin=U$21-P$2
Added Pin To Net: NetName=NetU$21_P$2 Pin=X1-3
Added Net: Name=NetU$21_P$2
Added Pin To Net: NetName=VCC Pin=U$6-+
Added Net: Name=VCC
