Change Component Designator: OldDesignator=C1 NewDesignator=C?4
Change Component Designator: OldDesignator=C3 NewDesignator=C?20
Change Component Designator: OldDesignator=C4 NewDesignator=C?32
Change Component Designator: OldDesignator=C5 NewDesignator=C?33
Change Component Designator: OldDesignator=C6 NewDesignator=C?9
Change Component Designator: OldDesignator=C7 NewDesignator=C?38
Change Component Designator: OldDesignator=C8 NewDesignator=C?13
Change Component Designator: OldDesignator=C9 NewDesignator=C?21
Change Component Designator: OldDesignator=C10 NewDesignator=C?35
Change Component Designator: OldDesignator=C11 NewDesignator=C?36
Change Component Designator: OldDesignator=C12 NewDesignator=C?30
Change Component Designator: OldDesignator=C13 NewDesignator=C?15
Change Component Designator: OldDesignator=C14 NewDesignator=C?11
Change Component Designator: OldDesignator=C15 NewDesignator=C?24
Change Component Designator: OldDesignator=C16 NewDesignator=C?8
Change Component Designator: OldDesignator=C17 NewDesignator=C?37
Change Component Designator: OldDesignator=C18 NewDesignator=C?16
Change Component Designator: OldDesignator=C19 NewDesignator=C?3
Change Component Designator: OldDesignator=C20 NewDesignator=C?28
Change Component Designator: OldDesignator=C21 NewDesignator=C?2
Change Component Designator: OldDesignator=C22 NewDesignator=C?1
Change Component Designator: OldDesignator=C23 NewDesignator=C?27
Change Component Designator: OldDesignator=C24 NewDesignator=C?12
Change Component Designator: OldDesignator=C25 NewDesignator=C?29
Change Component Designator: OldDesignator=C26 NewDesignator=C?31
Change Component Designator: OldDesignator=C27 NewDesignator=C?5
Change Component Designator: OldDesignator=C28 NewDesignator=C?22
Change Component Designator: OldDesignator=C29 NewDesignator=C?23
Change Component Designator: OldDesignator=C30 NewDesignator=C?26
Change Component Designator: OldDesignator=C31 NewDesignator=C10
Change Component Designator: OldDesignator=C32 NewDesignator=C?7
Change Component Designator: OldDesignator=C33 NewDesignator=C?6
Change Component Designator: OldDesignator=C34 NewDesignator=C?25
Change Component Designator: OldDesignator=C35 NewDesignator=C?34
Change Component Designator: OldDesignator=C36 NewDesignator=C?19
Change Component Designator: OldDesignator=C37 NewDesignator=C?17
Change Component Designator: OldDesignator=C38 NewDesignator=C?14
Change Component Designator: OldDesignator=C39 NewDesignator=C?18
Change Component Designator: OldDesignator=D1 NewDesignator=D?1
Change Component Designator: OldDesignator=D2 NewDesignator=D?2
Change Component Designator: OldDesignator=D3 NewDesignator=D?3
Change Component Designator: OldDesignator=IC4 NewDesignator=IC1
Change Component Designator: OldDesignator=J19 NewDesignator=J1
Change Component Designator: OldDesignator=J25 NewDesignator=J2
Change Component Designator: OldDesignator=L1 NewDesignator=L?1
Change Component Designator: OldDesignator=L2 NewDesignator=L?2
Change Component Designator: OldDesignator=MK1 NewDesignator=MK?1
Change Component Designator: OldDesignator=R1 NewDesignator=R?4
Change Component Designator: OldDesignator=R2 NewDesignator=R?6
Change Component Designator: OldDesignator=R3 NewDesignator=R?8
Change Component Designator: OldDesignator=R4 NewDesignator=R?7
Change Component Designator: OldDesignator=R5 NewDesignator=R?5
Change Component Designator: OldDesignator=R6 NewDesignator=R?3
Change Component Designator: OldDesignator=R7 NewDesignator=R?1
Change Component Designator: OldDesignator=R8 NewDesignator=R?2
Change Component Designator: OldDesignator=R9 NewDesignator=R?9
Change Component Designator: OldDesignator=T1 NewDesignator=T?1
Change Component Designator: OldDesignator=U1 NewDesignator=U?1
Change Component Designator: OldDesignator=U2 NewDesignator=U?2
Change Component Designator: OldDesignator=U$1 NewDesignator=Allwinner A13
Change Component Designator: OldDesignator=U$3 NewDesignator=ADV7125
Change Component Designator: OldDesignator=U$4 NewDesignator=AXP202
Change Component Designator: OldDesignator=U$6 NewDesignator=U$1
Change Component Designator: OldDesignator=U$7 NewDesignator=LAN9500
Change Component Designator: OldDesignator=U$10 NewDesignator=U$4
Change Component Designator: OldDesignator=U$11 NewDesignator=U$3
Change Component Designator: OldDesignator=X1 NewDesignator=X7
Change Component Designator: OldDesignator=X2 NewDesignator=X5
Change Component Designator: OldDesignator=X4 NewDesignator=X2
Change Component Designator: OldDesignator=X5 NewDesignator=X1
Change Component Designator: OldDesignator=X6 NewDesignator=X4
Change Component Designator: OldDesignator=X7 NewDesignator=X6
