Removed Pin From Net: NetName=NetC?_1 Pin=C?-1
Removed Pin From Net: NetName=NetC?_2 Pin=C?-2
Removed Pin From Net: NetName=NetIC4_6 Pin=IC4-6
Removed Pin From Net: NetName=NetC?_2 Pin=J19-1
Removed Pin From Net: NetName=NetC?_2 Pin=J19-2
Removed Pin From Net: NetName=NetC?_2 Pin=J25-1
Removed Pin From Net: NetName=NetC?_1 Pin=J25-2
Removed Pin From Net: NetName=NetIC4_6 Pin=U$1-SDC0_CLK/PF2
Removed Pin From Net: NetName=NetC?_2 Pin=U$4-ACIN1
Removed Pin From Net: NetName=NetC?_2 Pin=U$4-ACIN
Removed Pin From Net: NetName=NetC?_2 Pin=U$4-APS
Removed Pin From Net: NetName=NetC?_1 Pin=U$4-DCDC3
Removed Pin From Net: NetName=NetC?_2 Pin=U$4-GPIO0
Removed Pin From Net: NetName=NetC?_2 Pin=U$4-IPSOUT1
Removed Pin From Net: NetName=NetC?_2 Pin=U$4-LDO1
Removed Pin From Net: NetName=NetC?_1 Pin=U$4-LDO4
Removed Pin From Net: NetName=NetC?_1 Pin=U$4-LDO24IN
Removed Pin From Net: NetName=NetC?_1 Pin=U$4-PGND1
Removed Pin From Net: NetName=NetC?_2 Pin=U$4-VBUS
Removed Pin From Net: NetName=NetC?_1 Pin=U$4-VIN3
Removed Pin From Net: NetName=NetC?_1 Pin=U$6-GND1
Removed Pin From Net: NetName=NetC?_1 Pin=U$6-GND
Removed Pin From Net: NetName=NetC?_2 Pin=U$7-18
Removed Pin From Net: NetName=NetC?_2 Pin=U$7-19
Removed Pin From Net: NetName=NetC?_1 Pin=U$7-25
Removed Pin From Net: NetName=NetC?_1 Pin=U$7-35
Removed Pin From Net: NetName=NetC?_1 Pin=U$7-48
Removed Pin From Net: NetName=NetC?_1 Pin=U$7-51
Removed Pin From Net: NetName=NetC?_1 Pin=U$11-XTAL2
Removed Pin From Net: NetName=NetC?_1 Pin=X2-4
Removed Pin From Net: NetName=NetC?_1 Pin=X3-4
Removed Pin From Net: NetName=GND Pin=X4-4
Removed Pin From Net: NetName=GND Pin=X5-4
Removed Pin From Net: NetName=NetC?_1 Pin=X6-4
Removed Pin From Net: NetName=NetC?_1 Pin=X7-4
Added Component: Designator=C?(RAD-0.3)
Added Pin To Net: NetName=GND Pin=C?-1
Added Pin To Net: NetName=GND Pin=C?-1
Added Pin To Net: NetName=GND Pin=C?-1
Added Pin To Net: NetName=GND Pin=C?-1
Added Pin To Net: NetName=GND Pin=C?-1
Added Pin To Net: NetName=GND Pin=C?-1
Added Pin To Net: NetName=GND Pin=C?-1
Added Pin To Net: NetName=NetC2_1 Pin=C?-1
Added Pin To Net: NetName=NetC2_1 Pin=C?-1
Added Pin To Net: NetName=NetC2_1 Pin=C?-1
Added Pin To Net: NetName=NetC?_1 Pin=C?-1
Added Pin To Net: NetName=NetC?_1 Pin=C?-1
Added Pin To Net: NetName=NetC?_1 Pin=C?-1
Added Pin To Net: NetName=NetC?_1 Pin=C?-1
Added Pin To Net: NetName=NetC?_1 Pin=C?-1
Added Pin To Net: NetName=NetC?_1 Pin=C?-1
Added Pin To Net: NetName=NetC?_1 Pin=C?-1
Added Pin To Net: NetName=NetC?_1 Pin=C?-1
Added Pin To Net: NetName=NetC?_1 Pin=C?-1
Added Pin To Net: NetName=NetC?_1 Pin=C?-1
Added Pin To Net: NetName=NetC?_1 Pin=C?-1
Added Pin To Net: NetName=NetC?_1 Pin=C?-1
Added Pin To Net: NetName=NetC?_1 Pin=C?-1
Added Pin To Net: NetName=NetC?_1 Pin=C?-1
Added Pin To Net: NetName=NetC?_1 Pin=C?-1
Added Pin To Net: NetName=NetC?_1 Pin=C?-1
Added Pin To Net: NetName=GND Pin=C?-2
Added Pin To Net: NetName=N$232 Pin=C?-2
Added Pin To Net: NetName=NetC2_1 Pin=C?-2
Added Pin To Net: NetName=NetC2_1 Pin=C?-2
Added Pin To Net: NetName=NetC2_1 Pin=C?-2
Added Pin To Net: NetName=NetC2_1 Pin=C?-2
Added Pin To Net: NetName=NetC?_1 Pin=C?-2
Added Pin To Net: NetName=NetC?_1 Pin=C?-2
Added Pin To Net: NetName=NetC?_1 Pin=C?-2
Added Pin To Net: NetName=NetC?_1 Pin=C?-2
Added Pin To Net: NetName=NetC?_1 Pin=C?-2
Added Pin To Net: NetName=NetC?_1 Pin=C?-2
Added Pin To Net: NetName=NetC?_1 Pin=C?-2
Added Pin To Net: NetName=NetC?_1 Pin=C?-2
Added Pin To Net: NetName=NetC?_1 Pin=C?-2
Added Pin To Net: NetName=NetC?_2 Pin=C?-2
Added Pin To Net: NetName=NetC?_2 Pin=C?-2
Added Pin To Net: NetName=NetC?_2 Pin=C?-2
Added Pin To Net: NetName=NetC?_2 Pin=C?-2
Added Pin To Net: NetName=NetC?_2 Pin=C?-2
Added Pin To Net: NetName=NetC?_2 Pin=C?-2
Added Pin To Net: NetName=NetC?_2 Pin=C?-2
Added Pin To Net: NetName=NetC?_2 Pin=C?-2
Added Pin To Net: NetName=NetC?_2 Pin=C?-2
Added Pin To Net: NetName=NetC?_2 Pin=C?-2
Added Pin To Net: NetName=NetC?_2 Pin=C?-2
Added Pin To Net: NetName=NetC?_2 Pin=C?-2
Added Pin To Net: NetName=NetIC4_6 Pin=IC4-1
Added Pin To Net: NetName=NetJ12_1 Pin=IC4-4
Added Pin To Net: NetName=NetC?_2 Pin=J19-1
Added Pin To Net: NetName=NetC?_2 Pin=J19-2
Added Pin To Net: NetName=NetC?_2 Pin=J25-1
Added Pin To Net: NetName=NetC?_1 Pin=J25-2
Added Pin To Net: NetName=NetIC4_6 Pin=U$1-SDC0_D3/PF4
Added Pin To Net: NetName=NetC?_2 Pin=U$4-ACIN1
Added Pin To Net: NetName=NetC?_2 Pin=U$4-ACIN
Added Pin To Net: NetName=NetC?_2 Pin=U$4-APS
Added Pin To Net: NetName=NetC?_1 Pin=U$4-DCDC3
Added Pin To Net: NetName=NetC?_2 Pin=U$4-GPIO0
Added Pin To Net: NetName=NetC?_2 Pin=U$4-IPSOUT1
Added Pin To Net: NetName=NetC?_2 Pin=U$4-LDO1
Added Pin To Net: NetName=NetC?_1 Pin=U$4-LDO4
Added Pin To Net: NetName=NetC?_1 Pin=U$4-LDO24IN
Added Pin To Net: NetName=NetC?_1 Pin=U$4-PGND1
Added Pin To Net: NetName=NetC?_2 Pin=U$4-VBUS
Added Pin To Net: NetName=NetC?_1 Pin=U$4-VIN3
Added Pin To Net: NetName=NetC?_1 Pin=U$6-GND1
Added Pin To Net: NetName=NetC?_1 Pin=U$6-GND
Added Pin To Net: NetName=NetC?_2 Pin=U$7-18
Added Pin To Net: NetName=NetC?_2 Pin=U$7-19
Added Pin To Net: NetName=NetC?_1 Pin=U$7-25
Added Pin To Net: NetName=NetC?_1 Pin=U$7-35
Added Pin To Net: NetName=NetC?_1 Pin=U$7-48
Added Pin To Net: NetName=NetC?_1 Pin=U$7-51
Added Pin To Net: NetName=NetC?_1 Pin=U$11-XTAL2
Added Pin To Net: NetName=NetC?_1 Pin=X2-4
Added Pin To Net: NetName=NetC?_1 Pin=X3-4
Added Pin To Net: NetName=NetC?_1 Pin=X6-4
Added Pin To Net: NetName=NetC?_1 Pin=X7-4
Change Net Name : Old Net Name=NetIC4_6 New Net Name=NetIC4_1
Change Net Name : Old Net Name=NetJ12_1 New Net Name=NetIC4_4
Added Pin To Net: NetName=NetIC4_2 Pin=IC4-2
Added Pin To Net: NetName=NetIC4_2 Pin=U$1-SDCO_D2/PF5
Added Net: Name=NetIC4_2
Added Pin To Net: NetName=NetIC4_5 Pin=IC4-5
Added Net: Name=NetIC4_5
Added Pin To Net: NetName=NetIC4_8 Pin=IC4-8
Added Pin To Net: NetName=NetIC4_8 Pin=U$1-TWI0-SCK/PB0
Added Net: Name=NetIC4_8
Added Pin To Net: NetName=NetX4_4 Pin=X4-4
Added Pin To Net: NetName=NetX4_4 Pin=X5-4
Added Net: Name=NetX4_4
