Removed Pin From Net: NetName=NetAXP1_ACIN Pin=AXP1-ACIN1
Removed Pin From Net: NetName=NetAXP1_ACIN Pin=AXP1-ACIN
Removed Pin From Net: NetName=NetAXP1_AGND Pin=AXP1-BATSENSE
Removed Pin From Net: NetName=NetAXP1_AGND Pin=AXP1-CHSENSE
Removed Pin From Net: NetName=NetAXP1_DC3SET Pin=AXP1-DC3SET
Removed Pin From Net: NetName=NetAXP1_IPSOUT1 Pin=AXP1-IPSOUT1
Removed Pin From Net: NetName=NetAXP1_AGND Pin=AXP1-LDO3
Removed Pin From Net: NetName=NetAXP1_LDO1 Pin=AXP1-PWROK
Removed Pin From Net: NetName=NetC2_1 Pin=C2-1
Removed Pin From Net: NetName=NetAXP1_AGND Pin=C7-1
Removed Pin From Net: NetName=NetAXP1_ACIN Pin=C7-2
Removed Pin From Net: NetName=NetC8_1 Pin=C8-1
Removed Pin From Net: NetName=NetAXP1_APS Pin=C8-2
Removed Pin From Net: NetName=N$232 Pin=C10-2
Removed Pin From Net: NetName=NetAXP1_LDO1 Pin=C11-1
Removed Pin From Net: NetName=NetAXP1_AGND Pin=C13-1
Removed Pin From Net: NetName=NetAXP1_AGND Pin=C14-1
Removed Pin From Net: NetName=NetAXP1_IPSOUT1 Pin=C14-2
Removed Pin From Net: NetName=NetAXP1_LDO4 Pin=C17-1
Removed Pin From Net: NetName=NetC1_1 Pin=C17-2
Removed Pin From Net: NetName=NetAllwinner A1_VMIC Pin=C38-1
Removed Pin From Net: NetName=NetC3_2 Pin=C38-2
Removed Pin From Net: NetName=NetR7_1 Pin=R7-1
Removed Pin From Net: NetName=NetC8_1 Pin=R7-2
Removed Pin From Net: NetName=NetC2_1 Pin=S1-NC
Change Component Comment : Designator=J1 Old Comment=0R New Comment=ZeroOhm
Change Component Comment : Designator=C1 Old Comment=Cap New Comment=.
Added Component: Designator=C?(RAD-0.3)
Added Component: Designator=R?(AXIAL-0.4)
Added Component: Designator=S?(SPST-2)
Added Pin To Net: NetName=NetAXP1_ACIN Pin=AXP1-LDO2
Added Pin To Net: NetName=NetC5_1 Pin=C8-1
Added Pin To Net: NetName=NetC8_1 Pin=C8-1
Added Pin To Net: NetName=NetAXP1_APS Pin=C8-2
Added Pin To Net: NetName=NetC1_1 Pin=C8-2
Added Pin To Net: NetName=NetC1_1 Pin=C10-2
Added Pin To Net: NetName=NetAXP1_ACIN Pin=C21-1
Added Pin To Net: NetName=NetC1_1 Pin=C21-2
Added Pin To Net: NetName=NetAllwinner A1_VMIC Pin=C38-1
Added Pin To Net: NetName=NetC37_1 Pin=C38-1
Added Pin To Net: NetName=NetC1_1 Pin=C38-2
Added Pin To Net: NetName=NetC3_2 Pin=C38-2
Added Pin To Net: NetName=NetAXP1_LDO1 Pin=C?-1
Added Pin To Net: NetName=N$232 Pin=C?-2
Added Pin To Net: NetName=NetAXP1_DC3SET Pin=IC*1-6
Added Pin To Net: NetName=NetC32_2 Pin=R7-1
Added Pin To Net: NetName=NetR7_1 Pin=R7-1
Added Pin To Net: NetName=NetC8_1 Pin=R7-2
Added Pin To Net: NetName=NetD1_A Pin=R7-2
Added Pin To Net: NetName=NetAXP1_PGND1 Pin=R?-1
Added Pin To Net: NetName=NetAXP1_IPSOUT1 Pin=R?-2
Added Pin To Net: NetName=NetAXP1_IPSOUT1 Pin=S?-1
Added Pin To Net: NetName=NetC1_1 Pin=S?-2
Added Pin To Net: NetName=NetAXP1_DC3SET Pin=X1-4
Added Pin To Net: NetName=NetAXP1_DC3SET Pin=X4-4
Change Net Name : Old Net Name=N$232 New Net Name=GROUND
Change Net Name : Old Net Name=NetAXP1_ACIN New Net Name=NetAXP1_LDO2
Change Net Name : Old Net Name=NetAXP1_DC3SET New Net Name=NetIC*1_6
Change Net Name : Old Net Name=NetAXP1_IPSOUT1 New Net Name=NetR?_2
Change Net Name : Old Net Name=NetC2_1 New Net Name=NetC15_1
