Removed Pin From Net: NetName=NetC?_1 Pin=C?-1
Removed Pin From Net: NetName=NetC?_2 Pin=C?-2
Removed Pin From Net: NetName=NetC?_1 Pin=D?-C
Removed Pin From Net: NetName=NetC?_1 Pin=IC4-4
Removed Pin From Net: NetName=NetC?_2 Pin=J19-1
Removed Pin From Net: NetName=NetC?_2 Pin=J19-2
Removed Pin From Net: NetName=NetC?_2 Pin=J25-1
Removed Pin From Net: NetName=NetC?_1 Pin=J25-2
Removed Pin From Net: NetName=NetC?_2 Pin=L?-1
Removed Pin From Net: NetName=NetC?_1 Pin=L?-2
Removed Pin From Net: NetName=NetC?_2 Pin=MK?-2
Removed Pin From Net: NetName=NetR?_2 Pin=R?-2
Removed Pin From Net: NetName=NetC?_1 Pin=U$1-HPCOM
Removed Pin From Net: NetName=NetC?_1 Pin=U$1-HPOUTL
Removed Pin From Net: NetName=NetC?_1 Pin=U$1-HPOUTR
Removed Pin From Net: NetName=NetC?_1 Pin=U$1-VMIC
Removed Pin From Net: NetName=NetC?_1 Pin=U$3-1
Removed Pin From Net: NetName=NetC?_1 Pin=U$3-2
Removed Pin From Net: NetName=NetC?_1 Pin=U$3-13
Removed Pin From Net: NetName=NetC?_1 Pin=U$3-14
Removed Pin From Net: NetName=NetC?_1 Pin=U$3-15
Removed Pin From Net: NetName=NetC?_1 Pin=U$3-25
Removed Pin From Net: NetName=NetC?_1 Pin=U$3-26
Removed Pin From Net: NetName=NetC?_1 Pin=U$3-29
Removed Pin From Net: NetName=NetC?_1 Pin=U$3-30
Removed Pin From Net: NetName=NetC?_1 Pin=U$3-35
Removed Pin From Net: NetName=NetC?_1 Pin=U$3-39
Removed Pin From Net: NetName=NetC?_1 Pin=U$3-40
Removed Pin From Net: NetName=NetC?_2 Pin=U$4-ACIN1
Removed Pin From Net: NetName=NetC?_2 Pin=U$4-ACIN
Removed Pin From Net: NetName=NetC?_1 Pin=U$4-AGND
Removed Pin From Net: NetName=NetC?_2 Pin=U$4-APS
Removed Pin From Net: NetName=NetC?_1 Pin=U$4-BATSENSE
Removed Pin From Net: NetName=NetC?_1 Pin=U$4-CHSENSE
Removed Pin From Net: NetName=NetC?_2 Pin=U$4-DC3SET
Removed Pin From Net: NetName=NetC?_2 Pin=U$4-GPIO0
Removed Pin From Net: NetName=NetC?_2 Pin=U$4-IPSOUT1
Removed Pin From Net: NetName=NetC?_1 Pin=U$4-LDO3
Removed Pin From Net: NetName=NetC?_1 Pin=U$4-LDO4
Removed Pin From Net: NetName=NetC?_1 Pin=U$4-LDO24IN
Removed Pin From Net: NetName=NetC?_1 Pin=U$4-N_OE
Removed Pin From Net: NetName=NetC?_1 Pin=U$4-PGND1
Removed Pin From Net: NetName=NetC?_1 Pin=U$4-PGND2
Removed Pin From Net: NetName=NetC?_1 Pin=U$4-PGND3
Removed Pin From Net: NetName=NetC?_1 Pin=U$4-SCK
Removed Pin From Net: NetName=NetC?_2 Pin=U$4-VBUS
Removed Pin From Net: NetName=NetC?_1 Pin=U$4-VIN2
Removed Pin From Net: NetName=NetC?_1 Pin=U$4-VIN3
Removed Pin From Net: NetName=NetC?_1 Pin=U$4-VREF
Removed Pin From Net: NetName=NetC?_1 Pin=U$6-GND1
Removed Pin From Net: NetName=NetC?_1 Pin=U$6-GND
Removed Pin From Net: NetName=NetC?_2 Pin=U$7-9
Removed Pin From Net: NetName=NetC?_2 Pin=U$7-18
Removed Pin From Net: NetName=NetC?_2 Pin=U$7-19
Removed Pin From Net: NetName=NetC?_2 Pin=U$7-21
Removed Pin From Net: NetName=NetC?_2 Pin=U$7-25
Removed Pin From Net: NetName=NetC?_2 Pin=U$7-48
Removed Pin From Net: NetName=NetC?_1 Pin=U$7-51
Removed Pin From Net: NetName=NetC?_1 Pin=U$10-LEFT2
Removed Pin From Net: NetName=NetC?_1 Pin=U$10-RIGHT1
Removed Pin From Net: NetName=NetC?_1 Pin=U$10-RIGHT2
Removed Pin From Net: NetName=NetC?_2 Pin=U$11-XTAL1/CLKIN
Removed Pin From Net: NetName=NetC?_1 Pin=U$11-XTAL2
Removed Pin From Net: NetName=NetC?_1 Pin=U?-2
Removed Pin From Net: NetName=NetR?_1 Pin=U?-3
Removed Pin From Net: NetName=NetC?_1 Pin=X2-4
Removed Pin From Net: NetName=NetIC*_5 Pin=X3-1
Removed Pin From Net: NetName=NetIC*_5 Pin=X3-1
Removed Pin From Net: NetName=NetIC*_5 Pin=X3-1
Removed Pin From Net: NetName=NetC?_1 Pin=X3-4
Removed Pin From Net: NetName=NetC?_1 Pin=X4-4
Removed Pin From Net: NetName=NetC?_1 Pin=X5-4
Removed Pin From Net: NetName=NetIC*_5 Pin=X6-1
Removed Pin From Net: NetName=NetIC*_5 Pin=X6-1
Removed Pin From Net: NetName=NetIC*_5 Pin=X6-1
Removed Pin From Net: NetName=NetC?_1 Pin=X6-4
Removed Pin From Net: NetName=NetC?_1 Pin=X7-4
Added Pin To Net: NetName=NetC2_1 Pin=C?-1
Added Pin To Net: NetName=NetC2_1 Pin=C?-1
Added Pin To Net: NetName=NetC2_1 Pin=C?-1
Added Pin To Net: NetName=NetC?_1 Pin=C?-1
Added Pin To Net: NetName=NetC?_1 Pin=C?-1
Added Pin To Net: NetName=NetC?_1 Pin=C?-1
Added Pin To Net: NetName=N$232 Pin=C?-2
Added Pin To Net: NetName=NetC2_1 Pin=C?-2
Added Pin To Net: NetName=NetC2_1 Pin=C?-2
Added Pin To Net: NetName=NetC2_1 Pin=C?-2
Added Pin To Net: NetName=NetC2_1 Pin=C?-2
Added Pin To Net: NetName=NetC?_2 Pin=C?-2
Added Pin To Net: NetName=NetC?_2 Pin=C?-2
Added Pin To Net: NetName=NetD?_A Pin=D?-A
Added Pin To Net: NetName=NetD?_A Pin=R?-2
Added Pin To Net: NetName=NetD?_A Pin=R?-2
Added Pin To Net: NetName=NetD?_A Pin=R?-2
Added Pin To Net: NetName=NetR?_2 Pin=R?-2
Added Pin To Net: NetName=NetC?_2 Pin=U$7-9
Added Pin To Net: NetName=NetC?_2 Pin=U$7-48
Added Pin To Net: NetName=NetIC*_2 Pin=U$11-OCS2_N
Added Pin To Net: NetName=NetIC*_5 Pin=X3-1
Added Pin To Net: NetName=NetIC*_5 Pin=X3-1
Added Pin To Net: NetName=NetIC*_5 Pin=X3-1
Added Pin To Net: NetName=NetU$1_DDR3_BA0 Pin=U$1-DDR3_BA0
Added Net: Name=NetU$1_DDR3_BA0
Added Pin To Net: NetName=NetU$1_DDR3_DQS1 Pin=U$1-DDR3_DQS1
Added Net: Name=NetU$1_DDR3_DQS1
