Removed Pin From Net: NetName=NetC?_1 Pin=C?-1
Removed Pin From Net: NetName=NetC?_2 Pin=C?-2
Removed Pin From Net: NetName=NetC?_1 Pin=D?-C
Removed Pin From Net: NetName=NetIC1_E4 Pin=IC1-E4
Removed Pin From Net: NetName=NetIC1_F8 Pin=IC1-F8
Removed Pin From Net: NetName=NetIC1_F9 Pin=IC1-F9
Removed Pin From Net: NetName=NetIC1_K2 Pin=IC1-K2
Removed Pin From Net: NetName=NetIC1_J8 Pin=IC1-K10
Removed Pin From Net: NetName=NetIC1_J8 Pin=IC1-L8
Removed Pin From Net: NetName=NetIC1_J8 Pin=IC1-N9
Removed Pin From Net: NetName=NetIC1_J4 Pin=IC1-P4
Removed Pin From Net: NetName=NetIC1_J4 Pin=IC1-P9
Removed Pin From Net: NetName=NetIC1_K2 Pin=IC1-T3
Removed Pin From Net: NetName=NetIC4_4 Pin=J12-1
Removed Pin From Net: NetName=NetJ12_2 Pin=J12-2
Removed Pin From Net: NetName=NetIC4_4 Pin=J14-1
Removed Pin From Net: NetName=NetJ14_2 Pin=J14-2
Removed Pin From Net: NetName=NetIC4_4 Pin=J15-1
Removed Pin From Net: NetName=NetJ15_2 Pin=J15-2
Removed Pin From Net: NetName=NetC?_1 Pin=J25-2
Removed Pin From Net: NetName=NetIC1_J4 Pin=U$1-DDR3_A2
Removed Pin From Net: NetName=NetIC1_R4 Pin=U$1-DDR3_A7
Removed Pin From Net: NetName=NetIC1_J8 Pin=U$1-DDR3_A10
Removed Pin From Net: NetName=NetIC1_J8 Pin=U$1-DDR3_BA1
Removed Pin From Net: NetName=NetIC1_K8 Pin=U$1-DDR3_CK_N
Removed Pin From Net: NetName=NetIC1_J8 Pin=U$1-DDR3_CKE
Removed Pin From Net: NetName=NetIC1_J8 Pin=U$1-DDR3_CK
Removed Pin From Net: NetName=NetIC1_E4 Pin=U$1-DDR3_D0
Removed Pin From Net: NetName=NetIC1_F8 Pin=U$1-DDR3_D1
Removed Pin From Net: NetName=NetIC1_F9 Pin=U$1-DDR3_D3
Removed Pin From Net: NetName=NetC?_1 Pin=U$1-HPOUTR
Removed Pin From Net: NetName=NetIC1_K2 Pin=U$1-RESET_N
Removed Pin From Net: NetName=NetIC1_K2 Pin=U$1-VDD2_INT
Removed Pin From Net: NetName=NetC?_1 Pin=U$1-VMIC
Removed Pin From Net: NetName=NetC?_1 Pin=U$4-DCDC3
Removed Pin From Net: NetName=NetC?_1 Pin=U$4-LDO4
Removed Pin From Net: NetName=NetC?_1 Pin=U$4-LDO24IN
Removed Pin From Net: NetName=NetC?_1 Pin=U$4-PGND1
Removed Pin From Net: NetName=NetC?_2 Pin=U$4-VBUS
Removed Pin From Net: NetName=NetC?_1 Pin=U$4-VIN3
Removed Pin From Net: NetName=NetC?_1 Pin=U$4-VREF
Removed Pin From Net: NetName=NetC?_1 Pin=U$6-GND1
Removed Pin From Net: NetName=NetC?_1 Pin=U$6-GND
Removed Pin From Net: NetName=NetJ15_2 Pin=U$7-2
Removed Pin From Net: NetName=NetJ14_2 Pin=U$7-4
Removed Pin From Net: NetName=NetJ12_2 Pin=U$7-5
Removed Pin From Net: NetName=NetIC4_4 Pin=U$7-6
Removed Pin From Net: NetName=NetJ14_2 Pin=U$7-7
Removed Pin From Net: NetName=NetJ14_2 Pin=U$7-9
Removed Pin From Net: NetName=NetC?_1 Pin=U$7-25
Removed Pin From Net: NetName=NetC?_1 Pin=U$7-35
Removed Pin From Net: NetName=NetC?_1 Pin=U$7-48
Removed Pin From Net: NetName=NetC?_1 Pin=U$7-51
Removed Pin From Net: NetName=NetC?_1 Pin=U$10-RIGHT1
Removed Pin From Net: NetName=NetC?_1 Pin=U$10-RIGHT2
Removed Pin From Net: NetName=NetC?_1 Pin=U$11-XTAL2
Removed Pin From Net: NetName=NetC?_1 Pin=X2-1
Removed Pin From Net: NetName=NetC?_1 Pin=X2-1
Removed Pin From Net: NetName=NetC?_1 Pin=X2-1
Removed Pin From Net: NetName=NetC?_1 Pin=X3-1
Removed Pin From Net: NetName=NetC?_1 Pin=X3-1
Removed Pin From Net: NetName=NetC?_1 Pin=X3-1
Removed Pin From Net: NetName=NetC?_1 Pin=X4-1
Removed Pin From Net: NetName=NetC?_1 Pin=X4-1
Removed Pin From Net: NetName=NetC?_1 Pin=X4-1
Removed Pin From Net: NetName=NetC?_1 Pin=X5-1
Removed Pin From Net: NetName=NetC?_1 Pin=X5-1
Removed Pin From Net: NetName=NetC?_1 Pin=X5-1
Removed Pin From Net: NetName=NetC?_1 Pin=X6-1
Removed Pin From Net: NetName=NetC?_1 Pin=X6-1
Removed Pin From Net: NetName=NetC?_1 Pin=X6-1
Removed Pin From Net: NetName=NetC?_1 Pin=X7-1
Removed Pin From Net: NetName=NetC?_1 Pin=X7-1
Removed Pin From Net: NetName=NetC?_1 Pin=X7-1
Removed Pin From Net: NetName=NetC?_1 Pin=X7-4
Added Component: Designator=C?(RAD-0.3)
Added Pin To Net: NetName=GND Pin=C?-1
Added Pin To Net: NetName=GND Pin=C?-1
Added Pin To Net: NetName=GND Pin=C?-1
Added Pin To Net: NetName=GND Pin=C?-1
Added Pin To Net: NetName=GND Pin=C?-1
Added Pin To Net: NetName=GND Pin=C?-1
Added Pin To Net: NetName=GND Pin=C?-1
Added Pin To Net: NetName=NetC2_1 Pin=C?-1
Added Pin To Net: NetName=NetC2_1 Pin=C?-1
Added Pin To Net: NetName=NetC2_1 Pin=C?-1
Added Pin To Net: NetName=NetC?_1 Pin=C?-1
Added Pin To Net: NetName=NetC?_1 Pin=C?-1
Added Pin To Net: NetName=NetC?_1 Pin=C?-1
Added Pin To Net: NetName=NetC?_1 Pin=C?-1
Added Pin To Net: NetName=NetC?_1 Pin=C?-1
Added Pin To Net: NetName=NetC?_1 Pin=C?-1
Added Pin To Net: NetName=NetC?_1 Pin=C?-1
Added Pin To Net: NetName=NetC?_1 Pin=C?-1
Added Pin To Net: NetName=NetC?_1 Pin=C?-1
Added Pin To Net: NetName=NetC?_1 Pin=C?-1
Added Pin To Net: NetName=NetC?_1 Pin=C?-1
Added Pin To Net: NetName=NetC?_1 Pin=C?-1
Added Pin To Net: NetName=NetC?_1 Pin=C?-1
Added Pin To Net: NetName=NetC?_1 Pin=C?-1
Added Pin To Net: NetName=NetC?_1 Pin=C?-1
Added Pin To Net: NetName=NetC?_1 Pin=C?-1
Added Pin To Net: NetName=NetC?_1 Pin=C?-1
Added Pin To Net: NetName=NetC?_1 Pin=C?-1
Added Pin To Net: NetName=NetC?_1 Pin=C?-1
Added Pin To Net: NetName=NetC?_1 Pin=C?-1
Added Pin To Net: NetName=NetC?_1 Pin=C?-1
Added Pin To Net: NetName=GND Pin=C?-2
Added Pin To Net: NetName=N$232 Pin=C?-2
Added Pin To Net: NetName=NetC2_1 Pin=C?-2
Added Pin To Net: NetName=NetC2_1 Pin=C?-2
Added Pin To Net: NetName=NetC2_1 Pin=C?-2
Added Pin To Net: NetName=NetC2_1 Pin=C?-2
Added Pin To Net: NetName=NetC?_1 Pin=C?-2
Added Pin To Net: NetName=NetC?_1 Pin=C?-2
Added Pin To Net: NetName=NetC?_1 Pin=C?-2
Added Pin To Net: NetName=NetC?_1 Pin=C?-2
Added Pin To Net: NetName=NetC?_1 Pin=C?-2
Added Pin To Net: NetName=NetC?_1 Pin=C?-2
Added Pin To Net: NetName=NetC?_1 Pin=C?-2
Added Pin To Net: NetName=NetC?_2 Pin=C?-2
Added Pin To Net: NetName=NetC?_2 Pin=C?-2
Added Pin To Net: NetName=NetC?_2 Pin=C?-2
Added Pin To Net: NetName=NetC?_2 Pin=C?-2
Added Pin To Net: NetName=NetC?_2 Pin=C?-2
Added Pin To Net: NetName=NetC?_2 Pin=C?-2
Added Pin To Net: NetName=NetC?_2 Pin=C?-2
Added Pin To Net: NetName=NetC?_2 Pin=C?-2
Added Pin To Net: NetName=NetC?_2 Pin=C?-2
Added Pin To Net: NetName=NetC?_2 Pin=C?-2
Added Pin To Net: NetName=NetC?_2 Pin=C?-2
Added Pin To Net: NetName=NetC?_2 Pin=C?-2
Added Pin To Net: NetName=NetC?_2 Pin=C?-2
Added Pin To Net: NetName=NetC?_2 Pin=C?-2
Added Pin To Net: NetName=NetC?_2 Pin=C?-2
Added Pin To Net: NetName=NetC?_2 Pin=C?-2
Added Pin To Net: NetName=NetC?_2 Pin=C?-2
Added Pin To Net: NetName=NetC?_2 Pin=C?-2
Added Pin To Net: NetName=NetIC1_E4 Pin=C?-2
Added Pin To Net: NetName=NetIC1_F8 Pin=C?-2
Added Pin To Net: NetName=NetD?_A Pin=D?-A
Added Pin To Net: NetName=NetD?_A Pin=D?-A
Added Pin To Net: NetName=NetC?_1 Pin=D?-C
Added Pin To Net: NetName=NetC?_1 Pin=D?-C
Added Pin To Net: NetName=NetC?_1 Pin=D?-C
Added Pin To Net: NetName=NetIC1_F9 Pin=IC1-L3
Added Pin To Net: NetName=NetIC1_K2 Pin=IC1-N9
Added Pin To Net: NetName=NetJ12_2 Pin=IC1-P4
Added Pin To Net: NetName=NetJ14_2 Pin=IC1-P9
Added Pin To Net: NetName=NetJ15_2 Pin=IC1-R3
Added Pin To Net: NetName=NetC?_2 Pin=J19-1
Added Pin To Net: NetName=NetC?_2 Pin=J19-2
Added Pin To Net: NetName=NetC?_1 Pin=J25-2
Added Pin To Net: NetName=NetC?_2 Pin=MK?-2
Added Pin To Net: NetName=NetC?_1 Pin=R?-1
Added Pin To Net: NetName=NetC?_1 Pin=R?-1
Added Pin To Net: NetName=NetC?_2 Pin=R?-1
Added Pin To Net: NetName=NetC?_2 Pin=R?-1
Added Pin To Net: NetName=NetC?_1 Pin=R?-2
Added Pin To Net: NetName=NetC?_1 Pin=R?-2
Added Pin To Net: NetName=NetD?_A Pin=R?-2
Added Pin To Net: NetName=NetD?_A Pin=R?-2
Added Pin To Net: NetName=NetJ12_2 Pin=U$1-DDR3_A2
Added Pin To Net: NetName=NetJ14_2 Pin=U$1-DDR3_A4
Added Pin To Net: NetName=NetJ15_2 Pin=U$1-DDR3_A7
Added Pin To Net: NetName=NetIC1_K2 Pin=U$1-DDR3_BA1
Added Pin To Net: NetName=NetIC1_J8 Pin=U$1-DDR3_CK_N
Added Pin To Net: NetName=NetIC1_F9 Pin=U$1-DDR3_CKE
Added Pin To Net: NetName=NetIC1_K8 Pin=U$1-DDR3_CK
Added Pin To Net: NetName=NetIC1_J4 Pin=U$1-DDR3_RAS
Added Pin To Net: NetName=NetC?_1 Pin=U$1-HPCOM
Added Pin To Net: NetName=NetC?_1 Pin=U$1-HPOUTL
Added Pin To Net: NetName=NetC?_1 Pin=U$1-HPOUTR
Added Pin To Net: NetName=NetC?_1 Pin=U$1-VMIC
Added Pin To Net: NetName=NetC?_2 Pin=U$4-ACIN1
Added Pin To Net: NetName=NetC?_2 Pin=U$4-ACIN
Added Pin To Net: NetName=NetC?_2 Pin=U$4-APS
Added Pin To Net: NetName=NetC?_1 Pin=U$4-DCDC3
Added Pin To Net: NetName=NetC?_2 Pin=U$4-GPIO0
Added Pin To Net: NetName=NetC?_2 Pin=U$4-IPSOUT1
Added Pin To Net: NetName=NetIC1_E4 Pin=U$4-LDO1
Added Pin To Net: NetName=NetC?_1 Pin=U$4-LDO4
Added Pin To Net: NetName=NetC?_1 Pin=U$4-LDO24IN
Added Pin To Net: NetName=NetC?_1 Pin=U$4-PGND1
Added Pin To Net: NetName=NetIC1_F8 Pin=U$4-VBUS
Added Pin To Net: NetName=NetC?_1 Pin=U$4-VIN3
Added Pin To Net: NetName=NetC?_2 Pin=U$4-VINT
Added Pin To Net: NetName=NetC?_1 Pin=U$4-VREF
Added Pin To Net: NetName=NetC?_1 Pin=U$6-GND1
Added Pin To Net: NetName=NetC?_1 Pin=U$6-GND
Added Pin To Net: NetName=NetIC4_4 Pin=U$7-2
Added Pin To Net: NetName=NetC?_2 Pin=U$7-9
Added Pin To Net: NetName=NetC?_2 Pin=U$7-18
Added Pin To Net: NetName=NetC?_2 Pin=U$7-19
Added Pin To Net: NetName=NetC?_2 Pin=U$7-21
Added Pin To Net: NetName=NetC?_2 Pin=U$7-25
Added Pin To Net: NetName=NetC?_2 Pin=U$7-48
Added Pin To Net: NetName=NetC?_1 Pin=U$7-51
Added Pin To Net: NetName=NetC?_1 Pin=U$10-LEFT2
Added Pin To Net: NetName=NetC?_1 Pin=U$10-RIGHT1
Added Pin To Net: NetName=NetC?_1 Pin=U$10-RIGHT2
Added Pin To Net: NetName=NetC?_1 Pin=U$11-XTAL2
Added Pin To Net: NetName=NetC?_1 Pin=X2-1
Added Pin To Net: NetName=NetC?_1 Pin=X2-1
Added Pin To Net: NetName=NetC?_1 Pin=X2-1
Added Pin To Net: NetName=NetC?_1 Pin=X3-1
Added Pin To Net: NetName=NetC?_1 Pin=X3-1
Added Pin To Net: NetName=NetC?_1 Pin=X3-1
Added Pin To Net: NetName=NetC?_1 Pin=X4-1
Added Pin To Net: NetName=NetC?_1 Pin=X4-1
Added Pin To Net: NetName=NetC?_1 Pin=X4-1
Added Pin To Net: NetName=NetC?_1 Pin=X5-1
Added Pin To Net: NetName=NetC?_1 Pin=X5-1
Added Pin To Net: NetName=NetC?_1 Pin=X5-1
Added Pin To Net: NetName=NetC?_1 Pin=X6-1
Added Pin To Net: NetName=NetC?_1 Pin=X6-1
Added Pin To Net: NetName=NetC?_1 Pin=X6-1
Added Pin To Net: NetName=NetC?_1 Pin=X7-1
Added Pin To Net: NetName=NetC?_1 Pin=X7-1
Added Pin To Net: NetName=NetC?_1 Pin=X7-1
Added Pin To Net: NetName=NetC?_1 Pin=X7-4
Change Net Name : Old Net Name=NetIC1_E4 New Net Name=NetC?_2
Change Net Name : Old Net Name=NetIC1_F8 New Net Name=NetC?_2
Change Net Name : Old Net Name=NetIC1_F9 New Net Name=NetIC1_L3
Change Net Name : Old Net Name=NetIC1_K2 New Net Name=NetIC1_N9
Change Net Name : Old Net Name=NetJ12_2 New Net Name=NetIC1_P4
Change Net Name : Old Net Name=NetJ14_2 New Net Name=NetIC1_P9
Change Net Name : Old Net Name=NetJ15_2 New Net Name=NetIC1_R3
Added Pin To Net: NetName=NetIC1_T3 Pin=IC1-T3
Added Pin To Net: NetName=NetIC1_T3 Pin=U$1-DDR3_RST
Added Net: Name=NetIC1_T3
