Change Component Footprint: Designator=C2 Old Footprint=C2.5-2 New Footprint=RAD-0.3
Change Component Footprint: Designator=R1 Old Footprint=J1-0603 New Footprint=AXIAL-0.3
Change Component Comment: Designator=C2 Old Comment=C2.5/2 New Comment=Cap
Change Component Comment: Designator=R1 Old Comment=Res3 New Comment=Res1
Change Component Designator: OldDesignator=ADV7125 NewDesignator=ADV1
Change Component Designator: OldDesignator=Allwinner A13 NewDesignator=Allwinner A1
Change Component Designator: OldDesignator=AXP202 NewDesignator=AXP1
Change Component Designator: OldDesignator=C1 NewDesignator=C29
Change Component Designator: OldDesignator=C5 NewDesignator=C12
Change Component Designator: OldDesignator=C6 NewDesignator=C38
Change Component Designator: OldDesignator=C7 NewDesignator=C37
Change Component Designator: OldDesignator=C10 NewDesignator=C28
Change Component Designator: OldDesignator=C11 NewDesignator=C35
Change Component Designator: OldDesignator=C12 NewDesignator=C5
Change Component Designator: OldDesignator=C13 NewDesignator=C6
Change Component Designator: OldDesignator=C14 NewDesignator=C8
Change Component Designator: OldDesignator=C15 NewDesignator=C1
Change Component Designator: OldDesignator=C16 NewDesignator=C21
Change Component Designator: OldDesignator=C18 NewDesignator=C11
Change Component Designator: OldDesignator=C19 NewDesignator=C30
Change Component Designator: OldDesignator=C20 NewDesignator=C31
Change Component Designator: OldDesignator=C21 NewDesignator=C26
Change Component Designator: OldDesignator=C22 NewDesignator=C9
Change Component Designator: OldDesignator=C23 NewDesignator=C13
Change Component Designator: OldDesignator=C24 NewDesignator=C7
Change Component Designator: OldDesignator=C25 NewDesignator=C14
Change Component Designator: OldDesignator=C26 NewDesignator=C19
Change Component Designator: OldDesignator=C27 NewDesignator=C23
Change Component Designator: OldDesignator=C28 NewDesignator=C18
Change Component Designator: OldDesignator=C29 NewDesignator=C16
Change Component Designator: OldDesignator=C30 NewDesignator=C10
Change Component Designator: OldDesignator=C31 NewDesignator=C24
Change Component Designator: OldDesignator=C32 NewDesignator=C15
Change Component Designator: OldDesignator=C33 NewDesignator=C32
Change Component Designator: OldDesignator=C34 NewDesignator=C22
Change Component Designator: OldDesignator=C35 NewDesignator=C17
Change Component Designator: OldDesignator=C36 NewDesignator=C20
Change Component Designator: OldDesignator=C37 NewDesignator=C34
Change Component Designator: OldDesignator=C39 NewDesignator=C36
Change Component Designator: OldDesignator=J1 NewDesignator=J2
Change Component Designator: OldDesignator=J2 NewDesignator=J1
Change Component Designator: OldDesignator=LAN9500 NewDesignator=LAN1
Change Component Designator: OldDesignator=R2 NewDesignator=R5
Change Component Designator: OldDesignator=R4 NewDesignator=R7
Change Component Designator: OldDesignator=R5 NewDesignator=R4
Change Component Designator: OldDesignator=R6 NewDesignator=R9
Change Component Designator: OldDesignator=R8 NewDesignator=R2
Change Component Designator: OldDesignator=R9 NewDesignator=R8
Change Component Designator: OldDesignator=U$3 NewDesignator=U$2
Change Component Designator: OldDesignator=U$4 NewDesignator=U$3
Change Component Designator: OldDesignator=X1 NewDesignator=X2
Change Component Designator: OldDesignator=X2 NewDesignator=X5
Change Component Designator: OldDesignator=X3 NewDesignator=X1
Change Component Designator: OldDesignator=X4 NewDesignator=X3
Change Component Designator: OldDesignator=X5 NewDesignator=X4
