Removed Pin From Net: NetName=NetC8_1 Pin=C8-1
Removed Pin From Net: NetName=NetAXP1_LDO24IN Pin=C9-1
Removed Pin From Net: NetName=NetC1_1 Pin=C9-2
Removed Pin From Net: NetName=NetC3_2 Pin=C38-2
Removed Pin From Net: NetName=NetAllwinner A1_LCD_D13/PD13 Pin=PCMRed-4
Removed Pin From Net: NetName=NetPCMBlue_11 Pin=PCMRed-11
Removed Pin From Net: NetName=NetR7_1 Pin=R7-1
Change Component Designator: OldDesignator=K4S510432B-TC75 NewDesignator=U2
Change Component Designator: OldDesignator=Uboot EEPROM NewDesignator=IC1
Added Pin To Net: NetName=NetC5_1 Pin=C8-1
Added Pin To Net: NetName=NetC8_1 Pin=C8-1
Added Pin To Net: NetName=NetAXP1_APS Pin=C8-2
Added Pin To Net: NetName=NetAXP1_LDO1 Pin=C9-1
Added Pin To Net: NetName=NetAXP1_LDO24IN Pin=C9-1
Added Pin To Net: NetName=NetAXP1_DC3SET Pin=C9-2
Added Pin To Net: NetName=NetC1_1 Pin=C9-2
Added Pin To Net: NetName=NetAllwinner A1_VMIC Pin=C38-1
Added Pin To Net: NetName=NetC1_1 Pin=C38-2
Added Pin To Net: NetName=NetC3_2 Pin=C38-2
Added Pin To Net: NetName=NetPCMBlue_11 Pin=PCMBlue-11
Added Pin To Net: NetName=NetC32_2 Pin=R7-1
Added Pin To Net: NetName=NetR7_1 Pin=R7-1
Added Pin To Net: NetName=NetC8_1 Pin=R7-2
