Removed Pin From Net: NetName=NetC?_2 Pin=R?-1
Removed Pin From Net: NetName=NetD?_A Pin=R?-2
Removed Pin From Net: NetName=NetU$1_LCD_D5/PD5 Pin=U$1-LCD_D5/PD5
Removed Pin From Net: NetName=NetU$1_LCD_D6/PD6 Pin=U$1-LCD_D6/PD6
Removed Pin From Net: NetName=NetU$1_LCD_D11/PD11 Pin=U$1-LCD_D11/PD11
Removed Pin From Net: NetName=NetU$1_LCD_D14/PD14 Pin=U$1-LCD_D14/PD14
Removed Pin From Net: NetName=NetU$1_LCD_D10/PD10 Pin=U$3-5
Removed Pin From Net: NetName=NetU$1_LCD_D11/PD11 Pin=U$3-6
Removed Pin From Net: NetName=NetU$1_LCD_D12/PD12 Pin=U$3-7
Removed Pin From Net: NetName=NetU$1_LCD_D13/PD13 Pin=U$3-8
Removed Pin From Net: NetName=NetU$1_LCD_D14/PD14 Pin=U$3-9
Removed Pin From Net: NetName=NetU$1_LCD_D5/PD5 Pin=U$3-22
Removed Pin From Net: NetName=NetU$1_LCD_D6/PD6 Pin=U$3-23
Removed Pin From Net: NetName=NetU$3_28 Pin=U$3-28
Removed Pin From Net: NetName=NetU$1_LCD_D18/PD18 Pin=U$3-43
Removed Pin From Net: NetName=NetU$1_LCD_D19/PD19 Pin=U$3-44
Removed Pin From Net: NetName=NetU$1_LCD_D20/PD20 Pin=U$3-45
Removed Pin From Net: NetName=NetU$1_LCD_D21/PD21 Pin=U$3-46
Removed Pin From Net: NetName=NetU$1_LCD_D22/PD22 Pin=U$3-47
Removed Pin From Net: NetName=NetU$1_LCD_D23/PD23 Pin=U$3-48
Removed Pin From Net: NetName=NetC?_2 Pin=U$7-9
Removed Pin From Net: NetName=NetC?_2 Pin=U$7-48
Removed Pin From Net: NetName=NetU$3_28 Pin=X1-3
Removed Pin From Net: NetName=NetC?_1 Pin=X6-4
Added Component: Designator=C?(RAD-0.3)
Added Pin To Net: NetName=NetC2_1 Pin=C?-1
Added Pin To Net: NetName=NetC2_1 Pin=C?-1
Added Pin To Net: NetName=NetC2_1 Pin=C?-1
Added Pin To Net: NetName=NetC?_1 Pin=C?-1
Added Pin To Net: NetName=NetC?_1 Pin=C?-1
Added Pin To Net: NetName=NetC?_1 Pin=C?-1
Added Pin To Net: NetName=NetC?_1 Pin=C?-1
Added Pin To Net: NetName=NetC?_1 Pin=C?-1
Added Pin To Net: NetName=NetC?_1 Pin=C?-1
Added Pin To Net: NetName=NetC?_1 Pin=C?-1
Added Pin To Net: NetName=NetC?_1 Pin=C?-1
Added Pin To Net: NetName=NetC?_1 Pin=C?-1
Added Pin To Net: NetName=NetC?_1 Pin=C?-1
Added Pin To Net: NetName=NetC?_1 Pin=C?-1
Added Pin To Net: NetName=NetC?_1 Pin=C?-1
Added Pin To Net: NetName=NetC?_1 Pin=C?-1
Added Pin To Net: NetName=NetC?_1 Pin=C?-1
Added Pin To Net: NetName=NetC?_1 Pin=C?-1
Added Pin To Net: NetName=NetC?_1 Pin=C?-1
Added Pin To Net: NetName=NetC?_1 Pin=C?-1
Added Pin To Net: NetName=NetC?_1 Pin=C?-1
Added Pin To Net: NetName=NetC?_1 Pin=C?-1
Added Pin To Net: NetName=NetC?_1 Pin=C?-1
Added Pin To Net: NetName=NetC?_1 Pin=C?-1
Added Pin To Net: NetName=NetC?_1 Pin=C?-1
Added Pin To Net: NetName=NetC?_1 Pin=C?-1
Added Pin To Net: NetName=NetC?_1 Pin=C?-1
Added Pin To Net: NetName=NetC?_1 Pin=C?-1
Added Pin To Net: NetName=NetC?_1 Pin=C?-1
Added Pin To Net: NetName=NetC?_1 Pin=C?-1
Added Pin To Net: NetName=NetC?_1 Pin=C?-1
Added Pin To Net: NetName=NetC?_1 Pin=C?-1
Added Pin To Net: NetName=N$232 Pin=C?-2
Added Pin To Net: NetName=NetC2_1 Pin=C?-2
Added Pin To Net: NetName=NetC2_1 Pin=C?-2
Added Pin To Net: NetName=NetC2_1 Pin=C?-2
Added Pin To Net: NetName=NetC2_1 Pin=C?-2
Added Pin To Net: NetName=NetC?_1 Pin=C?-2
Added Pin To Net: NetName=NetC?_1 Pin=C?-2
Added Pin To Net: NetName=NetC?_1 Pin=C?-2
Added Pin To Net: NetName=NetC?_1 Pin=C?-2
Added Pin To Net: NetName=NetC?_1 Pin=C?-2
Added Pin To Net: NetName=NetC?_1 Pin=C?-2
Added Pin To Net: NetName=NetC?_1 Pin=C?-2
Added Pin To Net: NetName=NetC?_1 Pin=C?-2
Added Pin To Net: NetName=NetC?_2 Pin=C?-2
Added Pin To Net: NetName=NetC?_2 Pin=C?-2
Added Pin To Net: NetName=NetC?_2 Pin=C?-2
Added Pin To Net: NetName=NetC?_2 Pin=C?-2
Added Pin To Net: NetName=NetC?_2 Pin=C?-2
Added Pin To Net: NetName=NetC?_2 Pin=C?-2
Added Pin To Net: NetName=NetC?_2 Pin=C?-2
Added Pin To Net: NetName=NetC?_2 Pin=C?-2
Added Pin To Net: NetName=NetC?_2 Pin=C?-2
Added Pin To Net: NetName=NetC?_2 Pin=C?-2
Added Pin To Net: NetName=NetC?_2 Pin=C?-2
Added Pin To Net: NetName=NetC?_2 Pin=C?-2
Added Pin To Net: NetName=NetC?_2 Pin=C?-2
Added Pin To Net: NetName=NetC?_2 Pin=C?-2
Added Pin To Net: NetName=NetC?_2 Pin=C?-2
Added Pin To Net: NetName=NetC?_2 Pin=C?-2
Added Pin To Net: NetName=NetC?_2 Pin=C?-2
Added Pin To Net: NetName=NetC?_2 Pin=C?-2
Added Pin To Net: NetName=NetC?_2 Pin=C?-2
Added Pin To Net: NetName=NetC?_2 Pin=C?-2
Added Pin To Net: NetName=NetD?_A Pin=D?-A
Added Pin To Net: NetName=NetC?_1 Pin=D?-C
Added Pin To Net: NetName=NetC?_1 Pin=D?-C
Added Pin To Net: NetName=NetC?_1 Pin=D?-C
Added Pin To Net: NetName=NetC?_2 Pin=J19-1
Added Pin To Net: NetName=NetC?_2 Pin=J19-2
Added Pin To Net: NetName=NetC?_2 Pin=J25-1
Added Pin To Net: NetName=NetC?_1 Pin=J25-2
Added Pin To Net: NetName=NetC?_2 Pin=MK?-2
Added Pin To Net: NetName=NetC?_1 Pin=R?-1
Added Pin To Net: NetName=NetC?_1 Pin=R?-1
Added Pin To Net: NetName=NetC?_2 Pin=R?-1
Added Pin To Net: NetName=NetC?_2 Pin=R?-1
Added Pin To Net: NetName=NetC?_2 Pin=R?-1
Added Pin To Net: NetName=NetC?_1 Pin=R?-2
Added Pin To Net: NetName=NetC?_1 Pin=R?-2
Added Pin To Net: NetName=NetD?_A Pin=R?-2
Added Pin To Net: NetName=NetD?_A Pin=R?-2
Added Pin To Net: NetName=NetC2_2 Pin=S1-1A
Added Pin To Net: NetName=NetC?_1 Pin=U$1-HPCOM
Added Pin To Net: NetName=NetC?_1 Pin=U$1-HPOUTL
Added Pin To Net: NetName=NetC?_1 Pin=U$1-HPOUTR
Added Pin To Net: NetName=NetU$1_LCD_D5/PD5 Pin=U$1-LCD_D15/PD15
Added Pin To Net: NetName=NetU$1_LCD_D6/PD6 Pin=U$1-UDP1
Added Pin To Net: NetName=NetU$1_LCD_D11/PD11 Pin=U$1-V33_USB
Added Pin To Net: NetName=NetC?_1 Pin=U$1-VMIC
Added Pin To Net: NetName=NetU$1_LCD_D12/PD12 Pin=U$3-3
Added Pin To Net: NetName=NetU$1_LCD_D13/PD13 Pin=U$3-4
Added Pin To Net: NetName=NetU$1_LCD_D5/PD5 Pin=U$3-6
Added Pin To Net: NetName=NetU$1_LCD_D18/PD18 Pin=U$3-7
Added Pin To Net: NetName=NetU$1_LCD_D10/PD10 Pin=U$3-8
Added Pin To Net: NetName=NetU$1_LCD_D14/PD14 Pin=U$3-27
Added Pin To Net: NetName=NetC?_1 Pin=U$3-40
Added Pin To Net: NetName=NetU$1_LCD_D20/PD20 Pin=U$3-41
Added Pin To Net: NetName=NetU$1_LCD_D21/PD21 Pin=U$3-42
Added Pin To Net: NetName=NetU$1_LCD_D22/PD22 Pin=U$3-44
Added Pin To Net: NetName=NetU$1_LCD_D19/PD19 Pin=U$3-45
Added Pin To Net: NetName=NetU$1_LCD_D23/PD23 Pin=U$3-46
Added Pin To Net: NetName=NetC?_2 Pin=U$4-ACIN1
Added Pin To Net: NetName=NetC?_2 Pin=U$4-ACIN
Added Pin To Net: NetName=NetC?_1 Pin=U$4-AGND
Added Pin To Net: NetName=NetC?_2 Pin=U$4-APS
Added Pin To Net: NetName=NetC?_1 Pin=U$4-BATSENSE
Added Pin To Net: NetName=NetC?_1 Pin=U$4-CHSENSE
Added Pin To Net: NetName=NetC?_2 Pin=U$4-DC3SET
Added Pin To Net: NetName=NetC?_2 Pin=U$4-GPIO0
Added Pin To Net: NetName=NetC?_2 Pin=U$4-IPSOUT1
Added Pin To Net: NetName=NetC?_1 Pin=U$4-LDO1
Added Pin To Net: NetName=NetC?_1 Pin=U$4-LDO3
Added Pin To Net: NetName=NetC?_1 Pin=U$4-LDO4
Added Pin To Net: NetName=NetC?_1 Pin=U$4-LDO24IN
Added Pin To Net: NetName=NetC?_1 Pin=U$4-N_OE
Added Pin To Net: NetName=NetC?_1 Pin=U$4-PGND1
Added Pin To Net: NetName=NetC?_1 Pin=U$4-PGND2
Added Pin To Net: NetName=NetC?_1 Pin=U$4-PGND3
Added Pin To Net: NetName=NetC?_1 Pin=U$4-PWROK
Added Pin To Net: NetName=NetC2_2 Pin=U$4-PWRON
Added Pin To Net: NetName=NetC?_1 Pin=U$4-SCK
Added Pin To Net: NetName=NetC?_2 Pin=U$4-VBUS
Added Pin To Net: NetName=NetC?_1 Pin=U$4-VIN2
Added Pin To Net: NetName=NetC?_1 Pin=U$4-VIN3
Added Pin To Net: NetName=NetC?_2 Pin=U$4-VINT
Added Pin To Net: NetName=NetC?_1 Pin=U$4-VREF
Added Pin To Net: NetName=NetC?_1 Pin=U$6-GND
Added Pin To Net: NetName=NetC?_2 Pin=U$7-9
Added Pin To Net: NetName=NetC?_2 Pin=U$7-18
Added Pin To Net: NetName=NetC?_2 Pin=U$7-19
Added Pin To Net: NetName=NetC?_2 Pin=U$7-21
Added Pin To Net: NetName=NetC?_2 Pin=U$7-25
Added Pin To Net: NetName=NetC?_2 Pin=U$7-48
Added Pin To Net: NetName=NetC?_1 Pin=U$7-51
Added Pin To Net: NetName=NetC?_1 Pin=U$10-LEFT2
Added Pin To Net: NetName=NetC?_1 Pin=U$10-RIGHT1
Added Pin To Net: NetName=NetC?_1 Pin=U$10-RIGHT2
Added Pin To Net: NetName=NetU$1_LCD_D6/PD6 Pin=U$11-USBDN0
Added Pin To Net: NetName=NetU$3_28 Pin=U$11-USBDN3
Added Pin To Net: NetName=NetU$1_LCD_D11/PD11 Pin=U$11-USBDP0
Added Pin To Net: NetName=NetC?_2 Pin=U$11-XTAL1/CLKIN
Added Pin To Net: NetName=NetC?_1 Pin=U$11-XTAL2
Added Pin To Net: NetName=NetU$1_LCD_D14/PD14 Pin=X1-3
Added Pin To Net: NetName=NetC?_1 Pin=X2-1
Added Pin To Net: NetName=NetC?_1 Pin=X2-1
Added Pin To Net: NetName=NetC?_1 Pin=X2-1
Added Pin To Net: NetName=NetC?_1 Pin=X3-1
Added Pin To Net: NetName=NetC?_1 Pin=X3-1
Added Pin To Net: NetName=NetC?_1 Pin=X3-1
Added Pin To Net: NetName=NetC?_1 Pin=X4-1
Added Pin To Net: NetName=NetC?_1 Pin=X4-1
Added Pin To Net: NetName=NetC?_1 Pin=X4-1
Added Pin To Net: NetName=NetC?_1 Pin=X4-4
Added Pin To Net: NetName=NetC?_1 Pin=X5-1
Added Pin To Net: NetName=NetC?_1 Pin=X5-1
Added Pin To Net: NetName=NetC?_1 Pin=X5-1
Added Pin To Net: NetName=NetC?_1 Pin=X5-4
Added Pin To Net: NetName=NetC?_1 Pin=X6-4
Added Pin To Net: NetName=NetU$3_28 Pin=X7-2
Added Pin To Net: NetName=NetC?_1 Pin=X7-4
Change Net Name : Old Net Name=NetU$1_LCD_D5/PD5 New Net Name=NetU$1_LCD_D15/PD15
Change Net Name : Old Net Name=NetU$1_LCD_D6/PD6 New Net Name=NetU$1_UDP1
Change Net Name : Old Net Name=NetU$1_LCD_D11/PD11 New Net Name=NetU$1_V33_USB
Change Net Name : Old Net Name=NetU$1_LCD_D14/PD14 New Net Name=NetU$3_27
Change Net Name : Old Net Name=NetU$3_28 New Net Name=NetU$11_USBDN3
Added Pin To Net: NetName=NetU$11_USBDN4 Pin=U$11-USBDN4
Added Pin To Net: NetName=NetU$11_USBDN4 Pin=X6-2
Added Net: Name=NetU$11_USBDN4
Added Pin To Net: NetName=NetU$11_USBDP3 Pin=U$11-USBDP3
Added Pin To Net: NetName=NetU$11_USBDP3 Pin=X7-3
Added Net: Name=NetU$11_USBDP3
Added Pin To Net: NetName=NetU$11_USBDP4 Pin=U$11-USBDP4
Added Pin To Net: NetName=NetU$11_USBDP4 Pin=X6-3
Added Net: Name=NetU$11_USBDP4
