Removed Pin From Net: NetName=NetC8_1 Pin=C8-1
Removed Pin From Net: NetName=NetAXP1_APS Pin=C8-2
Removed Pin From Net: NetName=NetAXP1_LDO24IN Pin=C9-1
Removed Pin From Net: NetName=NetC1_1 Pin=C9-2
Removed Pin From Net: NetName=NetAllwinner A1_VMIC Pin=C38-1
Removed Pin From Net: NetName=NetC3_2 Pin=C38-2
Removed Pin From Net: NetName=NetR7_1 Pin=R7-1
Removed Pin From Net: NetName=NetC8_1 Pin=R7-2
Removed Pin From Net: NetName=NetAllwinner A1_LCD_D18/PD18 Pin=U?-1
Removed Pin From Net: NetName=NetAllwinner A1_LCD_D19/PD19 Pin=U?-2
Removed Pin From Net: NetName=NetAllwinner A1_LCD_D20/PD20 Pin=U?-3
Removed Pin From Net: NetName=NetAllwinner A1_LCD_D13/PD13 Pin=U?-4
Removed Pin From Net: NetName=NetAllwinner A1_LCD_D22/PD22 Pin=U?-5
Removed Pin From Net: NetName=NetAllwinner A1_LCD_D23/PD23 Pin=U?-6
Removed Pin From Net: NetName=NetU?_11 Pin=U?-11
Removed Pin From Net: NetName=NetIC*3_6 Pin=U?-12
Removed Pin From Net: NetName=NetIC*3_6 Pin=U?-13
Removed Pin From Net: NetName=NetU?_16 Pin=X7-1
Removed Pin From Net: NetName=NetU?_16 Pin=X7-1
Removed Pin From Net: NetName=NetU?_16 Pin=X7-1
Change Component Designator: OldDesignator=U? NewDesignator=PCMBlue
Change Component Designator: OldDesignator=U? NewDesignator=PCMGreen
Change Component Designator: OldDesignator=U? NewDesignator=PCMRed
Added Pin To Net: NetName=NetC5_1 Pin=C8-1
Added Pin To Net: NetName=NetC8_1 Pin=C8-1
Added Pin To Net: NetName=NetAXP1_APS Pin=C8-2
Added Pin To Net: NetName=NetC1_1 Pin=C8-2
Added Pin To Net: NetName=NetAXP1_LDO1 Pin=C9-1
Added Pin To Net: NetName=NetAXP1_LDO24IN Pin=C9-1
Added Pin To Net: NetName=NetAXP1_DC3SET Pin=C9-2
Added Pin To Net: NetName=NetC1_1 Pin=C9-2
Added Pin To Net: NetName=NetAllwinner A1_VMIC Pin=C38-1
Added Pin To Net: NetName=NetC37_1 Pin=C38-1
Added Pin To Net: NetName=NetC1_1 Pin=C38-2
Added Pin To Net: NetName=NetC3_2 Pin=C38-2
Added Pin To Net: NetName=NetAllwinner A1_LCD_D3/PD3 Pin=PCMBlue-1
Added Pin To Net: NetName=NetAllwinner A1_LCD_D4/PD4 Pin=PCMBlue-2
Added Pin To Net: NetName=NetAllwinner A1_LCD_D5/PD5 Pin=PCMBlue-3
Added Pin To Net: NetName=NetAllwinner A1_LCD_D6/PD6 Pin=PCMBlue-4
Added Pin To Net: NetName=NetAllwinner A1_LCD_D7/PD7 Pin=PCMBlue-5
Added Pin To Net: NetName=NetAllwinner A1_VCC3 Pin=PCMBlue-6
Added Pin To Net: NetName=NetU?_12 Pin=PCMBlue-12
Added Pin To Net: NetName=NetU?_12 Pin=PCMBlue-13
Added Pin To Net: NetName=NetAllwinner A1_LCD_D10/PD10 Pin=PCMGreen-1
Added Pin To Net: NetName=NetAllwinner A1_LCD_D11/PD11 Pin=PCMGreen-2
Added Pin To Net: NetName=NetAllwinner A1_LCD_D12/PD12 Pin=PCMGreen-3
Added Pin To Net: NetName=NetAllwinner A1_LCD_D13/PD13 Pin=PCMGreen-4
Added Pin To Net: NetName=NetAllwinner A1_LCD_D14/PD14 Pin=PCMGreen-5
Added Pin To Net: NetName=NetAllwinner A1_LCD_D15/PD15 Pin=PCMGreen-6
Added Pin To Net: NetName=NetU?_11 Pin=PCMGreen-11
Added Pin To Net: NetName=NetIC*3_6 Pin=PCMGreen-12
Added Pin To Net: NetName=NetIC*3_6 Pin=PCMGreen-13
Added Pin To Net: NetName=NetIC*3_6 Pin=PCMGreen-16
Added Pin To Net: NetName=NetAllwinner A1_LCD_D18/PD18 Pin=PCMRed-1
Added Pin To Net: NetName=NetAllwinner A1_LCD_D19/PD19 Pin=PCMRed-2
Added Pin To Net: NetName=NetAllwinner A1_LCD_D20/PD20 Pin=PCMRed-3
Added Pin To Net: NetName=NetAllwinner A1_LCD_D22/PD22 Pin=PCMRed-5
Added Pin To Net: NetName=NetAllwinner A1_LCD_D23/PD23 Pin=PCMRed-6
Added Pin To Net: NetName=NetIC*3_6 Pin=PCMRed-12
Added Pin To Net: NetName=NetIC*3_6 Pin=PCMRed-13
Added Pin To Net: NetName=NetC32_2 Pin=R7-1
Added Pin To Net: NetName=NetR7_1 Pin=R7-1
Added Pin To Net: NetName=NetC8_1 Pin=R7-2
Added Pin To Net: NetName=NetD1_A Pin=R7-2
Added Pin To Net: NetName=NetU?_16 Pin=X7-3
Change Net Name : Old Net Name=NetU?_11 New Net Name=NetPCMBlue_11
Change Net Name : Old Net Name=NetU?_12 New Net Name=NetPCMBlue_12
Change Net Name : Old Net Name=NetU?_16 New Net Name=NetPCMBlue_16
Added Pin To Net: NetName=NetPCMRed_16 Pin=PCMRed-16
Added Pin To Net: NetName=NetPCMRed_16 Pin=X7-1
Added Pin To Net: NetName=NetPCMRed_16 Pin=X7-1
Added Pin To Net: NetName=NetPCMRed_16 Pin=X7-1
Added Net: Name=NetPCMRed_16
