Change Component Designator: Old Designator=C?1 New Designator=C20
Change Component Designator: Old Designator=C?2 New Designator=C19
Change Component Designator: Old Designator=C?3 New Designator=C17
Change Component Designator: Old Designator=C?5 New Designator=C26
Change Component Designator: Old Designator=C?6 New Designator=C31
Change Component Designator: Old Designator=C?7 New Designator=C30
Change Component Designator: Old Designator=C?8 New Designator=C14
Change Component Designator: Old Designator=C?9 New Designator=C5
Change Component Designator: Old Designator=C?11 New Designator=C12
Change Component Designator: Old Designator=C?12 New Designator=C23
Change Component Designator: Old Designator=C?13 New Designator=C6
Change Component Designator: Old Designator=C?14 New Designator=C37
Change Component Designator: Old Designator=C?15 New Designator=C11
Change Component Designator: Old Designator=C?16 New Designator=C16
Change Component Designator: Old Designator=C?17 New Designator=C36
Change Component Designator: Old Designator=C?18 New Designator=C39
Change Component Designator: Old Designator=C?19 New Designator=C35
Change Component Designator: Old Designator=C?20 New Designator=C1
Change Component Designator: Old Designator=C?22 New Designator=C27
Change Component Designator: Old Designator=C?23 New Designator=C28
Change Component Designator: Old Designator=C?24 New Designator=C13
Change Component Designator: Old Designator=C?25 New Designator=C32
Change Component Designator: Old Designator=C?26 New Designator=C29
Change Component Designator: Old Designator=C?27 New Designator=C22
Change Component Designator: Old Designator=C?28 New Designator=C18
Change Component Designator: Old Designator=C?29 New Designator=C24
Change Component Designator: Old Designator=C?30 New Designator=C9
Change Component Designator: Old Designator=C?31 New Designator=C25
Change Component Designator: Old Designator=C?32 New Designator=C3
Change Component Designator: Old Designator=C?34 New Designator=C34
Change Component Designator: Old Designator=C?35 New Designator=C7
Change Component Designator: Old Designator=C?36 New Designator=C8
Change Component Designator: Old Designator=C?37 New Designator=C15
Change Component Designator: Old Designator=D?1 New Designator=D1
Change Component Designator: Old Designator=D?2 New Designator=D2
Change Component Designator: Old Designator=D?3 New Designator=D3
Change Component Designator: Old Designator=L?1 New Designator=L1
Change Component Designator: Old Designator=L?2 New Designator=L2
Change Component Designator: Old Designator=MK?1 New Designator=MK1
Change Component Designator: Old Designator=R?1 New Designator=R7
Change Component Designator: Old Designator=R?2 New Designator=R8
Change Component Designator: Old Designator=R?3 New Designator=R6
Change Component Designator: Old Designator=R?4 New Designator=R1
Change Component Designator: Old Designator=R?5 New Designator=R5
Change Component Designator: Old Designator=R?6 New Designator=R2
Change Component Designator: Old Designator=R?7 New Designator=R4
Change Component Designator: Old Designator=R?8 New Designator=R3
Change Component Designator: Old Designator=R?9 New Designator=R9
Change Component Designator: Old Designator=T?1 New Designator=T1
Change Component Designator: Old Designator=U?1 New Designator=U1
Change Component Designator: Old Designator=U?2 New Designator=U2
