Removed Pin From Net: NetName=NetJ10_1 Pin=J10-1
Removed Pin From Net: NetName=NetJ10_2 Pin=J10-2
Removed Pin From Net: NetName=NetJ16_1 Pin=J16-1
Removed Pin From Net: NetName=NetJ16_1 Pin=J17-1
Removed Pin From Net: NetName=NetJ17_2 Pin=J17-2
Removed Pin From Net: NetName=NetJ26_2 Pin=J26-2
Removed Pin From Net: NetName=NetJ36_2 Pin=J36-2
Removed Pin From Net: NetName=NetJ37_1 Pin=J37-1
Removed Pin From Net: NetName=NetJ37_2 Pin=J37-2
Removed Pin From Net: NetName=NetJ37_1 Pin=J38-2
Removed Pin From Net: NetName=NetJ39_2 Pin=J39-2
Removed Pin From Net: NetName=NetJ39_2 Pin=J40-1
Removed Pin From Net: NetName=NetJ40_2 Pin=J40-2
Removed Pin From Net: NetName=NetJ42_1 Pin=J42-1
Removed Pin From Net: NetName=NetJ42_2 Pin=J42-2
Removed Pin From Net: NetName=NetJ43_1 Pin=J43-1
Removed Pin From Net: NetName=NetJ16_1 Pin=J44-1
Removed Pin From Net: NetName=NetJ37_2 Pin=J?-1
Removed Pin From Net: NetName=NetJ10_1 Pin=U$1-HPCOM
Removed Pin From Net: NetName=NetU$1_LCD_D20/PD20 Pin=U$2-P$2
Removed Pin From Net: NetName=NetJ17_2 Pin=U$4-CHSENSE
Removed Pin From Net: NetName=NetC?_2 Pin=U$4-VINT
Removed Pin From Net: NetName=NetC?_1 Pin=U$4-VREF
Removed Pin From Net: NetName=NetU$1_LCD_D19/PD19 Pin=U$5-P$2
Removed Pin From Net: NetName=NetU$1_LCD_D18/PD18 Pin=U$8-P$2
Removed Pin From Net: NetName=NetJ10_2 Pin=U$10-LEFT2
Removed Pin From Net: NetName=NetJ10_2 Pin=U$10-RIGHT1
Removed Pin From Net: NetName=NetJ36_2 Pin=U$11-RBIAS
Removed Pin From Net: NetName=NetJ26_2 Pin=U$11-XTAL2
Removed Pin From Net: NetName=NetU$1_LCD_D14/PD14 Pin=U$12-P$2
Removed Pin From Net: NetName=NetU$1_LCD_D13/PD13 Pin=U$13-P$2
Removed Pin From Net: NetName=NetU$1_LCD_D12/PD12 Pin=U$14-P$2
Removed Pin From Net: NetName=NetU$1_LCD_D11/PD11 Pin=U$15-P$2
Removed Pin From Net: NetName=NetU$1_LCD_D10/PD10 Pin=U$16-P$2
Removed Pin From Net: NetName=NetJ40_2 Pin=X2-4
Removed Pin From Net: NetName=NetJ39_2 Pin=X3-4
Removed Pin From Net: NetName=NetJ42_1 Pin=X6-1
Removed Pin From Net: NetName=NetJ42_1 Pin=X6-1
Removed Pin From Net: NetName=NetJ42_1 Pin=X6-1
Removed Pin From Net: NetName=NetJ43_1 Pin=X6-4
Removed Pin From Net: NetName=NetJ42_1 Pin=X7-1
Removed Pin From Net: NetName=NetJ42_1 Pin=X7-1
Removed Pin From Net: NetName=NetJ42_1 Pin=X7-1
Added Component: Designator=C?(RAD-0.3)
Added Pin To Net: NetName=GND Pin=C?-1
Added Pin To Net: NetName=GND Pin=C?-1
Added Pin To Net: NetName=GND Pin=C?-1
Added Pin To Net: NetName=GND Pin=C?-1
Added Pin To Net: NetName=GND Pin=C?-1
Added Pin To Net: NetName=GND Pin=C?-1
Added Pin To Net: NetName=GND Pin=C?-1
Added Pin To Net: NetName=NetC2_1 Pin=C?-1
Added Pin To Net: NetName=NetC2_1 Pin=C?-1
Added Pin To Net: NetName=NetC2_1 Pin=C?-1
Added Pin To Net: NetName=NetC?_1 Pin=C?-1
Added Pin To Net: NetName=NetC?_1 Pin=C?-1
Added Pin To Net: NetName=NetC?_1 Pin=C?-1
Added Pin To Net: NetName=NetC?_1 Pin=C?-1
Added Pin To Net: NetName=NetC?_1 Pin=C?-1
Added Pin To Net: NetName=NetC?_1 Pin=C?-1
Added Pin To Net: NetName=NetC?_1 Pin=C?-1
Added Pin To Net: NetName=NetC?_1 Pin=C?-1
Added Pin To Net: NetName=NetC?_1 Pin=C?-1
Added Pin To Net: NetName=NetC?_1 Pin=C?-1
Added Pin To Net: NetName=NetC?_1 Pin=C?-1
Added Pin To Net: NetName=NetC?_1 Pin=C?-1
Added Pin To Net: NetName=NetC?_1 Pin=C?-1
Added Pin To Net: NetName=NetC?_1 Pin=C?-1
Added Pin To Net: NetName=NetC?_1 Pin=C?-1
Added Pin To Net: NetName=NetC?_1 Pin=C?-1
Added Pin To Net: NetName=GND Pin=C?-2
Added Pin To Net: NetName=N$232 Pin=C?-2
Added Pin To Net: NetName=NetC2_1 Pin=C?-2
Added Pin To Net: NetName=NetC2_1 Pin=C?-2
Added Pin To Net: NetName=NetC2_1 Pin=C?-2
Added Pin To Net: NetName=NetC2_1 Pin=C?-2
Added Pin To Net: NetName=NetC?_1 Pin=C?-2
Added Pin To Net: NetName=NetC?_1 Pin=C?-2
Added Pin To Net: NetName=NetC?_1 Pin=C?-2
Added Pin To Net: NetName=NetC?_1 Pin=C?-2
Added Pin To Net: NetName=NetC?_1 Pin=C?-2
Added Pin To Net: NetName=NetC?_1 Pin=C?-2
Added Pin To Net: NetName=NetC?_1 Pin=C?-2
Added Pin To Net: NetName=NetC?_1 Pin=C?-2
Added Pin To Net: NetName=NetC?_1 Pin=C?-2
Added Pin To Net: NetName=NetC?_2 Pin=C?-2
Added Pin To Net: NetName=NetC?_2 Pin=C?-2
Added Pin To Net: NetName=NetC?_2 Pin=C?-2
Added Pin To Net: NetName=NetC?_2 Pin=C?-2
Added Pin To Net: NetName=NetC?_2 Pin=C?-2
Added Pin To Net: NetName=NetC?_2 Pin=C?-2
Added Pin To Net: NetName=NetC?_2 Pin=C?-2
Added Pin To Net: NetName=NetC?_2 Pin=C?-2
Added Pin To Net: NetName=NetC?_2 Pin=C?-2
Added Pin To Net: NetName=NetC?_2 Pin=C?-2
Added Pin To Net: NetName=NetC?_2 Pin=C?-2
Added Pin To Net: NetName=NetC?_2 Pin=C?-2
Added Pin To Net: NetName=NetJ10_1 Pin=IC1-J4
Added Pin To Net: NetName=NetIC1_J8 Pin=IC1-L8
Added Pin To Net: NetName=NetJ10_2 Pin=IC1-M3
Added Pin To Net: NetName=NetJ16_1 Pin=IC1-N3
Added Pin To Net: NetName=NetJ17_2 Pin=IC1-P3
Added Pin To Net: NetName=NetJ10_1 Pin=IC1-P4
Added Pin To Net: NetName=NetJ26_2 Pin=IC1-P8
Added Pin To Net: NetName=NetJ10_1 Pin=IC1-P9
Added Pin To Net: NetName=NetJ36_2 Pin=IC1-R4
Added Pin To Net: NetName=NetC?_1 Pin=J25-2
Added Pin To Net: NetName=NetJ26_2 Pin=U$1-DDR3_A1
Added Pin To Net: NetName=NetJ10_1 Pin=U$1-DDR3_A2
Added Pin To Net: NetName=NetJ16_1 Pin=U$1-DDR3_A3
Added Pin To Net: NetName=NetJ17_2 Pin=U$1-DDR3_A5
Added Pin To Net: NetName=NetJ36_2 Pin=U$1-DDR3_A7
Added Pin To Net: NetName=NetJ36_2 Pin=U$1-DDR3_A9
Added Pin To Net: NetName=NetJ10_2 Pin=U$1-DDR3_A14
Added Pin To Net: NetName=NetJ37_1 Pin=U$1-HPCOM
Added Pin To Net: NetName=NetU$1_LCD_D20/PD20 Pin=U$1-LCD_D21/PD21
Added Pin To Net: NetName=NetJ37_2 Pin=U$1-LCD_D22/PD22
Added Pin To Net: NetName=NetJ39_2 Pin=U$1-LCD_D23/PD23
Added Pin To Net: NetName=NetJ40_2 Pin=U$1-MICIN1
Added Pin To Net: NetName=NetU$1_LCD_D10/PD10 Pin=U$3-5
Added Pin To Net: NetName=NetU$1_LCD_D11/PD11 Pin=U$3-6
Added Pin To Net: NetName=NetU$1_LCD_D12/PD12 Pin=U$3-7
Added Pin To Net: NetName=NetU$1_LCD_D13/PD13 Pin=U$3-8
Added Pin To Net: NetName=NetU$1_LCD_D14/PD14 Pin=U$3-9
Added Pin To Net: NetName=GND Pin=U$3-25
Added Pin To Net: NetName=GND Pin=U$3-40
Added Pin To Net: NetName=NetU$1_LCD_D18/PD18 Pin=U$3-43
Added Pin To Net: NetName=NetU$1_LCD_D19/PD19 Pin=U$3-44
Added Pin To Net: NetName=NetU$1_LCD_D20/PD20 Pin=U$3-45
Added Pin To Net: NetName=NetU$1_LCD_D20/PD20 Pin=U$3-46
Added Pin To Net: NetName=NetJ37_2 Pin=U$3-47
Added Pin To Net: NetName=NetJ39_2 Pin=U$3-48
Added Pin To Net: NetName=GND Pin=U$4-CHSENSE
Added Pin To Net: NetName=NetC?_1 Pin=U$4-DCDC3
Added Pin To Net: NetName=NetC?_1 Pin=U$4-LDO4
Added Pin To Net: NetName=NetC?_1 Pin=U$4-LDO24IN
Added Pin To Net: NetName=GND Pin=U$4-N_OE
Added Pin To Net: NetName=NetC?_1 Pin=U$4-PGND1
Added Pin To Net: NetName=GND Pin=U$4-PGND2
Added Pin To Net: NetName=GND Pin=U$4-SCK
Added Pin To Net: NetName=GND Pin=U$4-SDA
Added Pin To Net: NetName=GND Pin=U$4-VIN2
Added Pin To Net: NetName=NetC?_1 Pin=U$4-VIN3
Added Pin To Net: NetName=NetC?_2 Pin=U$4-VINT
Added Pin To Net: NetName=NetC?_1 Pin=U$4-VREF
Added Pin To Net: NetName=NetC?_1 Pin=U$6-GND1
Added Pin To Net: NetName=NetC?_1 Pin=U$6-GND
Added Pin To Net: NetName=NetC?_2 Pin=U$7-21
Added Pin To Net: NetName=NetC?_1 Pin=U$7-25
Added Pin To Net: NetName=NetC?_1 Pin=U$7-35
Added Pin To Net: NetName=NetC?_1 Pin=U$7-48
Added Pin To Net: NetName=NetC?_1 Pin=U$7-51
Added Pin To Net: NetName=NetC?_1 Pin=U$7-52
Added Pin To Net: NetName=NetJ40_2 Pin=U$9-GND
Added Pin To Net: NetName=NetJ40_2 Pin=U$9-LEFT1
Added Pin To Net: NetName=NetJ37_1 Pin=U$10-LEFT2
Added Pin To Net: NetName=NetJ37_1 Pin=U$10-RIGHT1
Added Pin To Net: NetName=NetJ42_1 Pin=U$11-USBDP1
Added Pin To Net: NetName=NetC?_1 Pin=U$11-XTAL2
Added Pin To Net: NetName=NetJ42_1 Pin=X2-3
Added Pin To Net: NetName=NetC?_1 Pin=X2-4
Added Pin To Net: NetName=NetC?_1 Pin=X3-4
Added Pin To Net: NetName=NetJ43_1 Pin=X4-1
Added Pin To Net: NetName=NetJ43_1 Pin=X4-1
Added Pin To Net: NetName=NetJ43_1 Pin=X4-1
Added Pin To Net: NetName=GND Pin=X4-4
Added Pin To Net: NetName=NetJ43_1 Pin=X5-1
Added Pin To Net: NetName=NetJ43_1 Pin=X5-1
Added Pin To Net: NetName=NetJ43_1 Pin=X5-1
Added Pin To Net: NetName=GND Pin=X5-4
Added Pin To Net: NetName=NetJ42_2 Pin=X6-1
Added Pin To Net: NetName=NetJ42_2 Pin=X6-1
Added Pin To Net: NetName=NetJ42_2 Pin=X6-1
Added Pin To Net: NetName=NetC?_1 Pin=X6-4
Added Pin To Net: NetName=NetJ42_2 Pin=X7-1
Added Pin To Net: NetName=NetJ42_2 Pin=X7-1
Added Pin To Net: NetName=NetJ42_2 Pin=X7-1
Added Pin To Net: NetName=NetC?_1 Pin=X7-4
Change Net Name : Old Net Name=NetJ10_1 New Net Name=NetIC1_J4
Change Net Name : Old Net Name=NetJ10_2 New Net Name=NetIC1_M3
Change Net Name : Old Net Name=NetJ16_1 New Net Name=NetIC1_N3
Change Net Name : Old Net Name=NetJ17_2 New Net Name=NetIC1_P3
Change Net Name : Old Net Name=NetJ26_2 New Net Name=NetIC1_P8
Change Net Name : Old Net Name=NetJ36_2 New Net Name=NetIC1_R4
Change Net Name : Old Net Name=NetJ37_1 New Net Name=NetU$1_HPCOM
Change Net Name : Old Net Name=NetJ37_2 New Net Name=NetU$1_LCD_D22/PD22
Change Net Name : Old Net Name=NetJ39_2 New Net Name=NetU$1_LCD_D23/PD23
Change Net Name : Old Net Name=NetJ40_2 New Net Name=NetU$1_MICIN1
Change Net Name : Old Net Name=NetJ42_1 New Net Name=NetU$11_USBDP1
Change Net Name : Old Net Name=NetJ42_2 New Net Name=NetX2_1
Change Net Name : Old Net Name=NetJ43_1 New Net Name=NetX4_1
