Removed Pin From Net: NetName=NetC?_2 Pin=C?-2
Removed Pin From Net: NetName=NetC?_2 Pin=R?-1
Removed Pin From Net: NetName=NetU$1_UDP1 Pin=U$1-UDP1
Removed Pin From Net: NetName=NetU$3_27 Pin=U$3-27
Removed Pin From Net: NetName=NetU$7_11 Pin=U$7-11
Removed Pin From Net: NetName=NetU$7_12 Pin=U$7-12
Removed Pin From Net: NetName=GND Pin=U$11-TEST0
Removed Pin From Net: NetName=GND Pin=U$11-TEST1
Removed Pin From Net: NetName=NetU$1_UDM1 Pin=U$11-USBDN0
Removed Pin From Net: NetName=NetU$11_USBDN3 Pin=U$11-USBDN3
Removed Pin From Net: NetName=NetU$11_USBDN4 Pin=U$11-USBDN4
Removed Pin From Net: NetName=NetU$11_USBDN5 Pin=U$11-USBDN5
Removed Pin From Net: NetName=NetU$11_USBDN6 Pin=U$11-USBDN6
Removed Pin From Net: NetName=NetU$7_11 Pin=U$11-USBDN7
Removed Pin From Net: NetName=NetU$1_UDP1 Pin=U$11-USBDP0
Removed Pin From Net: NetName=NetU$11_USBDP3 Pin=U$11-USBDP3
Removed Pin From Net: NetName=NetU$11_USBDP4 Pin=U$11-USBDP4
Removed Pin From Net: NetName=NetU$7_12 Pin=U$11-USBDP7
Removed Pin From Net: NetName=NetU$3_27 Pin=X1-3
Removed Pin From Net: NetName=NetU$11_USBDN6 Pin=X4-2
Removed Pin From Net: NetName=NetU$11_USBDN5 Pin=X5-2
Removed Pin From Net: NetName=NetU$11_USBDP4 Pin=X6-2
Removed Pin From Net: NetName=NetU$11_USBDN4 Pin=X6-3
Removed Pin From Net: NetName=NetU$11_USBDN3 Pin=X7-2
Removed Pin From Net: NetName=NetU$11_USBDP3 Pin=X7-3
Added Component: Designator=C?(RAD-0.3)
Added Pin To Net: NetName=GND Pin=C?-1
Added Pin To Net: NetName=GND Pin=C?-1
Added Pin To Net: NetName=GND Pin=C?-1
Added Pin To Net: NetName=GND Pin=C?-1
Added Pin To Net: NetName=GND Pin=C?-1
Added Pin To Net: NetName=GND Pin=C?-1
Added Pin To Net: NetName=GND Pin=C?-1
Added Pin To Net: NetName=NetC2_1 Pin=C?-1
Added Pin To Net: NetName=NetC2_1 Pin=C?-1
Added Pin To Net: NetName=NetC2_1 Pin=C?-1
Added Pin To Net: NetName=NetC?_1 Pin=C?-1
Added Pin To Net: NetName=NetC?_1 Pin=C?-1
Added Pin To Net: NetName=NetC?_1 Pin=C?-1
Added Pin To Net: NetName=NetC?_1 Pin=C?-1
Added Pin To Net: NetName=NetC?_1 Pin=C?-1
Added Pin To Net: NetName=NetC?_1 Pin=C?-1
Added Pin To Net: NetName=NetC?_1 Pin=C?-1
Added Pin To Net: NetName=NetC?_1 Pin=C?-1
Added Pin To Net: NetName=NetC?_1 Pin=C?-1
Added Pin To Net: NetName=NetC?_1 Pin=C?-1
Added Pin To Net: NetName=NetC?_1 Pin=C?-1
Added Pin To Net: NetName=NetC?_1 Pin=C?-1
Added Pin To Net: NetName=NetC?_1 Pin=C?-1
Added Pin To Net: NetName=NetC?_1 Pin=C?-1
Added Pin To Net: NetName=NetC?_1 Pin=C?-1
Added Pin To Net: NetName=NetC?_1 Pin=C?-1
Added Pin To Net: NetName=NetC?_1 Pin=C?-1
Added Pin To Net: NetName=NetC?_1 Pin=C?-1
Added Pin To Net: NetName=NetC?_1 Pin=C?-1
Added Pin To Net: NetName=NetC?_1 Pin=C?-1
Added Pin To Net: NetName=NetC?_1 Pin=C?-1
Added Pin To Net: NetName=NetC?_1 Pin=C?-1
Added Pin To Net: NetName=GND Pin=C?-2
Added Pin To Net: NetName=N$232 Pin=C?-2
Added Pin To Net: NetName=NetC2_1 Pin=C?-2
Added Pin To Net: NetName=NetC2_1 Pin=C?-2
Added Pin To Net: NetName=NetC2_1 Pin=C?-2
Added Pin To Net: NetName=NetC2_1 Pin=C?-2
Added Pin To Net: NetName=NetC?_1 Pin=C?-2
Added Pin To Net: NetName=NetC?_1 Pin=C?-2
Added Pin To Net: NetName=NetC?_1 Pin=C?-2
Added Pin To Net: NetName=NetC?_1 Pin=C?-2
Added Pin To Net: NetName=NetC?_1 Pin=C?-2
Added Pin To Net: NetName=NetC?_1 Pin=C?-2
Added Pin To Net: NetName=NetC?_1 Pin=C?-2
Added Pin To Net: NetName=NetC?_1 Pin=C?-2
Added Pin To Net: NetName=NetC?_1 Pin=C?-2
Added Pin To Net: NetName=NetC?_2 Pin=C?-2
Added Pin To Net: NetName=NetC?_2 Pin=C?-2
Added Pin To Net: NetName=NetC?_2 Pin=C?-2
Added Pin To Net: NetName=NetC?_2 Pin=C?-2
Added Pin To Net: NetName=NetC?_2 Pin=C?-2
Added Pin To Net: NetName=NetC?_2 Pin=C?-2
Added Pin To Net: NetName=NetC?_2 Pin=C?-2
Added Pin To Net: NetName=NetC?_2 Pin=C?-2
Added Pin To Net: NetName=NetC?_2 Pin=C?-2
Added Pin To Net: NetName=NetC?_2 Pin=C?-2
Added Pin To Net: NetName=NetU$1_UDP1 Pin=C?-2
Added Pin To Net: NetName=NetU$3_27 Pin=C?-2
Added Pin To Net: NetName=NetU$7_11 Pin=C?-2
Added Pin To Net: NetName=NetU$7_11 Pin=C?-2
Added Pin To Net: NetName=NetU$7_12 Pin=C?-2
Added Pin To Net: NetName=NetU$11_USBDN3 Pin=C?-2
Added Pin To Net: NetName=NetU$11_USBDN4 Pin=C?-2
Added Pin To Net: NetName=NetU$11_USBDN5 Pin=C?-2
Added Pin To Net: NetName=NetD?_A Pin=D?-A
Added Pin To Net: NetName=NetD?_A Pin=D?-A
Added Pin To Net: NetName=NetC?_1 Pin=D?-C
Added Pin To Net: NetName=NetC?_1 Pin=D?-C
Added Pin To Net: NetName=NetC?_1 Pin=D?-C
Added Pin To Net: NetName=NetC?_2 Pin=J19-2
Added Pin To Net: NetName=NetU$1_UDP1 Pin=J25-1
Added Pin To Net: NetName=NetC?_1 Pin=J25-2
Added Pin To Net: NetName=NetC?_2 Pin=MK?-2
Added Pin To Net: NetName=NetC?_1 Pin=R?-1
Added Pin To Net: NetName=NetC?_1 Pin=R?-1
Added Pin To Net: NetName=NetC?_2 Pin=R?-1
Added Pin To Net: NetName=NetC?_2 Pin=R?-1
Added Pin To Net: NetName=NetC?_2 Pin=R?-1
Added Pin To Net: NetName=NetC?_1 Pin=R?-2
Added Pin To Net: NetName=NetC?_1 Pin=R?-2
Added Pin To Net: NetName=NetD?_A Pin=R?-2
Added Pin To Net: NetName=NetD?_A Pin=R?-2
Added Pin To Net: NetName=NetC?_1 Pin=U$1-HPOUTR
Added Pin To Net: NetName=NetU$11_USBDN6 Pin=U$1-UDP0
Added Pin To Net: NetName=NetC?_1 Pin=U$1-VMIC
Added Pin To Net: NetName=NetU$1_LCD_VSYNC/PD27 Pin=U$3-27
Added Pin To Net: NetName=NetU$11_USBDN3 Pin=U$4-ACIN1
Added Pin To Net: NetName=NetU$11_USBDN3 Pin=U$4-ACIN
Added Pin To Net: NetName=NetU$7_11 Pin=U$4-APS
Added Pin To Net: NetName=NetC?_1 Pin=U$4-DCDC3
Added Pin To Net: NetName=NetU$3_27 Pin=U$4-GPIO0
Added Pin To Net: NetName=NetU$7_12 Pin=U$4-IPSOUT1
Added Pin To Net: NetName=NetU$11_USBDN4 Pin=U$4-LDO1
Added Pin To Net: NetName=NetC?_1 Pin=U$4-LDO4
Added Pin To Net: NetName=NetC?_1 Pin=U$4-LDO24IN
Added Pin To Net: NetName=NetC?_1 Pin=U$4-PGND1
Added Pin To Net: NetName=NetU$11_USBDN5 Pin=U$4-VBUS
Added Pin To Net: NetName=NetC?_1 Pin=U$4-VIN3
Added Pin To Net: NetName=NetC?_2 Pin=U$4-VINT
Added Pin To Net: NetName=NetC?_1 Pin=U$4-VREF
Added Pin To Net: NetName=NetC?_1 Pin=U$6-GND1
Added Pin To Net: NetName=NetC?_1 Pin=U$6-GND
Added Pin To Net: NetName=NetU$11_USBDN6 Pin=U$7-11
Added Pin To Net: NetName=NetU$1_UDM1 Pin=U$7-12
Added Pin To Net: NetName=NetC?_2 Pin=U$7-19
Added Pin To Net: NetName=NetC?_1 Pin=U$7-25
Added Pin To Net: NetName=NetC?_1 Pin=U$7-35
Added Pin To Net: NetName=NetC?_1 Pin=U$7-48
Added Pin To Net: NetName=NetC?_1 Pin=U$7-51
Added Pin To Net: NetName=NetC?_1 Pin=U$10-RIGHT1
Added Pin To Net: NetName=NetC?_1 Pin=U$10-RIGHT2
Added Pin To Net: NetName=GND Pin=U$11-SELF_PWR
Added Pin To Net: NetName=NetU$11_USBDP3 Pin=U$11-VDDA33
Added Pin To Net: NetName=NetU$1_UDP1 Pin=U$11-XTAL1/CLKIN
Added Pin To Net: NetName=NetC?_1 Pin=U$11-XTAL2
Added Pin To Net: NetName=NetU$1_LCD_VSYNC/PD27 Pin=X1-3
Added Pin To Net: NetName=NetC?_1 Pin=X2-1
Added Pin To Net: NetName=NetC?_1 Pin=X2-1
Added Pin To Net: NetName=NetC?_1 Pin=X2-1
Added Pin To Net: NetName=NetU$11_USBDP4 Pin=X2-4
Added Pin To Net: NetName=NetC?_1 Pin=X3-1
Added Pin To Net: NetName=NetC?_1 Pin=X3-1
Added Pin To Net: NetName=NetC?_1 Pin=X3-1
Added Pin To Net: NetName=NetU$11_USBDP4 Pin=X3-4
Added Pin To Net: NetName=NetC?_1 Pin=X4-1
Added Pin To Net: NetName=NetC?_1 Pin=X4-1
Added Pin To Net: NetName=NetC?_1 Pin=X4-1
Added Pin To Net: NetName=NetC?_1 Pin=X5-1
Added Pin To Net: NetName=NetC?_1 Pin=X5-1
Added Pin To Net: NetName=NetC?_1 Pin=X5-1
Added Pin To Net: NetName=NetC?_1 Pin=X6-1
Added Pin To Net: NetName=NetC?_1 Pin=X6-1
Added Pin To Net: NetName=NetC?_1 Pin=X6-1
Added Pin To Net: NetName=NetU$11_USBDP3 Pin=X6-2
Added Pin To Net: NetName=NetC?_1 Pin=X7-1
Added Pin To Net: NetName=NetC?_1 Pin=X7-1
Added Pin To Net: NetName=NetC?_1 Pin=X7-1
Added Pin To Net: NetName=NetC?_1 Pin=X7-4
Change Net Name : Old Net Name=NetU$1_UDP1 New Net Name=NetC?_2
Change Net Name : Old Net Name=NetU$3_27 New Net Name=NetC?_2
Change Net Name : Old Net Name=NetU$7_11 New Net Name=NetC?_2
Change Net Name : Old Net Name=NetU$7_12 New Net Name=NetC?_2
Change Net Name : Old Net Name=NetU$11_USBDN3 New Net Name=NetC?_2
Change Net Name : Old Net Name=NetU$11_USBDN4 New Net Name=NetC?_2
Change Net Name : Old Net Name=NetU$11_USBDN5 New Net Name=NetC?_2
Change Net Name : Old Net Name=NetU$11_USBDN6 New Net Name=NetU$1_UDP0
Change Net Name : Old Net Name=NetU$11_USBDP3 New Net Name=NetU$11_VDDA33
Change Net Name : Old Net Name=NetU$11_USBDP4 New Net Name=NetX2_4
