Removed Pin From Net: NetName=NetC5_1 Pin=C2-1
Removed Pin From Net: NetName=NetC1_1 Pin=C2-2
Removed Pin From Net: NetName=NetADV1_13 Pin=C3-1
Removed Pin From Net: NetName=NetC17_2 Pin=C3-2
Removed Pin From Net: NetName=NetC2_1 Pin=C5-1
Removed Pin From Net: NetName=NetAXP1_PWRON Pin=C5-2
Removed Pin From Net: NetName=NetAXP1_LDO24IN Pin=C8-1
Removed Pin From Net: NetName=NetC1_1 Pin=C8-2
Removed Pin From Net: NetName=NetC8_1 Pin=C9-1
Removed Pin From Net: NetName=NetAXP1_APS Pin=C9-2
Removed Pin From Net: NetName=NetC4_1 Pin=C22-1
Removed Pin From Net: NetName=NetC3_2 Pin=C22-2
Removed Pin From Net: NetName=NetC3_1 Pin=C23-1
Removed Pin From Net: NetName=NetC3_2 Pin=C23-2
Removed Pin From Net: NetName=NetAllwinner A1_VMIC Pin=C24-1
Removed Pin From Net: NetName=NetC3_2 Pin=C24-2
Removed Pin From Net: NetName=NetAXP1_TS Pin=R1-2
Removed Pin From Net: NetName=NetR7_1 Pin=R2-1
Removed Pin From Net: NetName=NetC8_1 Pin=R2-2
Removed Pin From Net: NetName=NetC3_1 Pin=R3-1
Removed Pin From Net: NetName=NetC4_1 Pin=R3-2
Change Component Comment : Designator=R3 Old Comment=Res1 New Comment=Res3
Change Component Designator: OldDesignator=C1 NewDesignator=C21
Change Component Designator: OldDesignator=C4 NewDesignator=C1
Change Component Designator: OldDesignator=C6 NewDesignator=C10
Change Component Designator: OldDesignator=C8 NewDesignator=C9
Change Component Designator: OldDesignator=C10 NewDesignator=C6
Change Component Designator: OldDesignator=C11 NewDesignator=C13
Change Component Designator: OldDesignator=C12 NewDesignator=C11
Change Component Designator: OldDesignator=C13 NewDesignator=C24
Change Component Designator: OldDesignator=C15 NewDesignator=C19
Change Component Designator: OldDesignator=C16 NewDesignator=C23
Change Component Designator: OldDesignator=C17 NewDesignator=C12
Change Component Designator: OldDesignator=C18 NewDesignator=C15
Change Component Designator: OldDesignator=C19 NewDesignator=C16
Change Component Designator: OldDesignator=C20 NewDesignator=C28
Change Component Designator: OldDesignator=C21 NewDesignator=C18
Change Component Designator: OldDesignator=C23 NewDesignator=C8
Change Component Designator: OldDesignator=C25 NewDesignator=C37
Change Component Designator: OldDesignator=C26 NewDesignator=C31
Change Component Designator: OldDesignator=C27 NewDesignator=C29
Change Component Designator: OldDesignator=C28 NewDesignator=C26
Change Component Designator: OldDesignator=C29 NewDesignator=C30
Change Component Designator: OldDesignator=C30 NewDesignator=C32
Change Component Designator: OldDesignator=C31 NewDesignator=C35
Change Component Designator: OldDesignator=C32 NewDesignator=C34
Change Component Designator: OldDesignator=C33 NewDesignator=C20
Change Component Designator: OldDesignator=C34 NewDesignator=C36
Change Component Designator: OldDesignator=C35 NewDesignator=C22
Change Component Designator: OldDesignator=D1 NewDesignator=D2
Change Component Designator: OldDesignator=D2 NewDesignator=D1
Change Component Designator: OldDesignator=R3 NewDesignator=R7
Change Component Designator: OldDesignator=R4 NewDesignator=R3
Change Component Designator: OldDesignator=R6 NewDesignator=R4
Change Component Designator: OldDesignator=R7 NewDesignator=R8
Change Component Designator: OldDesignator=R8 NewDesignator=R9
Change Component Designator: OldDesignator=R?1 NewDesignator=R6
Change Component Designator: OldDesignator=X1 NewDesignator=X5
Change Component Designator: OldDesignator=X3 NewDesignator=X1
Change Component Designator: OldDesignator=X4 NewDesignator=X6
Change Component Designator: OldDesignator=X5 NewDesignator=X4
Change Component Designator: OldDesignator=X6 NewDesignator=X3
Added Component: Designator=C4(RAD-0.3)
Added Component: Designator=C5(RAD-0.3)
Added Component: Designator=C17(RAD-0.3)
Added Component: Designator=C38(RAD-0.3)
Added Component: Designator=L?(0402-A)
Added Component: Designator=L?(0402-A)
Added Component: Designator=R2(AXIAL-0.3)
Added Component: Designator=Y?(R38)
Added Component: Designator=Y?(R38)
Added Pin To Net: NetName=NetC2_1 Pin=C2-1
Added Pin To Net: NetName=NetAXP1_PWRON Pin=C2-2
Added Pin To Net: NetName=NetC3_1 Pin=C3-1
Added Pin To Net: NetName=NetC3_2 Pin=C3-2
Added Pin To Net: NetName=NetC4_1 Pin=C4-1
Added Pin To Net: NetName=NetC3_2 Pin=C4-2
Added Pin To Net: NetName=NetC5_1 Pin=C5-1
Added Pin To Net: NetName=NetC1_1 Pin=C5-2
Added Pin To Net: NetName=NetC5_1 Pin=C8-1
Added Pin To Net: NetName=NetC8_1 Pin=C8-1
Added Pin To Net: NetName=NetAXP1_APS Pin=C8-2
Added Pin To Net: NetName=NetC1_1 Pin=C8-2
Added Pin To Net: NetName=NetAXP1_LDO1 Pin=C9-1
Added Pin To Net: NetName=NetAXP1_LDO24IN Pin=C9-1
Added Pin To Net: NetName=NetAXP1_DC3SET Pin=C9-2
Added Pin To Net: NetName=NetC1_1 Pin=C9-2
Added Pin To Net: NetName=NetADV1_13 Pin=C17-1
Added Pin To Net: NetName=NetAXP1_LDO4 Pin=C17-1
Added Pin To Net: NetName=NetC1_1 Pin=C17-2
Added Pin To Net: NetName=NetC17_2 Pin=C17-2
Added Pin To Net: NetName=NetAllwinner A1_VMIC Pin=C38-1
Added Pin To Net: NetName=NetC37_1 Pin=C38-1
Added Pin To Net: NetName=NetC1_1 Pin=C38-2
Added Pin To Net: NetName=NetC3_2 Pin=C38-2
Added Pin To Net: NetName=NetAXP1_LX2 Pin=L?-1
Added Pin To Net: NetName=NetAXP1_LX Pin=L?-1
Added Pin To Net: NetName=NetC5_1 Pin=L?-2
Added Pin To Net: NetName=NetC37_1 Pin=L?-2
Added Pin To Net: NetName=NetC3_1 Pin=R1-1
Added Pin To Net: NetName=NetC4_1 Pin=R1-2
Added Pin To Net: NetName=NetAXP1_TS Pin=R2-2
Added Pin To Net: NetName=NetC32_2 Pin=R7-1
Added Pin To Net: NetName=NetR7_1 Pin=R7-1
Added Pin To Net: NetName=NetC8_1 Pin=R7-2
Added Pin To Net: NetName=NetD1_A Pin=R7-2
Added Pin To Net: NetName=NetIC1_4 Pin=X1-4
Added Pin To Net: NetName=NetC12_1 Pin=Y?-1
Added Pin To Net: NetName=NetC30_2 Pin=Y?-1
Added Pin To Net: NetName=NetC12_2 Pin=Y?-2
Change Net Name : Old Net Name=NetR?_1 New Net Name=NetR6_1
Change Net Name : Old Net Name=NetR?_2 New Net Name=NetR6_2
Added Pin To Net: NetName=NetADV1_17 Pin=ADV1-17
Added Pin To Net: NetName=NetADV1_17 Pin=Allwinner A1-LCD_D3/PD3
Added Net: Name=NetADV1_17
Added Pin To Net: NetName=NetADV1_18 Pin=ADV1-18
Added Pin To Net: NetName=NetADV1_18 Pin=Allwinner A1-LCD_D4/PD4
Added Net: Name=NetADV1_18
Added Pin To Net: NetName=NetADV1_21 Pin=ADV1-21
Added Pin To Net: NetName=NetADV1_21 Pin=Allwinner A1-LCD_D6/PD6
Added Net: Name=NetADV1_21
