Removed Pin From Net: NetName=NetC?_1 Pin=C?-1
Removed Pin From Net: NetName=NetC?_1 Pin=D?-C
Removed Pin From Net: NetName=NetC?_2 Pin=J19-2
Removed Pin From Net: NetName=NetC?_1 Pin=J25-2
Removed Pin From Net: NetName=NetC?_2 Pin=MK?-2
Removed Pin From Net: NetName=NetC?_2 Pin=R?-1
Removed Pin From Net: NetName=NetC?_1 Pin=U$1-HPCOM
Removed Pin From Net: NetName=NetC?_1 Pin=U$1-HPOUTL
Removed Pin From Net: NetName=NetC?_1 Pin=U$1-HPOUTR
Removed Pin From Net: NetName=NetC?_1 Pin=U$1-VMIC
Removed Pin From Net: NetName=NetC?_2 Pin=U$4-ACIN1
Removed Pin From Net: NetName=NetC?_2 Pin=U$4-ACIN
Removed Pin From Net: NetName=NetC?_2 Pin=U$4-APS
Removed Pin From Net: NetName=NetC?_1 Pin=U$4-DCDC3
Removed Pin From Net: NetName=NetC?_2 Pin=U$4-GPIO0
Removed Pin From Net: NetName=NetC?_2 Pin=U$4-IPSOUT1
Removed Pin From Net: NetName=NetC?_1 Pin=U$4-LDO4
Removed Pin From Net: NetName=NetC?_1 Pin=U$4-LDO24IN
Removed Pin From Net: NetName=NetC?_1 Pin=U$4-PGND1
Removed Pin From Net: NetName=NetC?_1 Pin=U$4-VIN3
Removed Pin From Net: NetName=NetC?_2 Pin=U$4-VINT
Removed Pin From Net: NetName=NetC?_1 Pin=U$4-VREF
Removed Pin From Net: NetName=NetC?_1 Pin=U$6-GND1
Removed Pin From Net: NetName=NetC?_1 Pin=U$6-GND
Removed Pin From Net: NetName=NetC?_2 Pin=U$7-9
Removed Pin From Net: NetName=NetC?_2 Pin=U$7-19
Removed Pin From Net: NetName=NetC?_2 Pin=U$7-21
Removed Pin From Net: NetName=NetC?_2 Pin=U$7-25
Removed Pin From Net: NetName=NetC?_2 Pin=U$7-48
Removed Pin From Net: NetName=NetC?_1 Pin=U$7-51
Removed Pin From Net: NetName=NetC?_1 Pin=U$10-LEFT2
Removed Pin From Net: NetName=NetC?_1 Pin=U$10-RIGHT1
Removed Pin From Net: NetName=NetC?_1 Pin=U$10-RIGHT2
Removed Pin From Net: NetName=NetC?_1 Pin=U$11-XTAL2
Removed Pin From Net: NetName=NetC?_1 Pin=X2-1
Removed Pin From Net: NetName=NetC?_1 Pin=X2-1
Removed Pin From Net: NetName=NetC?_1 Pin=X2-1
Removed Pin From Net: NetName=NetC?_1 Pin=X3-1
Removed Pin From Net: NetName=NetC?_1 Pin=X3-1
Removed Pin From Net: NetName=NetC?_1 Pin=X3-1
Removed Pin From Net: NetName=NetC?_1 Pin=X4-1
Removed Pin From Net: NetName=NetC?_1 Pin=X4-1
Removed Pin From Net: NetName=NetC?_1 Pin=X4-1
Removed Pin From Net: NetName=NetC?_1 Pin=X5-1
Removed Pin From Net: NetName=NetC?_1 Pin=X5-1
Removed Pin From Net: NetName=NetC?_1 Pin=X5-1
Removed Pin From Net: NetName=NetC?_1 Pin=X6-1
Removed Pin From Net: NetName=NetC?_1 Pin=X6-1
Removed Pin From Net: NetName=NetC?_1 Pin=X6-1
Removed Pin From Net: NetName=NetC?_1 Pin=X7-1
Removed Pin From Net: NetName=NetC?_1 Pin=X7-1
Removed Pin From Net: NetName=NetC?_1 Pin=X7-1
Removed Pin From Net: NetName=NetC?_1 Pin=X7-4
Added Component: Designator=C?(RAD-0.3)
Added Pin To Net: NetName=GND Pin=C?-1
Added Pin To Net: NetName=GND Pin=C?-1
Added Pin To Net: NetName=GND Pin=C?-1
Added Pin To Net: NetName=GND Pin=C?-1
Added Pin To Net: NetName=GND Pin=C?-1
Added Pin To Net: NetName=GND Pin=C?-1
Added Pin To Net: NetName=GND Pin=C?-1
Added Pin To Net: NetName=NetC2_1 Pin=C?-1
Added Pin To Net: NetName=NetC2_1 Pin=C?-1
Added Pin To Net: NetName=NetC2_1 Pin=C?-1
Added Pin To Net: NetName=NetC?_1 Pin=C?-1
Added Pin To Net: NetName=NetC?_1 Pin=C?-1
Added Pin To Net: NetName=NetC?_1 Pin=C?-1
Added Pin To Net: NetName=NetC?_1 Pin=C?-1
Added Pin To Net: NetName=NetC?_1 Pin=C?-1
Added Pin To Net: NetName=NetC?_1 Pin=C?-1
Added Pin To Net: NetName=NetC?_1 Pin=C?-1
Added Pin To Net: NetName=NetC?_1 Pin=C?-1
Added Pin To Net: NetName=NetC?_1 Pin=C?-1
Added Pin To Net: NetName=NetC?_1 Pin=C?-1
Added Pin To Net: NetName=NetC?_1 Pin=C?-1
Added Pin To Net: NetName=NetC?_1 Pin=C?-1
Added Pin To Net: NetName=NetC?_1 Pin=C?-1
Added Pin To Net: NetName=NetC?_1 Pin=C?-1
Added Pin To Net: NetName=NetC?_1 Pin=C?-1
Added Pin To Net: NetName=NetC?_1 Pin=C?-1
Added Pin To Net: NetName=NetC?_1 Pin=C?-1
Added Pin To Net: NetName=NetC?_1 Pin=C?-1
Added Pin To Net: NetName=NetC?_1 Pin=C?-1
Added Pin To Net: NetName=NetC?_1 Pin=C?-1
Added Pin To Net: NetName=NetC?_1 Pin=C?-1
Added Pin To Net: NetName=GND Pin=C?-2
Added Pin To Net: NetName=N$232 Pin=C?-2
Added Pin To Net: NetName=NetC2_1 Pin=C?-2
Added Pin To Net: NetName=NetC2_1 Pin=C?-2
Added Pin To Net: NetName=NetC2_1 Pin=C?-2
Added Pin To Net: NetName=NetC2_1 Pin=C?-2
Added Pin To Net: NetName=NetC?_1 Pin=C?-2
Added Pin To Net: NetName=NetC?_1 Pin=C?-2
Added Pin To Net: NetName=NetC?_1 Pin=C?-2
Added Pin To Net: NetName=NetC?_1 Pin=C?-2
Added Pin To Net: NetName=NetC?_1 Pin=C?-2
Added Pin To Net: NetName=NetC?_1 Pin=C?-2
Added Pin To Net: NetName=NetC?_1 Pin=C?-2
Added Pin To Net: NetName=NetC?_2 Pin=C?-2
Added Pin To Net: NetName=NetC?_2 Pin=C?-2
Added Pin To Net: NetName=NetC?_2 Pin=C?-2
Added Pin To Net: NetName=NetC?_2 Pin=C?-2
Added Pin To Net: NetName=NetC?_2 Pin=C?-2
Added Pin To Net: NetName=NetC?_2 Pin=C?-2
Added Pin To Net: NetName=NetC?_2 Pin=C?-2
Added Pin To Net: NetName=NetC?_2 Pin=C?-2
Added Pin To Net: NetName=NetC?_2 Pin=C?-2
Added Pin To Net: NetName=NetC?_2 Pin=C?-2
Added Pin To Net: NetName=NetC?_2 Pin=C?-2
Added Pin To Net: NetName=NetC?_2 Pin=C?-2
Added Pin To Net: NetName=NetC?_2 Pin=C?-2
Added Pin To Net: NetName=NetC?_2 Pin=C?-2
Added Pin To Net: NetName=NetC?_2 Pin=C?-2
Added Pin To Net: NetName=NetC?_2 Pin=C?-2
Added Pin To Net: NetName=NetC?_2 Pin=C?-2
Added Pin To Net: NetName=NetC?_2 Pin=C?-2
Added Pin To Net: NetName=NetC?_2 Pin=C?-2
Added Pin To Net: NetName=NetC?_2 Pin=C?-2
Added Pin To Net: NetName=NetD?_A Pin=D?-A
Added Pin To Net: NetName=NetD?_A Pin=D?-A
Added Pin To Net: NetName=NetC?_1 Pin=D?-C
Added Pin To Net: NetName=NetC?_1 Pin=D?-C
Added Pin To Net: NetName=NetC?_1 Pin=D?-C
Added Pin To Net: NetName=NetC?_2 Pin=J19-2
Added Pin To Net: NetName=NetC?_1 Pin=J25-2
Added Pin To Net: NetName=NetC?_2 Pin=MK?-2
Added Pin To Net: NetName=NetC?_1 Pin=R?-1
Added Pin To Net: NetName=NetC?_1 Pin=R?-1
Added Pin To Net: NetName=NetC?_2 Pin=R?-1
Added Pin To Net: NetName=NetC?_2 Pin=R?-1
Added Pin To Net: NetName=NetC?_2 Pin=R?-1
Added Pin To Net: NetName=NetC?_1 Pin=R?-2
Added Pin To Net: NetName=NetC?_1 Pin=R?-2
Added Pin To Net: NetName=NetD?_A Pin=R?-2
Added Pin To Net: NetName=NetD?_A Pin=R?-2
Added Pin To Net: NetName=NetC?_1 Pin=U$1-HPCOM
Added Pin To Net: NetName=NetC?_1 Pin=U$1-HPOUTL
Added Pin To Net: NetName=NetC?_1 Pin=U$1-HPOUTR
Added Pin To Net: NetName=NetC?_1 Pin=U$1-VMIC
Added Pin To Net: NetName=NetC?_2 Pin=U$4-ACIN1
Added Pin To Net: NetName=NetC?_2 Pin=U$4-ACIN
Added Pin To Net: NetName=NetC?_2 Pin=U$4-APS
Added Pin To Net: NetName=NetC?_1 Pin=U$4-DCDC3
Added Pin To Net: NetName=NetC?_2 Pin=U$4-GPIO0
Added Pin To Net: NetName=NetC?_2 Pin=U$4-IPSOUT1
Added Pin To Net: NetName=NetC?_2 Pin=U$4-LDO1
Added Pin To Net: NetName=NetC?_1 Pin=U$4-LDO4
Added Pin To Net: NetName=NetC?_1 Pin=U$4-LDO24IN
Added Pin To Net: NetName=NetC?_1 Pin=U$4-PGND1
Added Pin To Net: NetName=NetC?_2 Pin=U$4-VBUS
Added Pin To Net: NetName=NetC?_1 Pin=U$4-VIN3
Added Pin To Net: NetName=NetC?_2 Pin=U$4-VINT
Added Pin To Net: NetName=NetC?_1 Pin=U$4-VREF
Added Pin To Net: NetName=NetC?_1 Pin=U$6-GND1
Added Pin To Net: NetName=NetC?_1 Pin=U$6-GND
Added Pin To Net: NetName=NetC?_2 Pin=U$7-9
Added Pin To Net: NetName=NetC?_2 Pin=U$7-19
Added Pin To Net: NetName=NetC?_2 Pin=U$7-21
Added Pin To Net: NetName=NetC?_2 Pin=U$7-25
Added Pin To Net: NetName=NetC?_2 Pin=U$7-48
Added Pin To Net: NetName=NetC?_1 Pin=U$7-51
Added Pin To Net: NetName=NetC?_1 Pin=U$10-LEFT2
Added Pin To Net: NetName=NetC?_1 Pin=U$10-RIGHT1
Added Pin To Net: NetName=NetC?_1 Pin=U$10-RIGHT2
Added Pin To Net: NetName=NetC?_1 Pin=U$11-XTAL2
Added Pin To Net: NetName=NetC?_1 Pin=X2-1
Added Pin To Net: NetName=NetC?_1 Pin=X2-1
Added Pin To Net: NetName=NetC?_1 Pin=X2-1
Added Pin To Net: NetName=NetC?_1 Pin=X3-1
Added Pin To Net: NetName=NetC?_1 Pin=X3-1
Added Pin To Net: NetName=NetC?_1 Pin=X3-1
Added Pin To Net: NetName=NetC?_1 Pin=X4-1
Added Pin To Net: NetName=NetC?_1 Pin=X4-1
Added Pin To Net: NetName=NetC?_1 Pin=X4-1
Added Pin To Net: NetName=NetC?_1 Pin=X5-1
Added Pin To Net: NetName=NetC?_1 Pin=X5-1
Added Pin To Net: NetName=NetC?_1 Pin=X5-1
Added Pin To Net: NetName=NetC?_1 Pin=X6-1
Added Pin To Net: NetName=NetC?_1 Pin=X6-1
Added Pin To Net: NetName=NetC?_1 Pin=X6-1
Added Pin To Net: NetName=NetC?_1 Pin=X7-1
Added Pin To Net: NetName=NetC?_1 Pin=X7-1
Added Pin To Net: NetName=NetC?_1 Pin=X7-1
Added Pin To Net: NetName=NetC?_1 Pin=X7-4
