Removed Pin From Net: NetName=NetAXP202_LDO24IN Pin=C2-1
Removed Pin From Net: NetName=NetC6_2 Pin=C2-2
Removed Pin From Net: NetName=NetC8_1 Pin=C3-1
Removed Pin From Net: NetName=NetAXP202_APS Pin=C3-2
Removed Pin From Net: NetName=NetAXP202_LDO4 Pin=C4-1
Removed Pin From Net: NetName=NetC6_2 Pin=C4-2
Removed Pin From Net: NetName=NetC12_1 Pin=C5-1
Removed Pin From Net: NetName=NetC12_1 Pin=C8-1
Removed Pin From Net: NetName=NetC6_2 Pin=C8-2
Removed Pin From Net: NetName=NetAXP202_LDO1 Pin=C9-1
Removed Pin From Net: NetName=NetAXP202_DC3SET Pin=C9-2
Removed Pin From Net: NetName=NetADV7125_13 Pin=C17-1
Removed Pin From Net: NetName=NetC35_2 Pin=C17-2
Removed Pin From Net: NetName=NetC6_1 Pin=C37-1
Removed Pin From Net: NetName=NetC6_1 Pin=C38-1
Removed Pin From Net: NetName=NetC35_2 Pin=L1-1
Removed Pin From Net: NetName=NetR7_1 Pin=R1-1
Removed Pin From Net: NetName=NetC8_1 Pin=R1-2
Removed Pin From Net: NetName=NetC33_2 Pin=R7-1
Removed Pin From Net: NetName=NetD1_A Pin=R7-2
Added Component: Designator=C8(RAD-0.3)
Added Component: Designator=C9(RAD-0.3)
Added Component: Designator=MK1(PIN2)
Added Component: Designator=R3(J1-0603)
Added Component: Designator=R7(AXIAL-0.3)
Added Pin To Net: NetName=NetC2_1 Pin=C2-1
Added Pin To Net: NetName=NetAXP202_PWRON Pin=C2-2
Added Pin To Net: NetName=NetC3_1 Pin=C3-1
Added Pin To Net: NetName=NetC3_2 Pin=C3-2
Added Pin To Net: NetName=NetC4_1 Pin=C4-1
Added Pin To Net: NetName=NetC3_2 Pin=C4-2
Added Pin To Net: NetName=NetC6_1 Pin=C5-1
Added Pin To Net: NetName=NetC6_1 Pin=C8-1
Added Pin To Net: NetName=NetC8_1 Pin=C8-1
Added Pin To Net: NetName=NetAXP202_APS Pin=C8-2
Added Pin To Net: NetName=NetC6_2 Pin=C8-2
Added Pin To Net: NetName=NetAXP202_LDO1 Pin=C9-1
Added Pin To Net: NetName=NetAXP202_LDO24IN Pin=C9-1
Added Pin To Net: NetName=NetAXP202_DC3SET Pin=C9-2
Added Pin To Net: NetName=NetC6_2 Pin=C9-2
Added Pin To Net: NetName=NetADV7125_13 Pin=C17-1
Added Pin To Net: NetName=NetAXP202_LDO4 Pin=C17-1
Added Pin To Net: NetName=NetC6_2 Pin=C17-2
Added Pin To Net: NetName=NetC12_1 Pin=C17-2
Added Pin To Net: NetName=NetC35_2 Pin=C37-1
Added Pin To Net: NetName=NetAllwinner A13_VMIC Pin=C38-1
Added Pin To Net: NetName=NetC35_2 Pin=C38-1
Added Pin To Net: NetName=NetC3_2 Pin=C38-2
Added Pin To Net: NetName=NetC12_1 Pin=L1-1
Added Pin To Net: NetName=NetAllwinner A13_MICIN1 Pin=MK1-1
Added Pin To Net: NetName=NetC3_2 Pin=MK1-2
Added Pin To Net: NetName=NetC3_1 Pin=R1-1
Added Pin To Net: NetName=NetC4_1 Pin=R1-2
Added Pin To Net: NetName=NetAllwinner A13_VMIC Pin=R3-1
Added Pin To Net: NetName=NetC3_1 Pin=R3-2
Added Pin To Net: NetName=NetC33_2 Pin=R7-1
Added Pin To Net: NetName=NetR7_1 Pin=R7-1
Added Pin To Net: NetName=NetC8_1 Pin=R7-2
Added Pin To Net: NetName=NetD1_A Pin=R7-2
Change Net Name : Old Net Name=NetADV7125_1 New Net Name=NetADV1_1
Change Net Name : Old Net Name=NetADV7125_3 New Net Name=NetADV1_3
Change Net Name : Old Net Name=NetADV7125_4 New Net Name=NetADV1_4
Change Net Name : Old Net Name=NetADV7125_6 New Net Name=NetADV1_6
Change Net Name : Old Net Name=NetADV7125_7 New Net Name=NetADV1_7
Change Net Name : Old Net Name=NetADV7125_8 New Net Name=NetADV1_8
Change Net Name : Old Net Name=NetADV7125_13 New Net Name=NetADV1_13
Change Net Name : Old Net Name=NetADV7125_16 New Net Name=NetADV1_16
Change Net Name : Old Net Name=NetADV7125_19 New Net Name=NetADV1_19
Change Net Name : Old Net Name=NetADV7125_27 New Net Name=NetADV1_27
Change Net Name : Old Net Name=NetADV7125_31 New Net Name=NetADV1_31
Change Net Name : Old Net Name=NetADV7125_33 New Net Name=NetADV1_33
Change Net Name : Old Net Name=NetADV7125_35 New Net Name=NetADV1_35
Change Net Name : Old Net Name=NetADV7125_37 New Net Name=NetADV1_37
Change Net Name : Old Net Name=NetADV7125_41 New Net Name=NetADV1_41
Change Net Name : Old Net Name=NetADV7125_42 New Net Name=NetADV1_42
Change Net Name : Old Net Name=NetADV7125_44 New Net Name=NetADV1_44
Change Net Name : Old Net Name=NetADV7125_45 New Net Name=NetADV1_45
Change Net Name : Old Net Name=NetADV7125_46 New Net Name=NetADV1_46
Change Net Name : Old Net Name=NetAllwinner A13_CSI_PCLK/SPI2_CS0/EINT14/PE0 New Net Name=NetAllwinner A1_CSI_PCLK/SPI2_CS0/EINT14/PE0
Change Net Name : Old Net Name=NetAllwinner A13_DDR3_A0 New Net Name=NetAllwinner A1_DDR3_A0
Change Net Name : Old Net Name=NetAllwinner A13_DDR3_A1 New Net Name=NetAllwinner A1_DDR3_A1
Change Net Name : Old Net Name=NetAllwinner A13_DDR3_A2 New Net Name=NetAllwinner A1_DDR3_A2
Change Net Name : Old Net Name=NetAllwinner A13_DDR3_A3 New Net Name=NetAllwinner A1_DDR3_A3
Change Net Name : Old Net Name=NetAllwinner A13_DDR3_A4 New Net Name=NetAllwinner A1_DDR3_A4
Change Net Name : Old Net Name=NetAllwinner A13_DDR3_A5 New Net Name=NetAllwinner A1_DDR3_A5
Change Net Name : Old Net Name=NetAllwinner A13_DDR3_A6 New Net Name=NetAllwinner A1_DDR3_A6
Change Net Name : Old Net Name=NetAllwinner A13_DDR3_A7 New Net Name=NetAllwinner A1_DDR3_A7
Change Net Name : Old Net Name=NetAllwinner A13_DDR3_A8 New Net Name=NetAllwinner A1_DDR3_A8
Change Net Name : Old Net Name=NetAllwinner A13_DDR3_A9 New Net Name=NetAllwinner A1_DDR3_A9
Change Net Name : Old Net Name=NetAllwinner A13_DDR3_A10 New Net Name=NetAllwinner A1_DDR3_A10
Change Net Name : Old Net Name=NetAllwinner A13_DDR3_A11 New Net Name=NetAllwinner A1_DDR3_A11
Change Net Name : Old Net Name=NetAllwinner A13_DDR3_A12 New Net Name=NetAllwinner A1_DDR3_A12
Change Net Name : Old Net Name=NetAllwinner A13_DDR3_BA0 New Net Name=NetAllwinner A1_DDR3_BA0
Change Net Name : Old Net Name=NetAllwinner A13_DDR3_CAS New Net Name=NetAllwinner A1_DDR3_CAS
Change Net Name : Old Net Name=NetAllwinner A13_DDR3_DQS0 New Net Name=NetAllwinner A1_DDR3_DQS0
Change Net Name : Old Net Name=NetAllwinner A13_DDR3_DQS1 New Net Name=NetAllwinner A1_DDR3_DQS1
Change Net Name : Old Net Name=NetAllwinner A13_DDR3_RAS New Net Name=NetAllwinner A1_DDR3_RAS
Change Net Name : Old Net Name=NetAllwinner A13_DDR3_WE New Net Name=NetAllwinner A1_DDR3_WE
Change Net Name : Old Net Name=NetAllwinner A13_HPCOM New Net Name=NetAllwinner A1_HPCOM
Change Net Name : Old Net Name=NetAllwinner A13_HPOUTR New Net Name=NetAllwinner A1_HPOUTR
Change Net Name : Old Net Name=NetAllwinner A13_LCD_HSYNC/PD26 New Net Name=NetAllwinner A1_LCD_HSYNC/PD26
Change Net Name : Old Net Name=NetAllwinner A13_LCD_VSYNC/PD27 New Net Name=NetAllwinner A1_LCD_VSYNC/PD27
Change Net Name : Old Net Name=NetAllwinner A13_MICIN1 New Net Name=NetAllwinner A1_MICIN1
Change Net Name : Old Net Name=NetAllwinner A13_SDC0_CMD/PF3 New Net Name=NetAllwinner A1_SDC0_CMD/PF3
Change Net Name : Old Net Name=NetAllwinner A13_SDC0_D3/PF4 New Net Name=NetAllwinner A1_SDC0_D3/PF4
Change Net Name : Old Net Name=NetAllwinner A13_SDCO_D2/PF5 New Net Name=NetAllwinner A1_SDCO_D2/PF5
Change Net Name : Old Net Name=NetAllwinner A13_TWI0-SCK/PB0 New Net Name=NetAllwinner A1_TWI0-SCK/PB0
Change Net Name : Old Net Name=NetAllwinner A13_UDM1 New Net Name=NetAllwinner A1_UDM1
Change Net Name : Old Net Name=NetAllwinner A13_UDP0 New Net Name=NetAllwinner A1_UDP0
Change Net Name : Old Net Name=NetAllwinner A13_UDP1 New Net Name=NetAllwinner A1_UDP1
Change Net Name : Old Net Name=NetAllwinner A13_V33_USB New Net Name=NetAllwinner A1_V33_USB
Change Net Name : Old Net Name=NetAllwinner A13_VMIC New Net Name=NetAllwinner A1_VMIC
Change Net Name : Old Net Name=NetAXP202_ACIN New Net Name=NetAXP1_ACIN
Change Net Name : Old Net Name=NetAXP202_APS New Net Name=NetAXP1_APS
Change Net Name : Old Net Name=NetAXP202_DC3SET New Net Name=NetAXP1_DC3SET
Change Net Name : Old Net Name=NetAXP202_GPIO0 New Net Name=NetAXP1_GPIO0
Change Net Name : Old Net Name=NetAXP202_IPSOUT1 New Net Name=NetAXP1_IPSOUT1
Change Net Name : Old Net Name=NetAXP202_LDO1 New Net Name=NetAXP1_LDO1
Change Net Name : Old Net Name=NetAXP202_LDO3IN New Net Name=NetAXP1_LDO3IN
Change Net Name : Old Net Name=NetAXP202_LDO4 New Net Name=NetAXP1_LDO4
Change Net Name : Old Net Name=NetAXP202_LDO24IN New Net Name=NetAXP1_LDO24IN
Change Net Name : Old Net Name=NetAXP202_LX1 New Net Name=NetAXP1_LX1
Change Net Name : Old Net Name=NetAXP202_LX2 New Net Name=NetAXP1_LX2
Change Net Name : Old Net Name=NetAXP202_LX New Net Name=NetAXP1_LX
Change Net Name : Old Net Name=NetAXP202_PGND1 New Net Name=NetAXP1_PGND1
Change Net Name : Old Net Name=NetAXP202_PGND3 New Net Name=NetAXP1_PGND3
Change Net Name : Old Net Name=NetAXP202_PWRON New Net Name=NetAXP1_PWRON
Change Net Name : Old Net Name=NetAXP202_TS New Net Name=NetAXP1_TS
Change Net Name : Old Net Name=NetAXP202_VBUS New Net Name=NetAXP1_VBUS
Change Net Name : Old Net Name=NetAXP202_VINT New Net Name=NetAXP1_VINT
Change Net Name : Old Net Name=NetC1_2 New Net Name=NetC29_2
Change Net Name : Old Net Name=NetC5_1 New Net Name=NetC12_1
Change Net Name : Old Net Name=NetC5_2 New Net Name=NetC12_2
Change Net Name : Old Net Name=NetC6_1 New Net Name=NetC5_1
Change Net Name : Old Net Name=NetC6_2 New Net Name=NetC1_1
Change Net Name : Old Net Name=NetC10_2 New Net Name=NetC28_2
Change Net Name : Old Net Name=NetC11_2 New Net Name=NetC35_2
Change Net Name : Old Net Name=NetC12_1 New Net Name=NetC17_2
Change Net Name : Old Net Name=NetC19_1 New Net Name=NetC30_1
Change Net Name : Old Net Name=NetC19_2 New Net Name=NetC30_2
Change Net Name : Old Net Name=NetC20_2 New Net Name=NetC31_2
Change Net Name : Old Net Name=NetC21_1 New Net Name=NetC26_1
Change Net Name : Old Net Name=NetC21_2 New Net Name=NetC26_2
Change Net Name : Old Net Name=NetC26_1 New Net Name=NetC19_1
Change Net Name : Old Net Name=NetC27_1 New Net Name=NetC16_1
Change Net Name : Old Net Name=NetC28_2 New Net Name=NetC18_2
Change Net Name : Old Net Name=NetC31_1 New Net Name=NetC24_1
Change Net Name : Old Net Name=NetC32_2 New Net Name=NetC15_2
Change Net Name : Old Net Name=NetC33_2 New Net Name=NetC32_2
Change Net Name : Old Net Name=NetC34_1 New Net Name=NetC22_1
Change Net Name : Old Net Name=NetC35_2 New Net Name=NetC37_1
Change Net Name : Old Net Name=NetLAN9500_2 New Net Name=NetLAN1_2
Change Net Name : Old Net Name=NetLAN9500_3 New Net Name=NetLAN1_3
Change Net Name : Old Net Name=NetLAN9500_5 New Net Name=NetLAN1_5
Change Net Name : Old Net Name=NetLAN9500_6 New Net Name=NetLAN1_6
Change Net Name : Old Net Name=NetU$3_TEST0 New Net Name=NetU$2_TEST0
Change Net Name : Old Net Name=NetU$3_USBDN1 New Net Name=NetU$2_USBDN1
Change Net Name : Old Net Name=NetU$3_USBDN2 New Net Name=NetU$2_USBDN2
Change Net Name : Old Net Name=NetU$3_USBDN3 New Net Name=NetU$2_USBDN3
Change Net Name : Old Net Name=NetU$3_USBDN4 New Net Name=NetU$2_USBDN4
Change Net Name : Old Net Name=NetU$3_USBDN5 New Net Name=NetU$2_USBDN5
Change Net Name : Old Net Name=NetU$3_USBDN6 New Net Name=NetU$2_USBDN6
Change Net Name : Old Net Name=NetU$3_USBDP1 New Net Name=NetU$2_USBDP1
Change Net Name : Old Net Name=NetU$3_USBDP2 New Net Name=NetU$2_USBDP2
Change Net Name : Old Net Name=NetU$3_USBDP3 New Net Name=NetU$2_USBDP3
Change Net Name : Old Net Name=NetU$3_USBDP4 New Net Name=NetU$2_USBDP4
Change Net Name : Old Net Name=NetU$3_USBDP5 New Net Name=NetU$2_USBDP5
