Removed Pin From Net: NetName=NetC?_2 Pin=C?-2
Removed Pin From Net: NetName=NetC?_2 Pin=J19-1
Removed Pin From Net: NetName=NetC?_2 Pin=J25-1
Removed Pin From Net: NetName=NetC?_2 Pin=MK?-2
Removed Pin From Net: NetName=NetC?_2 Pin=R?-1
Removed Pin From Net: NetName=NetD?_A Pin=R?-2
Removed Pin From Net: NetName=NetS1_1A Pin=S1-1A
Removed Pin From Net: NetName=NetS1_1A Pin=S1-1B
Removed Pin From Net: NetName=NetU$1_LCD_D3/PD3 Pin=U$1-LCD_D3/PD3
Removed Pin From Net: NetName=NetU$1_LCD_D4/PD4 Pin=U$1-LCD_D4/PD4
Removed Pin From Net: NetName=NetU$1_LCD_D2/PD2 Pin=U$3-18
Removed Pin From Net: NetName=NetU$1_LCD_D3/PD3 Pin=U$3-19
Removed Pin From Net: NetName=NetU$1_LCD_D4/PD4 Pin=U$3-20
Removed Pin From Net: NetName=NetU$1_LCD_D7/PD7 Pin=U$3-21
Removed Pin From Net: NetName=NetC?_2 Pin=U$4-ACIN1
Removed Pin From Net: NetName=NetC?_2 Pin=U$4-ACIN
Removed Pin From Net: NetName=NetC?_2 Pin=U$4-APS
Removed Pin From Net: NetName=NetC?_2 Pin=U$4-GPIO0
Removed Pin From Net: NetName=NetC?_2 Pin=U$4-IPSOUT1
Removed Pin From Net: NetName=NetC?_2 Pin=U$4-LDO1
Removed Pin From Net: NetName=NetS1_1A Pin=U$4-PWRON
Removed Pin From Net: NetName=NetC?_2 Pin=U$4-VBUS
Removed Pin From Net: NetName=NetC?_2 Pin=U$4-VINT
Removed Pin From Net: NetName=NetC?_2 Pin=U$7-18
Removed Pin From Net: NetName=NetC?_2 Pin=U$7-21
Removed Pin From Net: NetName=NetC?_2 Pin=U$7-25
Removed Pin From Net: NetName=NetC?_1 Pin=U$7-51
Removed Pin From Net: NetName=NetC?_2 Pin=U$11-XTAL1/CLKIN
Added Component: Designator=C?(RAD-0.3)
Added Pin To Net: NetName=NetC2_1 Pin=C?-1
Added Pin To Net: NetName=NetC2_1 Pin=C?-1
Added Pin To Net: NetName=NetC2_1 Pin=C?-1
Added Pin To Net: NetName=NetC?_1 Pin=C?-1
Added Pin To Net: NetName=NetC?_1 Pin=C?-1
Added Pin To Net: NetName=NetC?_1 Pin=C?-1
Added Pin To Net: NetName=NetC?_1 Pin=C?-1
Added Pin To Net: NetName=NetC?_1 Pin=C?-1
Added Pin To Net: NetName=NetC?_1 Pin=C?-1
Added Pin To Net: NetName=NetC?_1 Pin=C?-1
Added Pin To Net: NetName=NetC?_1 Pin=C?-1
Added Pin To Net: NetName=NetC?_1 Pin=C?-1
Added Pin To Net: NetName=NetC?_1 Pin=C?-1
Added Pin To Net: NetName=NetC?_1 Pin=C?-1
Added Pin To Net: NetName=NetC?_1 Pin=C?-1
Added Pin To Net: NetName=NetC?_1 Pin=C?-1
Added Pin To Net: NetName=NetC?_1 Pin=C?-1
Added Pin To Net: NetName=NetC?_1 Pin=C?-1
Added Pin To Net: NetName=NetC?_1 Pin=C?-1
Added Pin To Net: NetName=NetC?_1 Pin=C?-1
Added Pin To Net: NetName=NetC?_1 Pin=C?-1
Added Pin To Net: NetName=NetC?_1 Pin=C?-1
Added Pin To Net: NetName=NetC?_1 Pin=C?-1
Added Pin To Net: NetName=NetC?_1 Pin=C?-1
Added Pin To Net: NetName=NetC?_1 Pin=C?-1
Added Pin To Net: NetName=NetC?_1 Pin=C?-1
Added Pin To Net: NetName=NetC?_1 Pin=C?-1
Added Pin To Net: NetName=NetC?_2 Pin=C?-1
Added Pin To Net: NetName=NetC?_2 Pin=C?-1
Added Pin To Net: NetName=NetC?_2 Pin=C?-1
Added Pin To Net: NetName=NetC?_2 Pin=C?-1
Added Pin To Net: NetName=NetC?_2 Pin=C?-1
Added Pin To Net: NetName=N$232 Pin=C?-2
Added Pin To Net: NetName=NetC2_1 Pin=C?-2
Added Pin To Net: NetName=NetC2_1 Pin=C?-2
Added Pin To Net: NetName=NetC2_1 Pin=C?-2
Added Pin To Net: NetName=NetC2_1 Pin=C?-2
Added Pin To Net: NetName=NetC?_1 Pin=C?-2
Added Pin To Net: NetName=NetC?_1 Pin=C?-2
Added Pin To Net: NetName=NetC?_1 Pin=C?-2
Added Pin To Net: NetName=NetC?_1 Pin=C?-2
Added Pin To Net: NetName=NetC?_1 Pin=C?-2
Added Pin To Net: NetName=NetC?_1 Pin=C?-2
Added Pin To Net: NetName=NetC?_1 Pin=C?-2
Added Pin To Net: NetName=NetC?_2 Pin=C?-2
Added Pin To Net: NetName=NetC?_2 Pin=C?-2
Added Pin To Net: NetName=NetC?_2 Pin=C?-2
Added Pin To Net: NetName=NetC?_2 Pin=C?-2
Added Pin To Net: NetName=NetC?_2 Pin=C?-2
Added Pin To Net: NetName=NetC?_2 Pin=C?-2
Added Pin To Net: NetName=NetC?_2 Pin=C?-2
Added Pin To Net: NetName=NetC?_2 Pin=C?-2
Added Pin To Net: NetName=NetC?_2 Pin=C?-2
Added Pin To Net: NetName=NetC?_2 Pin=C?-2
Added Pin To Net: NetName=NetC?_2 Pin=C?-2
Added Pin To Net: NetName=NetC?_2 Pin=C?-2
Added Pin To Net: NetName=NetC?_2 Pin=C?-2
Added Pin To Net: NetName=NetC?_2 Pin=C?-2
Added Pin To Net: NetName=NetC?_2 Pin=C?-2
Added Pin To Net: NetName=NetC?_2 Pin=C?-2
Added Pin To Net: NetName=NetC?_2 Pin=C?-2
Added Pin To Net: NetName=NetC?_2 Pin=C?-2
Added Pin To Net: NetName=NetC?_2 Pin=C?-2
Added Pin To Net: NetName=NetS1_1A Pin=C?-2
Added Pin To Net: NetName=NetU$1_LCD_D3/PD3 Pin=C?-2
Added Pin To Net: NetName=NetD?_A Pin=D?-A
Added Pin To Net: NetName=NetC?_1 Pin=D?-C
Added Pin To Net: NetName=NetC?_1 Pin=D?-C
Added Pin To Net: NetName=NetC?_2 Pin=J19-1
Added Pin To Net: NetName=NetC?_2 Pin=J25-1
Added Pin To Net: NetName=NetC?_1 Pin=J25-2
Added Pin To Net: NetName=NetC?_2 Pin=MK?-2
Added Pin To Net: NetName=NetC?_1 Pin=R?-1
Added Pin To Net: NetName=NetC?_1 Pin=R?-1
Added Pin To Net: NetName=NetC?_2 Pin=R?-1
Added Pin To Net: NetName=NetC?_2 Pin=R?-1
Added Pin To Net: NetName=NetC?_2 Pin=R?-1
Added Pin To Net: NetName=NetC?_1 Pin=R?-2
Added Pin To Net: NetName=NetC?_1 Pin=R?-2
Added Pin To Net: NetName=NetD?_A Pin=R?-2
Added Pin To Net: NetName=NetD?_A Pin=R?-2
Added Pin To Net: NetName=NetC?_1 Pin=S1-1A
Added Pin To Net: NetName=NetC?_1 Pin=U$1-HPCOM
Added Pin To Net: NetName=NetC?_1 Pin=U$1-HPOUTL
Added Pin To Net: NetName=NetC?_1 Pin=U$1-HPOUTR
Added Pin To Net: NetName=NetC?_1 Pin=U$1-VMIC
Added Pin To Net: NetName=NetU$1_LCD_D2/PD2 Pin=U$3-16
Added Pin To Net: NetName=NetU$1_LCD_D7/PD7 Pin=U$3-19
Added Pin To Net: NetName=NetC?_2 Pin=U$3-40
Added Pin To Net: NetName=NetC?_2 Pin=U$4-ACIN1
Added Pin To Net: NetName=NetC?_2 Pin=U$4-ACIN
Added Pin To Net: NetName=NetC?_2 Pin=U$4-AGND
Added Pin To Net: NetName=NetC?_2 Pin=U$4-APS
Added Pin To Net: NetName=NetC?_2 Pin=U$4-BATSENSE
Added Pin To Net: NetName=NetC?_2 Pin=U$4-CHSENSE
Added Pin To Net: NetName=NetS1_1A Pin=U$4-DC3SET
Added Pin To Net: NetName=NetC?_2 Pin=U$4-GPIO0
Added Pin To Net: NetName=NetC?_2 Pin=U$4-IPSOUT1
Added Pin To Net: NetName=NetC?_1 Pin=U$4-LDO1
Added Pin To Net: NetName=NetC?_2 Pin=U$4-LDO3
Added Pin To Net: NetName=NetC?_1 Pin=U$4-LDO4
Added Pin To Net: NetName=NetC?_1 Pin=U$4-LDO24IN
Added Pin To Net: NetName=NetC?_2 Pin=U$4-N_OE
Added Pin To Net: NetName=NetC?_1 Pin=U$4-PGND1
Added Pin To Net: NetName=NetC?_2 Pin=U$4-PGND2
Added Pin To Net: NetName=NetC?_2 Pin=U$4-PGND3
Added Pin To Net: NetName=NetC?_1 Pin=U$4-PWROK
Added Pin To Net: NetName=NetC?_1 Pin=U$4-PWRON
Added Pin To Net: NetName=NetC?_2 Pin=U$4-SCK
Added Pin To Net: NetName=NetU$1_LCD_D3/PD3 Pin=U$4-VBUS
Added Pin To Net: NetName=NetC?_2 Pin=U$4-VIN2
Added Pin To Net: NetName=NetC?_1 Pin=U$4-VIN3
Added Pin To Net: NetName=NetC?_2 Pin=U$4-VINT
Added Pin To Net: NetName=NetC?_2 Pin=U$4-VREF
Added Pin To Net: NetName=NetC?_1 Pin=U$6-GND
Added Pin To Net: NetName=NetC?_2 Pin=U$7-18
Added Pin To Net: NetName=NetC?_2 Pin=U$7-21
Added Pin To Net: NetName=NetC?_2 Pin=U$7-25
Added Pin To Net: NetName=NetC?_1 Pin=U$7-51
Added Pin To Net: NetName=NetC?_1 Pin=U$7-52
Added Pin To Net: NetName=NetC?_1 Pin=U$10-LEFT2
Added Pin To Net: NetName=NetC?_1 Pin=U$10-RIGHT1
Added Pin To Net: NetName=NetC?_1 Pin=U$10-RIGHT2
Added Pin To Net: NetName=NetU$1_LCD_D4/PD4 Pin=U$11-USBDN5
Added Pin To Net: NetName=NetC?_2 Pin=U$11-XTAL1/CLKIN
Added Pin To Net: NetName=NetC?_1 Pin=U$11-XTAL2
Added Pin To Net: NetName=NetC?_1 Pin=X2-1
Added Pin To Net: NetName=NetC?_1 Pin=X2-1
Added Pin To Net: NetName=NetC?_1 Pin=X2-1
Added Pin To Net: NetName=NetC?_1 Pin=X3-1
Added Pin To Net: NetName=NetC?_1 Pin=X3-1
Added Pin To Net: NetName=NetC?_1 Pin=X3-1
Added Pin To Net: NetName=NetC?_1 Pin=X4-1
Added Pin To Net: NetName=NetC?_1 Pin=X4-1
Added Pin To Net: NetName=NetC?_1 Pin=X4-1
Added Pin To Net: NetName=NetC?_2 Pin=X4-4
Added Pin To Net: NetName=NetC?_1 Pin=X5-1
Added Pin To Net: NetName=NetC?_1 Pin=X5-1
Added Pin To Net: NetName=NetC?_1 Pin=X5-1
Added Pin To Net: NetName=NetU$1_LCD_D4/PD4 Pin=X5-3
Added Pin To Net: NetName=NetC?_2 Pin=X5-4
Added Pin To Net: NetName=NetC?_1 Pin=X7-1
Added Pin To Net: NetName=NetC?_1 Pin=X7-1
Added Pin To Net: NetName=NetC?_1 Pin=X7-1
Added Pin To Net: NetName=NetC?_1 Pin=X7-4
Change Net Name : Old Net Name=NetC?_1 New Net Name=NetC2_2
Change Net Name : Old Net Name=NetC?_2 New Net Name=NetC?_1
Change Net Name : Old Net Name=NetC?_2 New Net Name=NetC?_1
Change Net Name : Old Net Name=NetS1_1A New Net Name=NetC?_2
Change Net Name : Old Net Name=NetU$1_LCD_D3/PD3 New Net Name=NetC?_2
Change Net Name : Old Net Name=NetU$1_LCD_D4/PD4 New Net Name=NetU$11_USBDN5
Change Net Name : Old Net Name=NetU$11_SELF_PWR New Net Name=GND
